11:34:45.665 [TestNG-tests-1] INFO  resources.Log - Onstart
11:34:45.703 [TestNG-tests-1] INFO  resources.Log - Reading the Property file
11:34:45.703 [TestNG-tests-1] INFO  resources.Log - The Value of the Mode Fetched from the Properties: head
11:34:45.703 [TestNG-tests-1] INFO  resources.Log - Fetching the Browser value as firefox
11:34:45.703 [TestNG-tests-1] INFO  resources.Log - Invoking the firefox Browser
11:34:56.057 [TestNG-tests-1] INFO  resources.Log - Maximized the Browser window
11:34:56.222 [TestNG-tests-1] INFO  resources.Log - Listener OnTestStart method test
11:34:56.223 [TestNG-tests-1] INFO  resources.Log - ****************************************************************************************
11:34:56.232 [TestNG-tests-1] INFO  resources.Log - ****************************************************************************************
11:34:56.233 [TestNG-tests-1] INFO  resources.Log - $$$$$$$$$$$$$$$$$$$$$                 test       $$$$$$$$$$$$$$$$$$$$$$$$$
11:34:56.233 [TestNG-tests-1] INFO  resources.Log - ****************************************************************************************
11:34:56.233 [TestNG-tests-1] INFO  resources.Log - ****************************************************************************************
11:35:01.465 [TestNG-tests-1] INFO  resources.Log - XXXXXXXXXXXXXXXXXXXXXXX             -E---N---D-             XXXXXXXXXXXXXXXXXXXXXX
11:35:01.467 [TestNG-tests-1] INFO  resources.Log - X
11:35:01.467 [TestNG-tests-1] INFO  resources.Log - X
11:35:01.468 [TestNG-tests-1] INFO  resources.Log - X
11:35:01.468 [TestNG-tests-1] INFO  resources.Log - X
11:35:06.319 [TestNG-tests-1] INFO  resources.Log - came to flush
11:35:10.212 [TestNG-tests-1] INFO  resources.Log - Zipping of AutomationReports successfully
11:35:38.344 [TestNG-tests-1] INFO  resources.Log - Onstart
11:35:38.381 [TestNG-tests-1] INFO  resources.Log - Reading the Property file
11:35:38.382 [TestNG-tests-1] INFO  resources.Log - The Value of the Mode Fetched from the Properties: head
11:35:38.382 [TestNG-tests-1] INFO  resources.Log - Fetching the Browser value as firefox
11:35:38.382 [TestNG-tests-1] INFO  resources.Log - Invoking the firefox Browser
11:35:45.608 [TestNG-tests-1] INFO  resources.Log - Maximized the Browser window
11:35:45.651 [TestNG-tests-1] INFO  resources.Log - Listener OnTestStart method test
11:35:45.651 [TestNG-tests-1] INFO  resources.Log - ****************************************************************************************
11:35:45.651 [TestNG-tests-1] INFO  resources.Log - ****************************************************************************************
11:35:45.651 [TestNG-tests-1] INFO  resources.Log - $$$$$$$$$$$$$$$$$$$$$                 test       $$$$$$$$$$$$$$$$$$$$$$$$$
11:35:45.652 [TestNG-tests-1] INFO  resources.Log - ****************************************************************************************
11:35:45.652 [TestNG-tests-1] INFO  resources.Log - ****************************************************************************************
11:35:50.016 [TestNG-tests-1] INFO  resources.Log - XXXXXXXXXXXXXXXXXXXXXXX             -E---N---D-             XXXXXXXXXXXXXXXXXXXXXX
11:35:50.018 [TestNG-tests-1] INFO  resources.Log - X
11:35:50.021 [TestNG-tests-1] INFO  resources.Log - X
11:35:50.024 [TestNG-tests-1] INFO  resources.Log - X
11:35:50.026 [TestNG-tests-1] INFO  resources.Log - X
11:35:50.045 [TestNG-tests-1] INFO  resources.Log - came to flush
11:35:57.844 [TestNG-tests-1] INFO  resources.Log - Zipping of AutomationReports successfully
11:50:44.437 [TestNG-tests-1] INFO  resources.Log - Onstart
11:50:44.483 [TestNG-tests-1] INFO  resources.Log - Reading the Property file
11:50:44.483 [TestNG-tests-1] INFO  resources.Log - The Value of the Mode Fetched from the Properties: head
11:50:44.483 [TestNG-tests-1] INFO  resources.Log - Fetching the Browser value as firefox
11:50:44.484 [TestNG-tests-1] INFO  resources.Log - Invoking the firefox Browser
11:50:51.933 [TestNG-tests-1] INFO  resources.Log - Maximized the Browser window
11:50:51.971 [TestNG-tests-1] INFO  resources.Log - Listener OnTestStart method test
11:50:51.972 [TestNG-tests-1] INFO  resources.Log - ****************************************************************************************
11:50:51.972 [TestNG-tests-1] INFO  resources.Log - ****************************************************************************************
11:50:51.972 [TestNG-tests-1] INFO  resources.Log - $$$$$$$$$$$$$$$$$$$$$                 test       $$$$$$$$$$$$$$$$$$$$$$$$$
11:50:51.972 [TestNG-tests-1] INFO  resources.Log - ****************************************************************************************
11:50:51.972 [TestNG-tests-1] INFO  resources.Log - ****************************************************************************************
11:50:59.933 [TestNG-tests-1] INFO  resources.Log - XXXXXXXXXXXXXXXXXXXXXXX             -E---N---D-             XXXXXXXXXXXXXXXXXXXXXX
11:50:59.934 [TestNG-tests-1] INFO  resources.Log - X
11:50:59.934 [TestNG-tests-1] INFO  resources.Log - X
11:50:59.934 [TestNG-tests-1] INFO  resources.Log - X
11:50:59.934 [TestNG-tests-1] INFO  resources.Log - X
11:50:59.939 [TestNG-tests-1] INFO  resources.Log - came to flush
11:51:04.488 [TestNG-tests-1] INFO  resources.Log - Zipping of AutomationReports successfully
11:51:58.052 [TestNG-tests-1] INFO  resources.Log - Onstart
11:51:58.095 [TestNG-tests-1] INFO  resources.Log - Reading the Property file
11:51:58.096 [TestNG-tests-1] INFO  resources.Log - The Value of the Mode Fetched from the Properties: head
11:51:58.096 [TestNG-tests-1] INFO  resources.Log - Fetching the Browser value as firefox
11:51:58.096 [TestNG-tests-1] INFO  resources.Log - Invoking the firefox Browser
11:52:05.771 [TestNG-tests-1] INFO  resources.Log - Maximized the Browser window
11:52:05.807 [TestNG-tests-1] INFO  resources.Log - Listener OnTestStart method test
11:52:05.807 [TestNG-tests-1] INFO  resources.Log - ****************************************************************************************
11:52:05.808 [TestNG-tests-1] INFO  resources.Log - ****************************************************************************************
11:52:05.808 [TestNG-tests-1] INFO  resources.Log - $$$$$$$$$$$$$$$$$$$$$                 test       $$$$$$$$$$$$$$$$$$$$$$$$$
11:52:05.808 [TestNG-tests-1] INFO  resources.Log - ****************************************************************************************
11:52:05.809 [TestNG-tests-1] INFO  resources.Log - ****************************************************************************************
11:52:15.591 [TestNG-tests-1] INFO  resources.Log - XXXXXXXXXXXXXXXXXXXXXXX             -E---N---D-             XXXXXXXXXXXXXXXXXXXXXX
11:52:15.592 [TestNG-tests-1] INFO  resources.Log - X
11:52:15.593 [TestNG-tests-1] INFO  resources.Log - X
11:52:15.593 [TestNG-tests-1] INFO  resources.Log - X
11:52:15.594 [TestNG-tests-1] INFO  resources.Log - X
11:52:15.600 [TestNG-tests-1] INFO  resources.Log - came to flush
11:52:17.815 [TestNG-tests-1] INFO  resources.Log - Zipping of AutomationReports successfully
12:13:07.870 [TestNG-tests-1] INFO  resources.Log - Onstart
12:13:07.913 [TestNG-tests-1] INFO  resources.Log - Reading the Property file
12:13:07.914 [TestNG-tests-1] INFO  resources.Log - The Value of the Mode Fetched from the Properties: head
12:13:07.914 [TestNG-tests-1] INFO  resources.Log - Fetching the Browser value as firefox
12:13:07.914 [TestNG-tests-1] INFO  resources.Log - Invoking the firefox Browser
12:13:14.775 [TestNG-tests-1] INFO  resources.Log - Maximized the Browser window
12:13:14.804 [TestNG-tests-1] INFO  resources.Log - Listener OnTestStart method test
12:13:14.804 [TestNG-tests-1] INFO  resources.Log - ****************************************************************************************
12:13:14.804 [TestNG-tests-1] INFO  resources.Log - ****************************************************************************************
12:13:14.804 [TestNG-tests-1] INFO  resources.Log - $$$$$$$$$$$$$$$$$$$$$                 test       $$$$$$$$$$$$$$$$$$$$$$$$$
12:13:14.804 [TestNG-tests-1] INFO  resources.Log - ****************************************************************************************
12:13:14.805 [TestNG-tests-1] INFO  resources.Log - ****************************************************************************************
12:13:14.813 [TestNG-tests-1] INFO  resources.Log - Taking Screeshot of the webpage
12:13:15.279 [TestNG-tests-1] INFO  resources.Log - Adding the Screenshot to the Reports
12:13:15.284 [TestNG-tests-1] INFO  resources.Log - XXXXXXXXXXXXXXXXXXXXXXX             -E---N---D-             XXXXXXXXXXXXXXXXXXXXXX
12:13:15.285 [TestNG-tests-1] INFO  resources.Log - X
12:13:15.285 [TestNG-tests-1] INFO  resources.Log - X
12:13:15.285 [TestNG-tests-1] INFO  resources.Log - X
12:13:15.285 [TestNG-tests-1] INFO  resources.Log - X
12:13:15.290 [TestNG-tests-1] INFO  resources.Log - came to flush
12:13:16.355 [TestNG-tests-1] INFO  resources.Log - Zipping of AutomationReports successfully
12:14:51.113 [TestNG-tests-1] INFO  resources.Log - Onstart
12:14:51.152 [TestNG-tests-1] INFO  resources.Log - Reading the Property file
12:14:51.152 [TestNG-tests-1] INFO  resources.Log - The Value of the Mode Fetched from the Properties: head
12:14:51.152 [TestNG-tests-1] INFO  resources.Log - Fetching the Browser value as firefox
12:14:51.152 [TestNG-tests-1] INFO  resources.Log - Invoking the firefox Browser
12:14:58.211 [TestNG-tests-1] INFO  resources.Log - Maximized the Browser window
12:14:58.346 [TestNG-tests-1] INFO  resources.Log - Listener OnTestStart method test
12:14:58.347 [TestNG-tests-1] INFO  resources.Log - ****************************************************************************************
12:14:58.347 [TestNG-tests-1] INFO  resources.Log - ****************************************************************************************
12:14:58.347 [TestNG-tests-1] INFO  resources.Log - $$$$$$$$$$$$$$$$$$$$$                 test       $$$$$$$$$$$$$$$$$$$$$$$$$
12:14:58.348 [TestNG-tests-1] INFO  resources.Log - ****************************************************************************************
12:14:58.348 [TestNG-tests-1] INFO  resources.Log - ****************************************************************************************
12:15:01.175 [TestNG-tests-1] INFO  resources.Log - XXXXXXXXXXXXXXXXXXXXXXX             -E---N---D-             XXXXXXXXXXXXXXXXXXXXXX
12:15:01.175 [TestNG-tests-1] INFO  resources.Log - X
12:15:01.177 [TestNG-tests-1] INFO  resources.Log - X
12:15:01.177 [TestNG-tests-1] INFO  resources.Log - X
12:15:01.177 [TestNG-tests-1] INFO  resources.Log - X
12:15:01.181 [TestNG-tests-1] INFO  resources.Log - came to flush
12:15:03.096 [TestNG-tests-1] INFO  resources.Log - Zipping of AutomationReports successfully
12:16:51.332 [TestNG-tests-1] INFO  resources.Log - Onstart
12:16:51.359 [TestNG-tests-1] INFO  resources.Log - Reading the Property file
12:16:51.359 [TestNG-tests-1] INFO  resources.Log - The Value of the Mode Fetched from the Properties: head
12:16:51.359 [TestNG-tests-1] INFO  resources.Log - Fetching the Browser value as firefox
12:16:51.359 [TestNG-tests-1] INFO  resources.Log - Invoking the firefox Browser
12:16:59.810 [TestNG-tests-1] INFO  resources.Log - Maximized the Browser window
12:16:59.855 [TestNG-tests-1] INFO  resources.Log - Listener OnTestStart method test
12:16:59.855 [TestNG-tests-1] INFO  resources.Log - ****************************************************************************************
12:16:59.855 [TestNG-tests-1] INFO  resources.Log - ****************************************************************************************
12:16:59.855 [TestNG-tests-1] INFO  resources.Log - $$$$$$$$$$$$$$$$$$$$$                 test       $$$$$$$$$$$$$$$$$$$$$$$$$
12:16:59.855 [TestNG-tests-1] INFO  resources.Log - ****************************************************************************************
12:16:59.855 [TestNG-tests-1] INFO  resources.Log - ****************************************************************************************
12:17:02.604 [TestNG-tests-1] INFO  resources.Log - XXXXXXXXXXXXXXXXXXXXXXX             -E---N---D-             XXXXXXXXXXXXXXXXXXXXXX
12:17:02.604 [TestNG-tests-1] INFO  resources.Log - X
12:17:02.604 [TestNG-tests-1] INFO  resources.Log - X
12:17:02.604 [TestNG-tests-1] INFO  resources.Log - X
12:17:02.605 [TestNG-tests-1] INFO  resources.Log - X
12:17:02.609 [TestNG-tests-1] INFO  resources.Log - came to flush
12:17:04.790 [TestNG-tests-1] INFO  resources.Log - Zipping of AutomationReports successfully
12:29:51.381 [TestNG-tests-1] INFO  resources.Log - Onstart
12:29:51.417 [TestNG-tests-1] INFO  resources.Log - Reading the Property file
12:29:51.417 [TestNG-tests-1] INFO  resources.Log - The Value of the Mode Fetched from the Properties: head
12:29:51.417 [TestNG-tests-1] INFO  resources.Log - Fetching the Browser value as firefox
12:29:51.417 [TestNG-tests-1] INFO  resources.Log - Invoking the firefox Browser
12:30:05.109 [TestNG-tests-1] INFO  resources.Log - Maximized the Browser window
12:30:05.241 [TestNG-tests-1] INFO  resources.Log - Listener OnTestStart method test
12:30:05.241 [TestNG-tests-1] INFO  resources.Log - ****************************************************************************************
12:30:05.241 [TestNG-tests-1] INFO  resources.Log - ****************************************************************************************
12:30:05.242 [TestNG-tests-1] INFO  resources.Log - $$$$$$$$$$$$$$$$$$$$$                 test       $$$$$$$$$$$$$$$$$$$$$$$$$
12:30:05.242 [TestNG-tests-1] INFO  resources.Log - ****************************************************************************************
12:30:05.243 [TestNG-tests-1] INFO  resources.Log - ****************************************************************************************
12:30:08.912 [TestNG-tests-1] INFO  resources.Log - XXXXXXXXXXXXXXXXXXXXXXX             -E---N---D-             XXXXXXXXXXXXXXXXXXXXXX
12:30:08.912 [TestNG-tests-1] INFO  resources.Log - X
12:30:08.912 [TestNG-tests-1] INFO  resources.Log - X
12:30:08.913 [TestNG-tests-1] INFO  resources.Log - X
12:30:08.913 [TestNG-tests-1] INFO  resources.Log - X
12:30:08.919 [TestNG-tests-1] INFO  resources.Log - came to flush
12:30:13.577 [TestNG-tests-1] INFO  resources.Log - Zipping of AutomationReports successfully
12:34:47.205 [TestNG-tests-1] INFO  resources.Log - Onstart
12:34:47.240 [TestNG-tests-1] INFO  resources.Log - Reading the Property file
12:34:47.240 [TestNG-tests-1] INFO  resources.Log - The Value of the Mode Fetched from the Properties: head
12:34:47.240 [TestNG-tests-1] INFO  resources.Log - Fetching the Browser value as firefox
12:34:47.240 [TestNG-tests-1] INFO  resources.Log - Invoking the firefox Browser
12:35:03.050 [TestNG-tests-1] INFO  resources.Log - Maximized the Browser window
12:35:03.398 [TestNG-tests-1] INFO  resources.Log - Listener OnTestStart method test
12:35:03.399 [TestNG-tests-1] INFO  resources.Log - ****************************************************************************************
12:35:03.399 [TestNG-tests-1] INFO  resources.Log - ****************************************************************************************
12:35:03.400 [TestNG-tests-1] INFO  resources.Log - $$$$$$$$$$$$$$$$$$$$$                 test       $$$$$$$$$$$$$$$$$$$$$$$$$
12:35:03.400 [TestNG-tests-1] INFO  resources.Log - ****************************************************************************************
12:35:03.401 [TestNG-tests-1] INFO  resources.Log - ****************************************************************************************
12:35:08.009 [TestNG-tests-1] INFO  resources.Log - XXXXXXXXXXXXXXXXXXXXXXX             -E---N---D-             XXXXXXXXXXXXXXXXXXXXXX
12:35:08.010 [TestNG-tests-1] INFO  resources.Log - X
12:35:08.010 [TestNG-tests-1] INFO  resources.Log - X
12:35:08.010 [TestNG-tests-1] INFO  resources.Log - X
12:35:08.011 [TestNG-tests-1] INFO  resources.Log - X
12:35:08.014 [TestNG-tests-1] INFO  resources.Log - came to flush
12:35:19.510 [TestNG-tests-1] INFO  resources.Log - Zipping of AutomationReports successfully
12:40:40.534 [TestNG-tests-1] INFO  resources.Log - Onstart
12:40:40.560 [TestNG-tests-1] INFO  resources.Log - Reading the Property file
12:40:40.560 [TestNG-tests-1] INFO  resources.Log - The Value of the Mode Fetched from the Properties: head
12:40:40.560 [TestNG-tests-1] INFO  resources.Log - Fetching the Browser value as firefox
12:40:40.560 [TestNG-tests-1] INFO  resources.Log - Invoking the firefox Browser
12:40:54.813 [TestNG-tests-1] INFO  resources.Log - Maximized the Browser window
12:40:54.970 [TestNG-tests-1] INFO  resources.Log - Listener OnTestStart method test
12:40:54.971 [TestNG-tests-1] INFO  resources.Log - ****************************************************************************************
12:40:54.972 [TestNG-tests-1] INFO  resources.Log - ****************************************************************************************
12:40:54.972 [TestNG-tests-1] INFO  resources.Log - $$$$$$$$$$$$$$$$$$$$$                 test       $$$$$$$$$$$$$$$$$$$$$$$$$
12:40:54.973 [TestNG-tests-1] INFO  resources.Log - ****************************************************************************************
12:40:54.974 [TestNG-tests-1] INFO  resources.Log - ****************************************************************************************
12:41:08.392 [TestNG-tests-1] INFO  resources.Log - Taking Screeshot of the webpage
12:41:08.603 [TestNG-tests-1] INFO  resources.Log - Adding the Screenshot to the Reports
12:41:08.613 [TestNG-tests-1] INFO  resources.Log - XXXXXXXXXXXXXXXXXXXXXXX             -E---N---D-             XXXXXXXXXXXXXXXXXXXXXX
12:41:08.613 [TestNG-tests-1] INFO  resources.Log - X
12:41:08.613 [TestNG-tests-1] INFO  resources.Log - X
12:41:08.613 [TestNG-tests-1] INFO  resources.Log - X
12:41:08.613 [TestNG-tests-1] INFO  resources.Log - X
12:41:08.625 [TestNG-tests-1] INFO  resources.Log - came to flush
12:41:12.657 [TestNG-tests-1] INFO  resources.Log - Zipping of AutomationReports successfully
12:41:51.011 [TestNG-tests-1] INFO  resources.Log - Onstart
12:41:51.048 [TestNG-tests-1] INFO  resources.Log - Reading the Property file
12:41:51.048 [TestNG-tests-1] INFO  resources.Log - The Value of the Mode Fetched from the Properties: head
12:41:51.049 [TestNG-tests-1] INFO  resources.Log - Fetching the Browser value as firefox
12:41:51.049 [TestNG-tests-1] INFO  resources.Log - Invoking the firefox Browser
12:42:02.674 [TestNG-tests-1] INFO  resources.Log - Maximized the Browser window
12:42:02.795 [TestNG-tests-1] INFO  resources.Log - Listener OnTestStart method test
12:42:02.796 [TestNG-tests-1] INFO  resources.Log - ****************************************************************************************
12:42:02.797 [TestNG-tests-1] INFO  resources.Log - ****************************************************************************************
12:42:02.797 [TestNG-tests-1] INFO  resources.Log - $$$$$$$$$$$$$$$$$$$$$                 test       $$$$$$$$$$$$$$$$$$$$$$$$$
12:42:02.797 [TestNG-tests-1] INFO  resources.Log - ****************************************************************************************
12:42:02.798 [TestNG-tests-1] INFO  resources.Log - ****************************************************************************************
12:42:07.376 [TestNG-tests-1] INFO  resources.Log - XXXXXXXXXXXXXXXXXXXXXXX             -E---N---D-             XXXXXXXXXXXXXXXXXXXXXX
12:42:07.376 [TestNG-tests-1] INFO  resources.Log - X
12:42:07.376 [TestNG-tests-1] INFO  resources.Log - X
12:42:07.378 [TestNG-tests-1] INFO  resources.Log - X
12:42:07.378 [TestNG-tests-1] INFO  resources.Log - X
12:42:07.384 [TestNG-tests-1] INFO  resources.Log - came to flush
12:42:15.669 [TestNG-tests-1] INFO  resources.Log - Zipping of AutomationReports successfully
12:50:35.178 [TestNG-tests-1] INFO  resources.Log - Onstart
12:50:35.216 [TestNG-tests-1] INFO  resources.Log - Reading the Property file
12:50:35.216 [TestNG-tests-1] INFO  resources.Log - The Value of the Mode Fetched from the Properties: head
12:50:35.216 [TestNG-tests-1] INFO  resources.Log - Fetching the Browser value as firefox
12:50:35.217 [TestNG-tests-1] INFO  resources.Log - Invoking the firefox Browser
12:50:52.153 [TestNG-tests-1] INFO  resources.Log - Maximized the Browser window
12:50:52.281 [TestNG-tests-1] INFO  resources.Log - Listener OnTestStart method test
12:50:52.281 [TestNG-tests-1] INFO  resources.Log - ****************************************************************************************
12:50:52.282 [TestNG-tests-1] INFO  resources.Log - ****************************************************************************************
12:50:52.282 [TestNG-tests-1] INFO  resources.Log - $$$$$$$$$$$$$$$$$$$$$                 test       $$$$$$$$$$$$$$$$$$$$$$$$$
12:50:52.282 [TestNG-tests-1] INFO  resources.Log - ****************************************************************************************
12:50:52.283 [TestNG-tests-1] INFO  resources.Log - ****************************************************************************************
12:50:56.249 [TestNG-tests-1] INFO  resources.Log - XXXXXXXXXXXXXXXXXXXXXXX             -E---N---D-             XXXXXXXXXXXXXXXXXXXXXX
12:50:56.250 [TestNG-tests-1] INFO  resources.Log - X
12:50:56.250 [TestNG-tests-1] INFO  resources.Log - X
12:50:56.250 [TestNG-tests-1] INFO  resources.Log - X
12:50:56.251 [TestNG-tests-1] INFO  resources.Log - X
12:50:56.257 [TestNG-tests-1] INFO  resources.Log - came to flush
12:51:02.460 [TestNG-tests-1] INFO  resources.Log - Zipping of AutomationReports successfully
12:57:34.763 [TestNG-tests-1] INFO  resources.Log - Onstart
12:57:34.797 [TestNG-tests-1] INFO  resources.Log - Reading the Property file
12:57:34.798 [TestNG-tests-1] INFO  resources.Log - The Value of the Mode Fetched from the Properties: head
12:57:34.798 [TestNG-tests-1] INFO  resources.Log - Fetching the Browser value as firefox
12:57:34.798 [TestNG-tests-1] INFO  resources.Log - Invoking the firefox Browser
12:57:42.504 [TestNG-tests-1] INFO  resources.Log - Maximized the Browser window
12:57:42.529 [TestNG-tests-1] INFO  resources.Log - Listener OnTestStart method test
12:57:42.529 [TestNG-tests-1] INFO  resources.Log - ****************************************************************************************
12:57:42.531 [TestNG-tests-1] INFO  resources.Log - ****************************************************************************************
12:57:42.531 [TestNG-tests-1] INFO  resources.Log - $$$$$$$$$$$$$$$$$$$$$                 test       $$$$$$$$$$$$$$$$$$$$$$$$$
12:57:42.531 [TestNG-tests-1] INFO  resources.Log - ****************************************************************************************
12:57:42.531 [TestNG-tests-1] INFO  resources.Log - ****************************************************************************************
12:57:46.665 [TestNG-tests-1] INFO  resources.Log - XXXXXXXXXXXXXXXXXXXXXXX             -E---N---D-             XXXXXXXXXXXXXXXXXXXXXX
12:57:46.665 [TestNG-tests-1] INFO  resources.Log - X
12:57:46.665 [TestNG-tests-1] INFO  resources.Log - X
12:57:46.665 [TestNG-tests-1] INFO  resources.Log - X
12:57:46.666 [TestNG-tests-1] INFO  resources.Log - X
12:57:46.670 [TestNG-tests-1] INFO  resources.Log - came to flush
12:57:48.571 [TestNG-tests-1] INFO  resources.Log - Zipping of AutomationReports successfully
12:59:27.637 [TestNG-tests-1] INFO  resources.Log - Onstart
12:59:27.678 [TestNG-tests-1] INFO  resources.Log - Reading the Property file
12:59:27.678 [TestNG-tests-1] INFO  resources.Log - The Value of the Mode Fetched from the Properties: head
12:59:27.678 [TestNG-tests-1] INFO  resources.Log - Fetching the Browser value as firefox
12:59:27.678 [TestNG-tests-1] INFO  resources.Log - Invoking the firefox Browser
12:59:34.676 [TestNG-tests-1] INFO  resources.Log - Maximized the Browser window
12:59:34.698 [TestNG-tests-1] INFO  resources.Log - Listener OnTestStart method test
12:59:34.698 [TestNG-tests-1] INFO  resources.Log - ****************************************************************************************
12:59:34.698 [TestNG-tests-1] INFO  resources.Log - ****************************************************************************************
12:59:34.699 [TestNG-tests-1] INFO  resources.Log - $$$$$$$$$$$$$$$$$$$$$                 test       $$$$$$$$$$$$$$$$$$$$$$$$$
12:59:34.699 [TestNG-tests-1] INFO  resources.Log - ****************************************************************************************
12:59:34.699 [TestNG-tests-1] INFO  resources.Log - ****************************************************************************************
12:59:49.081 [TestNG-tests-1] INFO  resources.Log - Taking Screeshot of the webpage
12:59:49.226 [TestNG-tests-1] INFO  resources.Log - Adding the Screenshot to the Reports
12:59:49.268 [TestNG-tests-1] INFO  resources.Log - XXXXXXXXXXXXXXXXXXXXXXX             -E---N---D-             XXXXXXXXXXXXXXXXXXXXXX
12:59:49.269 [TestNG-tests-1] INFO  resources.Log - X
12:59:49.269 [TestNG-tests-1] INFO  resources.Log - X
12:59:49.270 [TestNG-tests-1] INFO  resources.Log - X
12:59:49.270 [TestNG-tests-1] INFO  resources.Log - X
12:59:49.280 [TestNG-tests-1] INFO  resources.Log - came to flush
12:59:51.172 [TestNG-tests-1] INFO  resources.Log - Zipping of AutomationReports successfully
13:04:44.166 [TestNG-tests-1] INFO  resources.Log - Onstart
13:04:44.204 [TestNG-tests-1] INFO  resources.Log - Reading the Property file
13:04:44.205 [TestNG-tests-1] INFO  resources.Log - The Value of the Mode Fetched from the Properties: head
13:04:44.205 [TestNG-tests-1] INFO  resources.Log - Fetching the Browser value as firefox
13:04:44.205 [TestNG-tests-1] INFO  resources.Log - Invoking the firefox Browser
13:04:51.468 [TestNG-tests-1] INFO  resources.Log - Maximized the Browser window
13:04:51.510 [TestNG-tests-1] INFO  resources.Log - Listener OnTestStart method test
13:04:51.510 [TestNG-tests-1] INFO  resources.Log - ****************************************************************************************
13:04:51.511 [TestNG-tests-1] INFO  resources.Log - ****************************************************************************************
13:04:51.511 [TestNG-tests-1] INFO  resources.Log - $$$$$$$$$$$$$$$$$$$$$                 test       $$$$$$$$$$$$$$$$$$$$$$$$$
13:04:51.511 [TestNG-tests-1] INFO  resources.Log - ****************************************************************************************
13:04:51.511 [TestNG-tests-1] INFO  resources.Log - ****************************************************************************************
13:05:07.302 [TestNG-tests-1] INFO  resources.Log - Taking Screeshot of the webpage
13:05:07.442 [TestNG-tests-1] INFO  resources.Log - Adding the Screenshot to the Reports
13:05:07.455 [TestNG-tests-1] INFO  resources.Log - XXXXXXXXXXXXXXXXXXXXXXX             -E---N---D-             XXXXXXXXXXXXXXXXXXXXXX
13:05:07.455 [TestNG-tests-1] INFO  resources.Log - X
13:05:07.456 [TestNG-tests-1] INFO  resources.Log - X
13:05:07.456 [TestNG-tests-1] INFO  resources.Log - X
13:05:07.456 [TestNG-tests-1] INFO  resources.Log - X
13:05:07.467 [TestNG-tests-1] INFO  resources.Log - came to flush
13:05:09.430 [TestNG-tests-1] INFO  resources.Log - Zipping of AutomationReports successfully
13:13:08.314 [TestNG-tests-1] INFO  resources.Log - Onstart
13:13:08.351 [TestNG-tests-1] INFO  resources.Log - Reading the Property file
13:13:08.351 [TestNG-tests-1] INFO  resources.Log - The Value of the Mode Fetched from the Properties: head
13:13:08.352 [TestNG-tests-1] INFO  resources.Log - Fetching the Browser value as firefox
13:13:08.352 [TestNG-tests-1] INFO  resources.Log - Invoking the firefox Browser
13:13:15.713 [TestNG-tests-1] INFO  resources.Log - Maximized the Browser window
13:13:15.884 [TestNG-tests-1] INFO  resources.Log - Listener OnTestStart method test
13:13:15.884 [TestNG-tests-1] INFO  resources.Log - ****************************************************************************************
13:13:15.884 [TestNG-tests-1] INFO  resources.Log - ****************************************************************************************
13:13:15.884 [TestNG-tests-1] INFO  resources.Log - $$$$$$$$$$$$$$$$$$$$$                 test       $$$$$$$$$$$$$$$$$$$$$$$$$
13:13:15.886 [TestNG-tests-1] INFO  resources.Log - ****************************************************************************************
13:13:15.886 [TestNG-tests-1] INFO  resources.Log - ****************************************************************************************
13:13:19.193 [TestNG-tests-1] INFO  resources.Log - XXXXXXXXXXXXXXXXXXXXXXX             -E---N---D-             XXXXXXXXXXXXXXXXXXXXXX
13:13:19.194 [TestNG-tests-1] INFO  resources.Log - X
13:13:19.194 [TestNG-tests-1] INFO  resources.Log - X
13:13:19.194 [TestNG-tests-1] INFO  resources.Log - X
13:13:19.194 [TestNG-tests-1] INFO  resources.Log - X
13:13:19.196 [TestNG-tests-1] INFO  resources.Log - came to flush
13:13:21.087 [TestNG-tests-1] INFO  resources.Log - Zipping of AutomationReports successfully
13:14:37.099 [TestNG-tests-1] INFO  resources.Log - Onstart
13:14:37.136 [TestNG-tests-1] INFO  resources.Log - Reading the Property file
13:14:37.136 [TestNG-tests-1] INFO  resources.Log - The Value of the Mode Fetched from the Properties: head
13:14:37.136 [TestNG-tests-1] INFO  resources.Log - Fetching the Browser value as firefox
13:14:37.136 [TestNG-tests-1] INFO  resources.Log - Invoking the firefox Browser
13:14:44.735 [TestNG-tests-1] INFO  resources.Log - Maximized the Browser window
13:14:44.785 [TestNG-tests-1] INFO  resources.Log - Listener OnTestStart method test
13:14:44.786 [TestNG-tests-1] INFO  resources.Log - ****************************************************************************************
13:14:44.786 [TestNG-tests-1] INFO  resources.Log - ****************************************************************************************
13:14:44.786 [TestNG-tests-1] INFO  resources.Log - $$$$$$$$$$$$$$$$$$$$$                 test       $$$$$$$$$$$$$$$$$$$$$$$$$
13:14:44.787 [TestNG-tests-1] INFO  resources.Log - ****************************************************************************************
13:14:44.787 [TestNG-tests-1] INFO  resources.Log - ****************************************************************************************
13:15:00.067 [TestNG-tests-1] INFO  resources.Log - Taking Screeshot of the webpage
13:15:00.200 [TestNG-tests-1] INFO  resources.Log - Adding the Screenshot to the Reports
13:15:00.212 [TestNG-tests-1] INFO  resources.Log - XXXXXXXXXXXXXXXXXXXXXXX             -E---N---D-             XXXXXXXXXXXXXXXXXXXXXX
13:15:00.212 [TestNG-tests-1] INFO  resources.Log - X
13:15:00.213 [TestNG-tests-1] INFO  resources.Log - X
13:15:00.213 [TestNG-tests-1] INFO  resources.Log - X
13:15:00.213 [TestNG-tests-1] INFO  resources.Log - X
13:15:00.225 [TestNG-tests-1] INFO  resources.Log - came to flush
13:15:02.000 [TestNG-tests-1] INFO  resources.Log - Zipping of AutomationReports successfully
13:16:38.862 [TestNG-tests-1] INFO  resources.Log - Onstart
13:16:38.901 [TestNG-tests-1] INFO  resources.Log - Reading the Property file
13:16:38.902 [TestNG-tests-1] INFO  resources.Log - The Value of the Mode Fetched from the Properties: head
13:16:38.902 [TestNG-tests-1] INFO  resources.Log - Fetching the Browser value as firefox
13:16:38.902 [TestNG-tests-1] INFO  resources.Log - Invoking the firefox Browser
13:16:47.545 [TestNG-tests-1] INFO  resources.Log - Maximized the Browser window
13:16:47.598 [TestNG-tests-1] INFO  resources.Log - Listener OnTestStart method test
13:16:47.599 [TestNG-tests-1] INFO  resources.Log - ****************************************************************************************
13:16:47.599 [TestNG-tests-1] INFO  resources.Log - ****************************************************************************************
13:16:47.600 [TestNG-tests-1] INFO  resources.Log - $$$$$$$$$$$$$$$$$$$$$                 test       $$$$$$$$$$$$$$$$$$$$$$$$$
13:16:47.600 [TestNG-tests-1] INFO  resources.Log - ****************************************************************************************
13:16:47.600 [TestNG-tests-1] INFO  resources.Log - ****************************************************************************************
13:16:52.156 [TestNG-tests-1] INFO  resources.Log - XXXXXXXXXXXXXXXXXXXXXXX             -E---N---D-             XXXXXXXXXXXXXXXXXXXXXX
13:16:52.156 [TestNG-tests-1] INFO  resources.Log - X
13:16:52.156 [TestNG-tests-1] INFO  resources.Log - X
13:16:52.157 [TestNG-tests-1] INFO  resources.Log - X
13:16:52.157 [TestNG-tests-1] INFO  resources.Log - X
13:16:52.161 [TestNG-tests-1] INFO  resources.Log - came to flush
13:16:54.154 [TestNG-tests-1] INFO  resources.Log - Zipping of AutomationReports successfully
13:18:12.245 [TestNG-tests-1] INFO  resources.Log - Onstart
13:18:12.280 [TestNG-tests-1] INFO  resources.Log - Reading the Property file
13:18:12.281 [TestNG-tests-1] INFO  resources.Log - The Value of the Mode Fetched from the Properties: head
13:18:12.281 [TestNG-tests-1] INFO  resources.Log - Fetching the Browser value as firefox
13:18:12.281 [TestNG-tests-1] INFO  resources.Log - Invoking the firefox Browser
13:18:19.810 [TestNG-tests-1] INFO  resources.Log - Maximized the Browser window
13:18:19.844 [TestNG-tests-1] INFO  resources.Log - Listener OnTestStart method test
13:18:19.845 [TestNG-tests-1] INFO  resources.Log - ****************************************************************************************
13:18:19.845 [TestNG-tests-1] INFO  resources.Log - ****************************************************************************************
13:18:19.845 [TestNG-tests-1] INFO  resources.Log - $$$$$$$$$$$$$$$$$$$$$                 test       $$$$$$$$$$$$$$$$$$$$$$$$$
13:18:19.845 [TestNG-tests-1] INFO  resources.Log - ****************************************************************************************
13:18:19.845 [TestNG-tests-1] INFO  resources.Log - ****************************************************************************************
13:18:23.678 [TestNG-tests-1] INFO  resources.Log - XXXXXXXXXXXXXXXXXXXXXXX             -E---N---D-             XXXXXXXXXXXXXXXXXXXXXX
13:18:23.678 [TestNG-tests-1] INFO  resources.Log - X
13:18:23.679 [TestNG-tests-1] INFO  resources.Log - X
13:18:23.679 [TestNG-tests-1] INFO  resources.Log - X
13:18:23.679 [TestNG-tests-1] INFO  resources.Log - X
13:18:23.688 [TestNG-tests-1] INFO  resources.Log - came to flush
13:18:25.664 [TestNG-tests-1] INFO  resources.Log - Zipping of AutomationReports successfully
13:22:29.154 [TestNG-tests-1] INFO  resources.Log - Onstart
13:22:29.187 [TestNG-tests-1] INFO  resources.Log - Reading the Property file
13:22:29.257 [TestNG-tests-1] INFO  resources.Log - The Value of the Mode Fetched from the Properties: head
13:22:29.259 [TestNG-tests-1] INFO  resources.Log - Fetching the Browser value as firefox
13:22:29.259 [TestNG-tests-1] INFO  resources.Log - Invoking the firefox Browser
13:22:36.836 [TestNG-tests-1] INFO  resources.Log - Maximized the Browser window
13:22:36.855 [TestNG-tests-1] INFO  resources.Log - Listener OnTestStart method test
13:22:36.855 [TestNG-tests-1] INFO  resources.Log - ****************************************************************************************
13:22:36.855 [TestNG-tests-1] INFO  resources.Log - ****************************************************************************************
13:22:36.856 [TestNG-tests-1] INFO  resources.Log - $$$$$$$$$$$$$$$$$$$$$                 test       $$$$$$$$$$$$$$$$$$$$$$$$$
13:22:36.856 [TestNG-tests-1] INFO  resources.Log - ****************************************************************************************
13:22:36.856 [TestNG-tests-1] INFO  resources.Log - ****************************************************************************************
13:22:40.924 [TestNG-tests-1] INFO  resources.Log - XXXXXXXXXXXXXXXXXXXXXXX             -E---N---D-             XXXXXXXXXXXXXXXXXXXXXX
13:22:40.924 [TestNG-tests-1] INFO  resources.Log - X
13:22:40.924 [TestNG-tests-1] INFO  resources.Log - X
13:22:40.926 [TestNG-tests-1] INFO  resources.Log - X
13:22:40.926 [TestNG-tests-1] INFO  resources.Log - X
13:22:40.933 [TestNG-tests-1] INFO  resources.Log - came to flush
13:22:42.894 [TestNG-tests-1] INFO  resources.Log - Zipping of AutomationReports successfully
14:48:24.136 [TestNG-tests-1] INFO  resources.Log - Onstart
14:48:24.159 [TestNG-tests-1] INFO  resources.Log - Reading the Property file
14:48:24.160 [TestNG-tests-1] INFO  resources.Log - The Value of the Mode Fetched from the Properties: head
14:48:24.160 [TestNG-tests-1] INFO  resources.Log - Fetching the Browser value as firefox
14:48:24.160 [TestNG-tests-1] INFO  resources.Log - Invoking the firefox Browser
14:48:42.174 [TestNG-tests-1] INFO  resources.Log - Maximized the Browser window
14:48:42.407 [TestNG-tests-1] INFO  resources.Log - Listener OnTestStart method test
14:48:42.408 [TestNG-tests-1] INFO  resources.Log - ****************************************************************************************
14:48:42.408 [TestNG-tests-1] INFO  resources.Log - ****************************************************************************************
14:48:42.408 [TestNG-tests-1] INFO  resources.Log - $$$$$$$$$$$$$$$$$$$$$                 test       $$$$$$$$$$$$$$$$$$$$$$$$$
14:48:42.408 [TestNG-tests-1] INFO  resources.Log - ****************************************************************************************
14:48:42.408 [TestNG-tests-1] INFO  resources.Log - ****************************************************************************************
14:48:54.488 [TestNG-tests-1] INFO  resources.Log - Taking Screeshot of the webpage
14:48:54.568 [TestNG-tests-1] INFO  resources.Log - Adding the Screenshot to the Reports
14:48:54.588 [TestNG-tests-1] INFO  resources.Log - XXXXXXXXXXXXXXXXXXXXXXX             -E---N---D-             XXXXXXXXXXXXXXXXXXXXXX
14:48:54.589 [TestNG-tests-1] INFO  resources.Log - X
14:48:54.589 [TestNG-tests-1] INFO  resources.Log - X
14:48:54.589 [TestNG-tests-1] INFO  resources.Log - X
14:48:54.589 [TestNG-tests-1] INFO  resources.Log - X
14:48:54.595 [TestNG-tests-1] INFO  resources.Log - came to flush
14:48:57.779 [TestNG-tests-1] INFO  resources.Log - Zipping of AutomationReports successfully
14:50:01.302 [TestNG-tests-1] INFO  resources.Log - Onstart
14:50:01.328 [TestNG-tests-1] INFO  resources.Log - Reading the Property file
14:50:01.329 [TestNG-tests-1] INFO  resources.Log - The Value of the Mode Fetched from the Properties: head
14:50:01.329 [TestNG-tests-1] INFO  resources.Log - Fetching the Browser value as firefox
14:50:01.329 [TestNG-tests-1] INFO  resources.Log - Invoking the firefox Browser
14:50:07.304 [TestNG-tests-1] INFO  resources.Log - Maximized the Browser window
14:50:07.320 [TestNG-tests-1] INFO  resources.Log - Listener OnTestStart method test
14:50:07.320 [TestNG-tests-1] INFO  resources.Log - ****************************************************************************************
14:50:07.320 [TestNG-tests-1] INFO  resources.Log - ****************************************************************************************
14:50:07.320 [TestNG-tests-1] INFO  resources.Log - $$$$$$$$$$$$$$$$$$$$$                 test       $$$$$$$$$$$$$$$$$$$$$$$$$
14:50:07.320 [TestNG-tests-1] INFO  resources.Log - ****************************************************************************************
14:50:07.320 [TestNG-tests-1] INFO  resources.Log - ****************************************************************************************
14:50:14.447 [TestNG-tests-1] INFO  resources.Log - XXXXXXXXXXXXXXXXXXXXXXX             -E---N---D-             XXXXXXXXXXXXXXXXXXXXXX
14:50:14.447 [TestNG-tests-1] INFO  resources.Log - X
14:50:14.448 [TestNG-tests-1] INFO  resources.Log - X
14:50:14.448 [TestNG-tests-1] INFO  resources.Log - X
14:50:14.448 [TestNG-tests-1] INFO  resources.Log - X
14:50:14.451 [TestNG-tests-1] INFO  resources.Log - came to flush
14:50:15.198 [TestNG-tests-1] INFO  resources.Log - Zipping of AutomationReports successfully
14:51:34.775 [TestNG-tests-1] INFO  resources.Log - Onstart
14:51:34.803 [TestNG-tests-1] INFO  resources.Log - Reading the Property file
14:51:34.803 [TestNG-tests-1] INFO  resources.Log - The Value of the Mode Fetched from the Properties: head
14:51:34.803 [TestNG-tests-1] INFO  resources.Log - Fetching the Browser value as firefox
14:51:34.804 [TestNG-tests-1] INFO  resources.Log - Invoking the firefox Browser
14:51:41.220 [TestNG-tests-1] INFO  resources.Log - Maximized the Browser window
14:51:41.270 [TestNG-tests-1] INFO  resources.Log - Listener OnTestStart method test
14:51:41.271 [TestNG-tests-1] INFO  resources.Log - ****************************************************************************************
14:51:41.271 [TestNG-tests-1] INFO  resources.Log - ****************************************************************************************
14:51:41.272 [TestNG-tests-1] INFO  resources.Log - $$$$$$$$$$$$$$$$$$$$$                 test       $$$$$$$$$$$$$$$$$$$$$$$$$
14:51:41.272 [TestNG-tests-1] INFO  resources.Log - ****************************************************************************************
14:51:41.272 [TestNG-tests-1] INFO  resources.Log - ****************************************************************************************
14:51:45.213 [TestNG-tests-1] INFO  resources.Log - XXXXXXXXXXXXXXXXXXXXXXX             -E---N---D-             XXXXXXXXXXXXXXXXXXXXXX
14:51:45.214 [TestNG-tests-1] INFO  resources.Log - X
14:51:45.214 [TestNG-tests-1] INFO  resources.Log - X
14:51:45.215 [TestNG-tests-1] INFO  resources.Log - X
14:51:45.215 [TestNG-tests-1] INFO  resources.Log - X
14:51:45.217 [TestNG-tests-1] INFO  resources.Log - came to flush
14:51:46.253 [TestNG-tests-1] INFO  resources.Log - Zipping of AutomationReports successfully
14:58:40.522 [TestNG-tests-1] INFO  resources.Log - Onstart
14:58:40.554 [TestNG-tests-1] INFO  resources.Log - Reading the Property file
14:58:40.555 [TestNG-tests-1] INFO  resources.Log - The Value of the Mode Fetched from the Properties: head
14:58:40.555 [TestNG-tests-1] INFO  resources.Log - Fetching the Browser value as firefox
14:58:40.555 [TestNG-tests-1] INFO  resources.Log - Invoking the firefox Browser
14:58:48.170 [TestNG-tests-1] INFO  resources.Log - Maximized the Browser window
14:58:48.190 [TestNG-tests-1] INFO  resources.Log - Listener OnTestStart method test
14:58:48.190 [TestNG-tests-1] INFO  resources.Log - ****************************************************************************************
14:58:48.190 [TestNG-tests-1] INFO  resources.Log - ****************************************************************************************
14:58:48.191 [TestNG-tests-1] INFO  resources.Log - $$$$$$$$$$$$$$$$$$$$$                 test       $$$$$$$$$$$$$$$$$$$$$$$$$
14:58:48.191 [TestNG-tests-1] INFO  resources.Log - ****************************************************************************************
14:58:48.191 [TestNG-tests-1] INFO  resources.Log - ****************************************************************************************
14:58:53.038 [TestNG-tests-1] INFO  resources.Log - XXXXXXXXXXXXXXXXXXXXXXX             -E---N---D-             XXXXXXXXXXXXXXXXXXXXXX
14:58:53.039 [TestNG-tests-1] INFO  resources.Log - X
14:58:53.039 [TestNG-tests-1] INFO  resources.Log - X
14:58:53.039 [TestNG-tests-1] INFO  resources.Log - X
14:58:53.040 [TestNG-tests-1] INFO  resources.Log - X
14:58:53.045 [TestNG-tests-1] INFO  resources.Log - came to flush
14:58:54.055 [TestNG-tests-1] INFO  resources.Log - Zipping of AutomationReports successfully
09:18:38.886 [TestNG-tests-1] INFO  resources.Log - Onstart
09:18:38.912 [TestNG-tests-1] INFO  resources.Log - Reading the Property file
09:18:38.913 [TestNG-tests-1] INFO  resources.Log - The Value of the Mode Fetched from the Properties: head
09:18:38.913 [TestNG-tests-1] INFO  resources.Log - Fetching the Browser value as firefox
09:18:38.913 [TestNG-tests-1] INFO  resources.Log - Invoking the firefox Browser
09:19:06.426 [TestNG-tests-1] INFO  resources.Log - Maximized the Browser window
09:19:06.543 [TestNG-tests-1] INFO  resources.Log - Listener OnTestStart method test
09:19:06.543 [TestNG-tests-1] INFO  resources.Log - ****************************************************************************************
09:19:06.544 [TestNG-tests-1] INFO  resources.Log - ****************************************************************************************
09:19:06.544 [TestNG-tests-1] INFO  resources.Log - $$$$$$$$$$$$$$$$$$$$$                 test       $$$$$$$$$$$$$$$$$$$$$$$$$
09:19:06.544 [TestNG-tests-1] INFO  resources.Log - ****************************************************************************************
09:19:06.544 [TestNG-tests-1] INFO  resources.Log - ****************************************************************************************
09:19:11.930 [TestNG-tests-1] INFO  resources.Log - XXXXXXXXXXXXXXXXXXXXXXX             -E---N---D-             XXXXXXXXXXXXXXXXXXXXXX
09:19:11.930 [TestNG-tests-1] INFO  resources.Log - X
09:19:11.930 [TestNG-tests-1] INFO  resources.Log - X
09:19:11.930 [TestNG-tests-1] INFO  resources.Log - X
09:19:11.930 [TestNG-tests-1] INFO  resources.Log - X
09:19:11.935 [TestNG-tests-1] INFO  resources.Log - came to flush
09:19:30.753 [TestNG-tests-1] INFO  resources.Log - Zipping of AutomationReports successfully
09:23:56.673 [TestNG-tests-1] INFO  resources.Log - Onstart
09:23:56.704 [TestNG-tests-1] INFO  resources.Log - Reading the Property file
09:23:56.704 [TestNG-tests-1] INFO  resources.Log - The Value of the Mode Fetched from the Properties: head
09:23:56.705 [TestNG-tests-1] INFO  resources.Log - Fetching the Browser value as firefox
09:23:56.705 [TestNG-tests-1] INFO  resources.Log - Invoking the firefox Browser
09:24:03.902 [TestNG-tests-1] INFO  resources.Log - Maximized the Browser window
09:24:03.939 [TestNG-tests-1] INFO  resources.Log - Listener OnTestStart method test
09:24:03.939 [TestNG-tests-1] INFO  resources.Log - ****************************************************************************************
09:24:03.939 [TestNG-tests-1] INFO  resources.Log - ****************************************************************************************
09:24:03.939 [TestNG-tests-1] INFO  resources.Log - $$$$$$$$$$$$$$$$$$$$$                 test       $$$$$$$$$$$$$$$$$$$$$$$$$
09:24:03.940 [TestNG-tests-1] INFO  resources.Log - ****************************************************************************************
09:24:03.940 [TestNG-tests-1] INFO  resources.Log - ****************************************************************************************
09:24:08.212 [TestNG-tests-1] INFO  resources.Log - XXXXXXXXXXXXXXXXXXXXXXX             -E---N---D-             XXXXXXXXXXXXXXXXXXXXXX
09:24:08.212 [TestNG-tests-1] INFO  resources.Log - X
09:24:08.212 [TestNG-tests-1] INFO  resources.Log - X
09:24:08.213 [TestNG-tests-1] INFO  resources.Log - X
09:24:08.213 [TestNG-tests-1] INFO  resources.Log - X
09:24:08.216 [TestNG-tests-1] INFO  resources.Log - came to flush
09:24:10.369 [TestNG-tests-1] INFO  resources.Log - Zipping of AutomationReports successfully
09:25:42.130 [TestNG-tests-1] INFO  resources.Log - Onstart
09:25:42.168 [TestNG-tests-1] INFO  resources.Log - Reading the Property file
09:25:42.168 [TestNG-tests-1] INFO  resources.Log - The Value of the Mode Fetched from the Properties: head
09:25:42.168 [TestNG-tests-1] INFO  resources.Log - Fetching the Browser value as firefox
09:25:42.168 [TestNG-tests-1] INFO  resources.Log - Invoking the firefox Browser
09:25:50.358 [TestNG-tests-1] INFO  resources.Log - Maximized the Browser window
09:25:50.401 [TestNG-tests-1] INFO  resources.Log - Listener OnTestStart method test
09:25:50.401 [TestNG-tests-1] INFO  resources.Log - ****************************************************************************************
09:25:50.402 [TestNG-tests-1] INFO  resources.Log - ****************************************************************************************
09:25:50.402 [TestNG-tests-1] INFO  resources.Log - $$$$$$$$$$$$$$$$$$$$$                 test       $$$$$$$$$$$$$$$$$$$$$$$$$
09:25:50.402 [TestNG-tests-1] INFO  resources.Log - ****************************************************************************************
09:25:50.403 [TestNG-tests-1] INFO  resources.Log - ****************************************************************************************
09:25:53.987 [TestNG-tests-1] INFO  resources.Log - XXXXXXXXXXXXXXXXXXXXXXX             -E---N---D-             XXXXXXXXXXXXXXXXXXXXXX
09:25:53.987 [TestNG-tests-1] INFO  resources.Log - X
09:25:53.988 [TestNG-tests-1] INFO  resources.Log - X
09:25:53.988 [TestNG-tests-1] INFO  resources.Log - X
09:25:53.989 [TestNG-tests-1] INFO  resources.Log - X
09:25:53.994 [TestNG-tests-1] INFO  resources.Log - came to flush
09:25:55.376 [TestNG-tests-1] INFO  resources.Log - Zipping of AutomationReports successfully
11:56:35.807 [TestNG-tests-1] INFO  resources.Log - Onstart
11:56:35.834 [TestNG-tests-1] INFO  resources.Log - Reading the Property file
11:56:35.835 [TestNG-tests-1] INFO  resources.Log - The Value of the Mode Fetched from the Properties: head
11:56:35.835 [TestNG-tests-1] INFO  resources.Log - Fetching the Browser value as firefox
11:56:35.835 [TestNG-tests-1] INFO  resources.Log - Invoking the firefox Browser
11:56:47.868 [TestNG-tests-1] INFO  resources.Log - Listener OnTestStart method test
11:56:47.868 [TestNG-tests-1] INFO  resources.Log - ****************************************************************************************
11:56:47.868 [TestNG-tests-1] INFO  resources.Log - ****************************************************************************************
11:56:47.869 [TestNG-tests-1] INFO  resources.Log - $$$$$$$$$$$$$$$$$$$$$                 test       $$$$$$$$$$$$$$$$$$$$$$$$$
11:56:47.869 [TestNG-tests-1] INFO  resources.Log - ****************************************************************************************
11:56:47.869 [TestNG-tests-1] INFO  resources.Log - ****************************************************************************************
11:56:47.869 [TestNG-tests-1] ERROR resources.Log - onTestSKipped
11:56:47.869 [TestNG-tests-1] INFO  resources.Log - XXXXXXXXXXXXXXXXXXXXXXX             -E---N---D-             XXXXXXXXXXXXXXXXXXXXXX
11:56:47.869 [TestNG-tests-1] INFO  resources.Log - X
11:56:47.869 [TestNG-tests-1] INFO  resources.Log - X
11:56:47.870 [TestNG-tests-1] INFO  resources.Log - X
11:56:47.870 [TestNG-tests-1] INFO  resources.Log - X
11:56:47.872 [TestNG-tests-1] INFO  resources.Log - came to flush
11:56:54.330 [TestNG-tests-1] INFO  resources.Log - Zipping of AutomationReports successfully
11:58:25.034 [TestNG-tests-1] INFO  resources.Log - Onstart
11:58:25.058 [TestNG-tests-1] INFO  resources.Log - Reading the Property file
11:58:25.058 [TestNG-tests-1] INFO  resources.Log - The Value of the Mode Fetched from the Properties: head
11:58:25.058 [TestNG-tests-1] INFO  resources.Log - Fetching the Browser value as firefox
11:58:25.058 [TestNG-tests-1] INFO  resources.Log - Invoking the firefox Browser
11:58:32.817 [TestNG-tests-1] INFO  resources.Log - Maximized the Browser window
11:58:32.832 [TestNG-tests-1] INFO  resources.Log - Listener OnTestStart method test
11:58:32.832 [TestNG-tests-1] INFO  resources.Log - ****************************************************************************************
11:58:32.832 [TestNG-tests-1] INFO  resources.Log - ****************************************************************************************
11:58:32.832 [TestNG-tests-1] INFO  resources.Log - $$$$$$$$$$$$$$$$$$$$$                 test       $$$$$$$$$$$$$$$$$$$$$$$$$
11:58:32.832 [TestNG-tests-1] INFO  resources.Log - ****************************************************************************************
11:58:32.833 [TestNG-tests-1] INFO  resources.Log - ****************************************************************************************
11:58:38.049 [TestNG-tests-1] INFO  resources.Log - Taking Screeshot of the webpage
11:58:38.111 [TestNG-tests-1] INFO  resources.Log - Taking Screeshot of the webpage
11:58:38.117 [TestNG-tests-1] INFO  resources.Log - came to flush
11:58:38.861 [TestNG-tests-1] INFO  resources.Log - Zipping of AutomationReports successfully
11:59:04.672 [TestNG-tests-1] INFO  resources.Log - Onstart
11:59:04.695 [TestNG-tests-1] INFO  resources.Log - Reading the Property file
11:59:04.695 [TestNG-tests-1] INFO  resources.Log - The Value of the Mode Fetched from the Properties: head
11:59:04.695 [TestNG-tests-1] INFO  resources.Log - Fetching the Browser value as firefox
11:59:04.695 [TestNG-tests-1] INFO  resources.Log - Invoking the firefox Browser
11:59:09.982 [TestNG-tests-1] INFO  resources.Log - Maximized the Browser window
11:59:10.009 [TestNG-tests-1] INFO  resources.Log - Listener OnTestStart method test
11:59:10.009 [TestNG-tests-1] INFO  resources.Log - ****************************************************************************************
11:59:10.009 [TestNG-tests-1] INFO  resources.Log - ****************************************************************************************
11:59:10.009 [TestNG-tests-1] INFO  resources.Log - $$$$$$$$$$$$$$$$$$$$$                 test       $$$$$$$$$$$$$$$$$$$$$$$$$
11:59:10.009 [TestNG-tests-1] INFO  resources.Log - ****************************************************************************************
11:59:10.009 [TestNG-tests-1] INFO  resources.Log - ****************************************************************************************
11:59:17.173 [TestNG-tests-1] INFO  resources.Log - XXXXXXXXXXXXXXXXXXXXXXX             -E---N---D-             XXXXXXXXXXXXXXXXXXXXXX
11:59:17.174 [TestNG-tests-1] INFO  resources.Log - X
11:59:17.174 [TestNG-tests-1] INFO  resources.Log - X
11:59:17.174 [TestNG-tests-1] INFO  resources.Log - X
11:59:17.174 [TestNG-tests-1] INFO  resources.Log - X
11:59:17.177 [TestNG-tests-1] INFO  resources.Log - came to flush
11:59:18.198 [TestNG-tests-1] INFO  resources.Log - Zipping of AutomationReports successfully
12:12:51.543 [TestNG-tests-1] INFO  resources.Log - Onstart
12:12:51.568 [TestNG-tests-1] INFO  resources.Log - Reading the Property file
12:12:51.568 [TestNG-tests-1] INFO  resources.Log - The Value of the Mode Fetched from the Properties: head
12:12:51.568 [TestNG-tests-1] INFO  resources.Log - Fetching the Browser value as firefox
12:12:51.568 [TestNG-tests-1] INFO  resources.Log - Invoking the firefox Browser
12:12:58.041 [TestNG-tests-1] INFO  resources.Log - Maximized the Browser window
12:12:58.058 [TestNG-tests-1] INFO  resources.Log - Listener OnTestStart method test
12:12:58.060 [TestNG-tests-1] INFO  resources.Log - ****************************************************************************************
12:12:58.060 [TestNG-tests-1] INFO  resources.Log - ****************************************************************************************
12:12:58.060 [TestNG-tests-1] INFO  resources.Log - $$$$$$$$$$$$$$$$$$$$$                 test       $$$$$$$$$$$$$$$$$$$$$$$$$
12:12:58.061 [TestNG-tests-1] INFO  resources.Log - ****************************************************************************************
12:12:58.061 [TestNG-tests-1] INFO  resources.Log - ****************************************************************************************
12:13:13.831 [TestNG-tests-1] INFO  resources.Log - Taking Screeshot of the webpage
12:13:14.350 [TestNG-tests-1] INFO  resources.Log - Adding the Screenshot to the Reports
12:13:14.374 [TestNG-tests-1] INFO  resources.Log - XXXXXXXXXXXXXXXXXXXXXXX             -E---N---D-             XXXXXXXXXXXXXXXXXXXXXX
12:13:14.374 [TestNG-tests-1] INFO  resources.Log - X
12:13:14.374 [TestNG-tests-1] INFO  resources.Log - X
12:13:14.374 [TestNG-tests-1] INFO  resources.Log - X
12:13:14.374 [TestNG-tests-1] INFO  resources.Log - X
12:13:14.378 [TestNG-tests-1] INFO  resources.Log - came to flush
12:13:15.128 [TestNG-tests-1] INFO  resources.Log - Zipping of AutomationReports successfully
12:14:58.952 [TestNG-tests-1] INFO  resources.Log - Onstart
12:14:58.975 [TestNG-tests-1] INFO  resources.Log - Reading the Property file
12:14:58.975 [TestNG-tests-1] INFO  resources.Log - The Value of the Mode Fetched from the Properties: head
12:14:58.976 [TestNG-tests-1] INFO  resources.Log - Fetching the Browser value as firefox
12:14:58.976 [TestNG-tests-1] INFO  resources.Log - Invoking the firefox Browser
12:15:07.064 [TestNG-tests-1] INFO  resources.Log - Maximized the Browser window
12:15:07.088 [TestNG-tests-1] INFO  resources.Log - Listener OnTestStart method test
12:15:07.088 [TestNG-tests-1] INFO  resources.Log - ****************************************************************************************
12:15:07.089 [TestNG-tests-1] INFO  resources.Log - ****************************************************************************************
12:15:07.089 [TestNG-tests-1] INFO  resources.Log - $$$$$$$$$$$$$$$$$$$$$                 test       $$$$$$$$$$$$$$$$$$$$$$$$$
12:15:07.089 [TestNG-tests-1] INFO  resources.Log - ****************************************************************************************
12:15:07.089 [TestNG-tests-1] INFO  resources.Log - ****************************************************************************************
12:15:21.803 [TestNG-tests-1] INFO  resources.Log - Taking Screeshot of the webpage
12:15:22.078 [TestNG-tests-1] INFO  resources.Log - Adding the Screenshot to the Reports
12:15:22.085 [TestNG-tests-1] INFO  resources.Log - XXXXXXXXXXXXXXXXXXXXXXX             -E---N---D-             XXXXXXXXXXXXXXXXXXXXXX
12:15:22.085 [TestNG-tests-1] INFO  resources.Log - X
12:15:22.085 [TestNG-tests-1] INFO  resources.Log - X
12:15:22.085 [TestNG-tests-1] INFO  resources.Log - X
12:15:22.085 [TestNG-tests-1] INFO  resources.Log - X
12:15:22.090 [TestNG-tests-1] INFO  resources.Log - came to flush
12:15:22.857 [TestNG-tests-1] INFO  resources.Log - Zipping of AutomationReports successfully
12:16:16.186 [TestNG-tests-1] INFO  resources.Log - Onstart
12:16:16.209 [TestNG-tests-1] INFO  resources.Log - Reading the Property file
12:16:16.209 [TestNG-tests-1] INFO  resources.Log - The Value of the Mode Fetched from the Properties: head
12:16:16.209 [TestNG-tests-1] INFO  resources.Log - Fetching the Browser value as firefox
12:16:16.209 [TestNG-tests-1] INFO  resources.Log - Invoking the firefox Browser
12:16:25.191 [TestNG-tests-1] INFO  resources.Log - Maximized the Browser window
12:16:25.214 [TestNG-tests-1] INFO  resources.Log - Listener OnTestStart method test
12:16:25.226 [TestNG-tests-1] INFO  resources.Log - ****************************************************************************************
12:16:25.227 [TestNG-tests-1] INFO  resources.Log - ****************************************************************************************
12:16:25.227 [TestNG-tests-1] INFO  resources.Log - $$$$$$$$$$$$$$$$$$$$$                 test       $$$$$$$$$$$$$$$$$$$$$$$$$
12:16:25.227 [TestNG-tests-1] INFO  resources.Log - ****************************************************************************************
12:16:25.227 [TestNG-tests-1] INFO  resources.Log - ****************************************************************************************
12:16:25.234 [TestNG-tests-1] INFO  resources.Log - Taking Screeshot of the webpage
12:16:25.280 [TestNG-tests-1] INFO  resources.Log - Adding the Screenshot to the Reports
12:16:25.284 [TestNG-tests-1] INFO  resources.Log - XXXXXXXXXXXXXXXXXXXXXXX             -E---N---D-             XXXXXXXXXXXXXXXXXXXXXX
12:16:25.284 [TestNG-tests-1] INFO  resources.Log - X
12:16:25.284 [TestNG-tests-1] INFO  resources.Log - X
12:16:25.284 [TestNG-tests-1] INFO  resources.Log - X
12:16:25.284 [TestNG-tests-1] INFO  resources.Log - X
12:16:25.288 [TestNG-tests-1] INFO  resources.Log - came to flush
12:16:26.016 [TestNG-tests-1] INFO  resources.Log - Zipping of AutomationReports successfully
12:18:20.374 [TestNG-tests-1] INFO  resources.Log - Onstart
12:18:20.396 [TestNG-tests-1] INFO  resources.Log - Reading the Property file
12:18:20.396 [TestNG-tests-1] INFO  resources.Log - The Value of the Mode Fetched from the Properties: head
12:18:20.396 [TestNG-tests-1] INFO  resources.Log - Fetching the Browser value as firefox
12:18:20.396 [TestNG-tests-1] INFO  resources.Log - Invoking the firefox Browser
12:18:26.399 [TestNG-tests-1] INFO  resources.Log - Maximized the Browser window
12:18:26.420 [TestNG-tests-1] INFO  resources.Log - Listener OnTestStart method test
12:18:26.420 [TestNG-tests-1] INFO  resources.Log - ****************************************************************************************
12:18:26.420 [TestNG-tests-1] INFO  resources.Log - ****************************************************************************************
12:18:26.421 [TestNG-tests-1] INFO  resources.Log - $$$$$$$$$$$$$$$$$$$$$                 test       $$$$$$$$$$$$$$$$$$$$$$$$$
12:18:26.421 [TestNG-tests-1] INFO  resources.Log - ****************************************************************************************
12:18:26.421 [TestNG-tests-1] INFO  resources.Log - ****************************************************************************************
12:18:34.739 [TestNG-tests-1] INFO  resources.Log - XXXXXXXXXXXXXXXXXXXXXXX             -E---N---D-             XXXXXXXXXXXXXXXXXXXXXX
12:18:34.740 [TestNG-tests-1] INFO  resources.Log - X
12:18:34.740 [TestNG-tests-1] INFO  resources.Log - X
12:18:34.740 [TestNG-tests-1] INFO  resources.Log - X
12:18:34.741 [TestNG-tests-1] INFO  resources.Log - X
12:18:34.746 [TestNG-tests-1] INFO  resources.Log - came to flush
12:18:35.640 [TestNG-tests-1] INFO  resources.Log - Zipping of AutomationReports successfully
12:19:09.876 [TestNG-tests-1] INFO  resources.Log - Onstart
12:19:09.902 [TestNG-tests-1] INFO  resources.Log - Reading the Property file
12:19:09.902 [TestNG-tests-1] INFO  resources.Log - The Value of the Mode Fetched from the Properties: head
12:19:09.902 [TestNG-tests-1] INFO  resources.Log - Fetching the Browser value as firefox
12:19:09.902 [TestNG-tests-1] INFO  resources.Log - Invoking the firefox Browser
12:19:23.298 [TestNG-tests-1] INFO  resources.Log - Maximized the Browser window
12:19:23.608 [TestNG-tests-1] INFO  resources.Log - Listener OnTestStart method test
12:19:23.608 [TestNG-tests-1] INFO  resources.Log - ****************************************************************************************
12:19:23.608 [TestNG-tests-1] INFO  resources.Log - ****************************************************************************************
12:19:23.609 [TestNG-tests-1] INFO  resources.Log - $$$$$$$$$$$$$$$$$$$$$                 test       $$$$$$$$$$$$$$$$$$$$$$$$$
12:19:23.609 [TestNG-tests-1] INFO  resources.Log - ****************************************************************************************
12:19:23.610 [TestNG-tests-1] INFO  resources.Log - ****************************************************************************************
12:19:30.864 [TestNG-tests-1] INFO  resources.Log - XXXXXXXXXXXXXXXXXXXXXXX             -E---N---D-             XXXXXXXXXXXXXXXXXXXXXX
12:19:30.864 [TestNG-tests-1] INFO  resources.Log - X
12:19:30.864 [TestNG-tests-1] INFO  resources.Log - X
12:19:30.864 [TestNG-tests-1] INFO  resources.Log - X
12:19:30.864 [TestNG-tests-1] INFO  resources.Log - X
12:19:30.866 [TestNG-tests-1] INFO  resources.Log - came to flush
12:20:00.745 [TestNG-tests-1] INFO  resources.Log - Zipping of AutomationReports successfully
12:25:48.044 [TestNG-tests-1] INFO  resources.Log - Onstart
12:25:48.066 [TestNG-tests-1] INFO  resources.Log - Reading the Property file
12:25:48.066 [TestNG-tests-1] INFO  resources.Log - The Value of the Mode Fetched from the Properties: head
12:25:48.066 [TestNG-tests-1] INFO  resources.Log - Fetching the Browser value as firefox
12:25:48.066 [TestNG-tests-1] INFO  resources.Log - Invoking the firefox Browser
12:25:53.580 [TestNG-tests-1] INFO  resources.Log - Maximized the Browser window
12:25:53.613 [TestNG-tests-1] INFO  resources.Log - Listener OnTestStart method test
12:25:53.613 [TestNG-tests-1] INFO  resources.Log - ****************************************************************************************
12:25:53.614 [TestNG-tests-1] INFO  resources.Log - ****************************************************************************************
12:25:53.614 [TestNG-tests-1] INFO  resources.Log - $$$$$$$$$$$$$$$$$$$$$                 test       $$$$$$$$$$$$$$$$$$$$$$$$$
12:25:53.614 [TestNG-tests-1] INFO  resources.Log - ****************************************************************************************
12:25:53.614 [TestNG-tests-1] INFO  resources.Log - ****************************************************************************************
12:26:06.990 [TestNG-tests-1] INFO  resources.Log - Taking Screeshot of the webpage
12:26:07.684 [TestNG-tests-1] INFO  resources.Log - Taking Screeshot of the webpage
12:26:07.687 [TestNG-tests-1] INFO  resources.Log - came to flush
12:26:08.379 [TestNG-tests-1] INFO  resources.Log - Zipping of AutomationReports successfully
12:43:57.973 [TestNG-tests-1] INFO  resources.Log - Onstart
12:43:57.998 [TestNG-tests-1] INFO  resources.Log - Reading the Property file
12:43:57.998 [TestNG-tests-1] INFO  resources.Log - The Value of the Mode Fetched from the Properties: head
12:43:57.998 [TestNG-tests-1] INFO  resources.Log - Fetching the Browser value as firefox
12:43:57.998 [TestNG-tests-1] INFO  resources.Log - Invoking the firefox Browser
12:44:04.431 [TestNG-tests-1] INFO  resources.Log - Maximized the Browser window
12:44:04.448 [TestNG-tests-1] INFO  resources.Log - Listener OnTestStart method test
12:44:04.448 [TestNG-tests-1] INFO  resources.Log - ****************************************************************************************
12:44:04.448 [TestNG-tests-1] INFO  resources.Log - ****************************************************************************************
12:44:04.448 [TestNG-tests-1] INFO  resources.Log - $$$$$$$$$$$$$$$$$$$$$                 test       $$$$$$$$$$$$$$$$$$$$$$$$$
12:44:04.449 [TestNG-tests-1] INFO  resources.Log - ****************************************************************************************
12:44:04.449 [TestNG-tests-1] INFO  resources.Log - ****************************************************************************************
12:44:13.636 [TestNG-tests-1] INFO  resources.Log - Taking Screeshot of the webpage
12:44:14.416 [TestNG-tests-1] INFO  resources.Log - Taking Screeshot of the webpage
12:44:14.418 [TestNG-tests-1] INFO  resources.Log - came to flush
12:44:15.145 [TestNG-tests-1] INFO  resources.Log - Zipping of AutomationReports successfully
12:44:50.995 [TestNG-tests-1] INFO  resources.Log - Onstart
12:44:51.018 [TestNG-tests-1] INFO  resources.Log - Reading the Property file
12:44:51.019 [TestNG-tests-1] INFO  resources.Log - The Value of the Mode Fetched from the Properties: head
12:44:51.019 [TestNG-tests-1] INFO  resources.Log - Fetching the Browser value as firefox
12:44:51.019 [TestNG-tests-1] INFO  resources.Log - Invoking the firefox Browser
12:44:55.737 [TestNG-tests-1] INFO  resources.Log - Maximized the Browser window
12:44:55.780 [TestNG-tests-1] INFO  resources.Log - Listener OnTestStart method test
12:44:55.780 [TestNG-tests-1] INFO  resources.Log - ****************************************************************************************
12:44:55.780 [TestNG-tests-1] INFO  resources.Log - ****************************************************************************************
12:44:55.780 [TestNG-tests-1] INFO  resources.Log - $$$$$$$$$$$$$$$$$$$$$                 test       $$$$$$$$$$$$$$$$$$$$$$$$$
12:44:55.780 [TestNG-tests-1] INFO  resources.Log - ****************************************************************************************
12:44:55.780 [TestNG-tests-1] INFO  resources.Log - ****************************************************************************************
12:44:59.784 [TestNG-tests-1] INFO  resources.Log - XXXXXXXXXXXXXXXXXXXXXXX             -E---N---D-             XXXXXXXXXXXXXXXXXXXXXX
12:44:59.784 [TestNG-tests-1] INFO  resources.Log - X
12:44:59.784 [TestNG-tests-1] INFO  resources.Log - X
12:44:59.785 [TestNG-tests-1] INFO  resources.Log - X
12:44:59.785 [TestNG-tests-1] INFO  resources.Log - X
12:44:59.788 [TestNG-tests-1] INFO  resources.Log - came to flush
12:45:00.555 [TestNG-tests-1] INFO  resources.Log - Zipping of AutomationReports successfully
12:50:31.906 [TestNG-tests-1] INFO  resources.Log - Onstart
12:50:31.931 [TestNG-tests-1] INFO  resources.Log - Reading the Property file
12:50:31.931 [TestNG-tests-1] INFO  resources.Log - The Value of the Mode Fetched from the Properties: head
12:50:31.931 [TestNG-tests-1] INFO  resources.Log - Fetching the Browser value as firefox
12:50:31.931 [TestNG-tests-1] INFO  resources.Log - Invoking the firefox Browser
12:50:37.501 [TestNG-tests-1] INFO  resources.Log - Maximized the Browser window
12:50:37.524 [TestNG-tests-1] INFO  resources.Log - Listener OnTestStart method test
12:50:37.524 [TestNG-tests-1] INFO  resources.Log - ****************************************************************************************
12:50:37.525 [TestNG-tests-1] INFO  resources.Log - ****************************************************************************************
12:50:37.525 [TestNG-tests-1] INFO  resources.Log - $$$$$$$$$$$$$$$$$$$$$                 test       $$$$$$$$$$$$$$$$$$$$$$$$$
12:50:37.525 [TestNG-tests-1] INFO  resources.Log - ****************************************************************************************
12:50:37.525 [TestNG-tests-1] INFO  resources.Log - ****************************************************************************************
12:50:43.844 [TestNG-tests-1] INFO  resources.Log - XXXXXXXXXXXXXXXXXXXXXXX             -E---N---D-             XXXXXXXXXXXXXXXXXXXXXX
12:50:43.844 [TestNG-tests-1] INFO  resources.Log - X
12:50:43.844 [TestNG-tests-1] INFO  resources.Log - X
12:50:43.845 [TestNG-tests-1] INFO  resources.Log - X
12:50:43.845 [TestNG-tests-1] INFO  resources.Log - X
12:50:43.848 [TestNG-tests-1] INFO  resources.Log - came to flush
12:50:44.522 [TestNG-tests-1] INFO  resources.Log - Zipping of AutomationReports successfully
13:12:07.524 [TestNG-tests-1] INFO  resources.Log - Onstart
13:12:07.558 [TestNG-tests-1] INFO  resources.Log - Reading the Property file
13:12:07.558 [TestNG-tests-1] INFO  resources.Log - The Value of the Mode Fetched from the Properties: head
13:12:07.559 [TestNG-tests-1] INFO  resources.Log - Fetching the Browser value as firefox
13:12:07.559 [TestNG-tests-1] INFO  resources.Log - Invoking the firefox Browser
13:12:16.457 [TestNG-tests-1] INFO  resources.Log - Maximized the Browser window
13:12:16.487 [TestNG-tests-1] INFO  resources.Log - Listener OnTestStart method test
13:12:16.488 [TestNG-tests-1] INFO  resources.Log - ****************************************************************************************
13:12:16.488 [TestNG-tests-1] INFO  resources.Log - ****************************************************************************************
13:12:16.488 [TestNG-tests-1] INFO  resources.Log - $$$$$$$$$$$$$$$$$$$$$                 test       $$$$$$$$$$$$$$$$$$$$$$$$$
13:12:16.489 [TestNG-tests-1] INFO  resources.Log - ****************************************************************************************
13:12:16.489 [TestNG-tests-1] INFO  resources.Log - ****************************************************************************************
13:12:55.094 [TestNG-tests-1] INFO  resources.Log - XXXXXXXXXXXXXXXXXXXXXXX             -E---N---D-             XXXXXXXXXXXXXXXXXXXXXX
13:12:55.094 [TestNG-tests-1] INFO  resources.Log - X
13:12:55.094 [TestNG-tests-1] INFO  resources.Log - X
13:12:55.094 [TestNG-tests-1] INFO  resources.Log - X
13:12:55.094 [TestNG-tests-1] INFO  resources.Log - X
13:12:55.101 [TestNG-tests-1] INFO  resources.Log - came to flush
13:12:56.631 [TestNG-tests-1] INFO  resources.Log - Zipping of AutomationReports successfully
13:13:21.263 [TestNG-tests-1] INFO  resources.Log - Onstart
13:13:21.297 [TestNG-tests-1] INFO  resources.Log - Reading the Property file
13:13:21.297 [TestNG-tests-1] INFO  resources.Log - The Value of the Mode Fetched from the Properties: head
13:13:21.297 [TestNG-tests-1] INFO  resources.Log - Fetching the Browser value as firefox
13:13:21.297 [TestNG-tests-1] INFO  resources.Log - Invoking the firefox Browser
13:13:27.661 [TestNG-tests-1] INFO  resources.Log - Maximized the Browser window
13:13:27.693 [TestNG-tests-1] INFO  resources.Log - Listener OnTestStart method test
13:13:27.693 [TestNG-tests-1] INFO  resources.Log - ****************************************************************************************
13:13:27.693 [TestNG-tests-1] INFO  resources.Log - ****************************************************************************************
13:13:27.695 [TestNG-tests-1] INFO  resources.Log - $$$$$$$$$$$$$$$$$$$$$                 test       $$$$$$$$$$$$$$$$$$$$$$$$$
13:13:27.695 [TestNG-tests-1] INFO  resources.Log - ****************************************************************************************
13:13:27.695 [TestNG-tests-1] INFO  resources.Log - ****************************************************************************************
13:13:32.053 [TestNG-tests-1] INFO  resources.Log - XXXXXXXXXXXXXXXXXXXXXXX             -E---N---D-             XXXXXXXXXXXXXXXXXXXXXX
13:13:32.053 [TestNG-tests-1] INFO  resources.Log - X
13:13:32.053 [TestNG-tests-1] INFO  resources.Log - X
13:13:32.054 [TestNG-tests-1] INFO  resources.Log - X
13:13:32.054 [TestNG-tests-1] INFO  resources.Log - X
13:13:32.057 [TestNG-tests-1] INFO  resources.Log - came to flush
13:13:33.969 [TestNG-tests-1] INFO  resources.Log - Zipping of AutomationReports successfully
13:29:46.397 [TestNG-tests-1] INFO  resources.Log - Onstart
13:29:46.438 [TestNG-tests-1] INFO  resources.Log - Reading the Property file
13:29:46.438 [TestNG-tests-1] INFO  resources.Log - The Value of the Mode Fetched from the Properties: head
13:29:46.438 [TestNG-tests-1] INFO  resources.Log - Fetching the Browser value as firefox
13:29:46.438 [TestNG-tests-1] INFO  resources.Log - Invoking the firefox Browser
13:29:53.025 [TestNG-tests-1] INFO  resources.Log - Maximized the Browser window
13:29:53.047 [TestNG-tests-1] INFO  resources.Log - Listener OnTestStart method test
13:29:53.048 [TestNG-tests-1] INFO  resources.Log - ****************************************************************************************
13:29:53.048 [TestNG-tests-1] INFO  resources.Log - ****************************************************************************************
13:29:53.048 [TestNG-tests-1] INFO  resources.Log - $$$$$$$$$$$$$$$$$$$$$                 test       $$$$$$$$$$$$$$$$$$$$$$$$$
13:29:53.048 [TestNG-tests-1] INFO  resources.Log - ****************************************************************************************
13:29:53.048 [TestNG-tests-1] INFO  resources.Log - ****************************************************************************************
13:29:53.056 [TestNG-tests-1] INFO  resources.Log - Taking Screeshot of the webpage
13:29:53.180 [TestNG-tests-1] INFO  resources.Log - Adding the Screenshot to the Reports
13:29:53.213 [TestNG-tests-1] INFO  resources.Log - XXXXXXXXXXXXXXXXXXXXXXX             -E---N---D-             XXXXXXXXXXXXXXXXXXXXXX
13:29:53.213 [TestNG-tests-1] INFO  resources.Log - X
13:29:53.214 [TestNG-tests-1] INFO  resources.Log - X
13:29:53.214 [TestNG-tests-1] INFO  resources.Log - X
13:29:53.214 [TestNG-tests-1] INFO  resources.Log - X
13:29:53.221 [TestNG-tests-1] INFO  resources.Log - came to flush
13:29:54.310 [TestNG-tests-1] INFO  resources.Log - Zipping of AutomationReports successfully
10:13:31.102 [TestNG-tests-1] INFO  resources.Log - Onstart
10:13:31.103 [TestNG-tests-1] INFO  resources.Log - Onstart
10:13:31.135 [TestNG-tests-1] INFO  resources.Log - Reading the Property file
10:13:31.135 [TestNG-tests-1] INFO  resources.Log - Reading the Property file
10:13:31.136 [TestNG-tests-1] INFO  resources.Log - The Value of the Mode Fetched from the Properties: head
10:13:31.136 [TestNG-tests-1] INFO  resources.Log - Fetching the Browser value as firefox
10:13:31.136 [TestNG-tests-1] INFO  resources.Log - The Value of the Mode Fetched from the Properties: head
10:13:31.136 [TestNG-tests-1] INFO  resources.Log - Invoking the firefox Browser
10:13:31.136 [TestNG-tests-1] INFO  resources.Log - Fetching the Browser value as firefox
10:13:31.137 [TestNG-tests-1] INFO  resources.Log - Invoking the firefox Browser
10:14:25.571 [TestNG-tests-1] INFO  resources.Log - Listener OnTestStart method test
10:14:25.571 [TestNG-tests-1] INFO  resources.Log - ****************************************************************************************
10:14:25.572 [TestNG-tests-1] INFO  resources.Log - ****************************************************************************************
10:14:25.572 [TestNG-tests-1] INFO  resources.Log - $$$$$$$$$$$$$$$$$$$$$                 test       $$$$$$$$$$$$$$$$$$$$$$$$$
10:14:25.572 [TestNG-tests-1] INFO  resources.Log - ****************************************************************************************
10:14:25.572 [TestNG-tests-1] INFO  resources.Log - ****************************************************************************************
10:14:25.573 [TestNG-tests-1] ERROR resources.Log - onTestSKipped
10:14:25.573 [TestNG-tests-1] INFO  resources.Log - XXXXXXXXXXXXXXXXXXXXXXX             -E---N---D-             XXXXXXXXXXXXXXXXXXXXXX
10:14:25.573 [TestNG-tests-1] INFO  resources.Log - X
10:14:25.575 [TestNG-tests-1] INFO  resources.Log - X
10:14:25.575 [TestNG-tests-1] INFO  resources.Log - X
10:14:25.575 [TestNG-tests-1] INFO  resources.Log - X
10:14:25.579 [TestNG-tests-1] INFO  resources.Log - came to flush
10:14:26.471 [TestNG-tests-1] INFO  resources.Log - Maximized the Browser window
10:14:27.020 [TestNG-tests-1] INFO  resources.Log - Listener OnTestStart method test
10:14:27.020 [TestNG-tests-1] INFO  resources.Log - ****************************************************************************************
10:14:27.020 [TestNG-tests-1] INFO  resources.Log - ****************************************************************************************
10:14:27.020 [TestNG-tests-1] INFO  resources.Log - $$$$$$$$$$$$$$$$$$$$$                 test       $$$$$$$$$$$$$$$$$$$$$$$$$
10:14:27.021 [TestNG-tests-1] INFO  resources.Log - ****************************************************************************************
10:14:27.021 [TestNG-tests-1] INFO  resources.Log - ****************************************************************************************
10:14:40.322 [TestNG-tests-1] INFO  resources.Log - XXXXXXXXXXXXXXXXXXXXXXX             -E---N---D-             XXXXXXXXXXXXXXXXXXXXXX
10:14:40.329 [TestNG-tests-1] INFO  resources.Log - X
10:14:40.330 [TestNG-tests-1] INFO  resources.Log - X
10:14:40.331 [TestNG-tests-1] INFO  resources.Log - X
10:14:40.331 [TestNG-tests-1] INFO  resources.Log - X
10:14:40.338 [TestNG-tests-1] INFO  resources.Log - came to flush
10:14:46.465 [TestNG-tests-1] INFO  resources.Log - Zipping of AutomationReports successfully
10:14:46.529 [TestNG-tests-1] INFO  resources.Log - Zipping of AutomationReports successfully
10:15:09.374 [TestNG-tests-1] INFO  resources.Log - Onstart
10:15:09.399 [TestNG-tests-1] INFO  resources.Log - Reading the Property file
10:15:09.399 [TestNG-tests-1] INFO  resources.Log - The Value of the Mode Fetched from the Properties: head
10:15:09.399 [TestNG-tests-1] INFO  resources.Log - Fetching the Browser value as firefox
10:15:09.399 [TestNG-tests-1] INFO  resources.Log - Invoking the firefox Browser
10:15:18.033 [TestNG-tests-1] INFO  resources.Log - Maximized the Browser window
10:15:18.063 [TestNG-tests-1] INFO  resources.Log - Listener OnTestStart method test
10:15:18.063 [TestNG-tests-1] INFO  resources.Log - ****************************************************************************************
10:15:18.064 [TestNG-tests-1] INFO  resources.Log - ****************************************************************************************
10:15:18.064 [TestNG-tests-1] INFO  resources.Log - $$$$$$$$$$$$$$$$$$$$$                 test       $$$$$$$$$$$$$$$$$$$$$$$$$
10:15:18.064 [TestNG-tests-1] INFO  resources.Log - ****************************************************************************************
10:15:18.064 [TestNG-tests-1] INFO  resources.Log - ****************************************************************************************
10:15:23.358 [TestNG-tests-1] INFO  resources.Log - XXXXXXXXXXXXXXXXXXXXXXX             -E---N---D-             XXXXXXXXXXXXXXXXXXXXXX
10:15:23.359 [TestNG-tests-1] INFO  resources.Log - X
10:15:23.359 [TestNG-tests-1] INFO  resources.Log - X
10:15:23.359 [TestNG-tests-1] INFO  resources.Log - X
10:15:23.359 [TestNG-tests-1] INFO  resources.Log - X
10:15:23.362 [TestNG-tests-1] INFO  resources.Log - came to flush
10:15:25.339 [TestNG-tests-1] INFO  resources.Log - Zipping of AutomationReports successfully
10:16:07.078 [TestNG-tests-1] INFO  resources.Log - Onstart
10:16:07.116 [TestNG-tests-1] INFO  resources.Log - Reading the Property file
10:16:07.117 [TestNG-tests-1] INFO  resources.Log - The Value of the Mode Fetched from the Properties: head
10:16:07.117 [TestNG-tests-1] INFO  resources.Log - Fetching the Browser value as firefox
10:16:07.117 [TestNG-tests-1] INFO  resources.Log - Invoking the firefox Browser
10:16:16.163 [TestNG-tests-1] INFO  resources.Log - Maximized the Browser window
10:16:16.196 [TestNG-tests-1] INFO  resources.Log - Listener OnTestStart method test
10:16:16.196 [TestNG-tests-1] INFO  resources.Log - ****************************************************************************************
10:16:16.197 [TestNG-tests-1] INFO  resources.Log - ****************************************************************************************
10:16:16.197 [TestNG-tests-1] INFO  resources.Log - $$$$$$$$$$$$$$$$$$$$$                 test       $$$$$$$$$$$$$$$$$$$$$$$$$
10:16:16.197 [TestNG-tests-1] INFO  resources.Log - ****************************************************************************************
10:16:16.197 [TestNG-tests-1] INFO  resources.Log - ****************************************************************************************
10:16:20.614 [TestNG-tests-1] INFO  resources.Log - XXXXXXXXXXXXXXXXXXXXXXX             -E---N---D-             XXXXXXXXXXXXXXXXXXXXXX
10:16:20.614 [TestNG-tests-1] INFO  resources.Log - X
10:16:20.614 [TestNG-tests-1] INFO  resources.Log - X
10:16:20.615 [TestNG-tests-1] INFO  resources.Log - X
10:16:20.615 [TestNG-tests-1] INFO  resources.Log - X
10:16:20.618 [TestNG-tests-1] INFO  resources.Log - came to flush
10:16:22.828 [TestNG-tests-1] INFO  resources.Log - Zipping of AutomationReports successfully
10:17:23.264 [TestNG-tests-1] INFO  resources.Log - Onstart
10:17:23.301 [TestNG-tests-1] INFO  resources.Log - Reading the Property file
10:17:23.301 [TestNG-tests-1] INFO  resources.Log - The Value of the Mode Fetched from the Properties: head
10:17:23.302 [TestNG-tests-1] INFO  resources.Log - Fetching the Browser value as firefox
10:17:23.302 [TestNG-tests-1] INFO  resources.Log - Invoking the firefox Browser
10:17:31.649 [TestNG-tests-1] INFO  resources.Log - Maximized the Browser window
10:17:31.668 [TestNG-tests-1] INFO  resources.Log - Listener OnTestStart method test
10:17:31.669 [TestNG-tests-1] INFO  resources.Log - ****************************************************************************************
10:17:31.669 [TestNG-tests-1] INFO  resources.Log - ****************************************************************************************
10:17:31.669 [TestNG-tests-1] INFO  resources.Log - $$$$$$$$$$$$$$$$$$$$$                 test       $$$$$$$$$$$$$$$$$$$$$$$$$
10:17:31.669 [TestNG-tests-1] INFO  resources.Log - ****************************************************************************************
10:17:31.669 [TestNG-tests-1] INFO  resources.Log - ****************************************************************************************
10:17:37.797 [TestNG-tests-1] INFO  resources.Log - XXXXXXXXXXXXXXXXXXXXXXX             -E---N---D-             XXXXXXXXXXXXXXXXXXXXXX
10:17:37.797 [TestNG-tests-1] INFO  resources.Log - X
10:17:37.797 [TestNG-tests-1] INFO  resources.Log - X
10:17:37.798 [TestNG-tests-1] INFO  resources.Log - X
10:17:37.798 [TestNG-tests-1] INFO  resources.Log - X
10:17:37.803 [TestNG-tests-1] INFO  resources.Log - came to flush
10:17:39.713 [TestNG-tests-1] INFO  resources.Log - Zipping of AutomationReports successfully
10:18:59.400 [TestNG-tests-1] INFO  resources.Log - Onstart
10:18:59.439 [TestNG-tests-1] INFO  resources.Log - Reading the Property file
10:18:59.439 [TestNG-tests-1] INFO  resources.Log - The Value of the Mode Fetched from the Properties: head
10:18:59.439 [TestNG-tests-1] INFO  resources.Log - Fetching the Browser value as firefox
10:18:59.439 [TestNG-tests-1] INFO  resources.Log - Invoking the firefox Browser
10:19:11.214 [TestNG-tests-1] INFO  resources.Log - Maximized the Browser window
10:19:11.262 [TestNG-tests-1] INFO  resources.Log - Listener OnTestStart method test
10:19:11.262 [TestNG-tests-1] INFO  resources.Log - ****************************************************************************************
10:19:11.262 [TestNG-tests-1] INFO  resources.Log - ****************************************************************************************
10:19:11.262 [TestNG-tests-1] INFO  resources.Log - $$$$$$$$$$$$$$$$$$$$$                 test       $$$$$$$$$$$$$$$$$$$$$$$$$
10:19:11.263 [TestNG-tests-1] INFO  resources.Log - ****************************************************************************************
10:19:11.263 [TestNG-tests-1] INFO  resources.Log - ****************************************************************************************
10:19:24.357 [TestNG-tests-1] INFO  resources.Log - XXXXXXXXXXXXXXXXXXXXXXX             -E---N---D-             XXXXXXXXXXXXXXXXXXXXXX
10:19:24.357 [TestNG-tests-1] INFO  resources.Log - X
10:19:24.357 [TestNG-tests-1] INFO  resources.Log - X
10:19:24.357 [TestNG-tests-1] INFO  resources.Log - X
10:19:24.358 [TestNG-tests-1] INFO  resources.Log - X
10:19:24.361 [TestNG-tests-1] INFO  resources.Log - came to flush
10:19:25.826 [TestNG-tests-1] INFO  resources.Log - Zipping of AutomationReports successfully
10:23:14.610 [TestNG-tests-1] INFO  resources.Log - Onstart
10:23:14.641 [TestNG-tests-1] INFO  resources.Log - Reading the Property file
10:23:14.642 [TestNG-tests-1] INFO  resources.Log - The Value of the Mode Fetched from the Properties: head
10:23:14.642 [TestNG-tests-1] INFO  resources.Log - Fetching the Browser value as firefox
10:23:14.642 [TestNG-tests-1] INFO  resources.Log - Invoking the firefox Browser
10:23:27.680 [TestNG-tests-1] INFO  resources.Log - Maximized the Browser window
10:23:27.735 [TestNG-tests-1] INFO  resources.Log - Listener OnTestStart method test
10:23:27.736 [TestNG-tests-1] INFO  resources.Log - ****************************************************************************************
10:23:27.736 [TestNG-tests-1] INFO  resources.Log - ****************************************************************************************
10:23:27.737 [TestNG-tests-1] INFO  resources.Log - $$$$$$$$$$$$$$$$$$$$$                 test       $$$$$$$$$$$$$$$$$$$$$$$$$
10:23:27.737 [TestNG-tests-1] INFO  resources.Log - ****************************************************************************************
10:23:27.738 [TestNG-tests-1] INFO  resources.Log - ****************************************************************************************
10:23:37.383 [TestNG-tests-1] INFO  resources.Log - XXXXXXXXXXXXXXXXXXXXXXX             -E---N---D-             XXXXXXXXXXXXXXXXXXXXXX
10:23:37.384 [TestNG-tests-1] INFO  resources.Log - X
10:23:37.385 [TestNG-tests-1] INFO  resources.Log - X
10:23:37.386 [TestNG-tests-1] INFO  resources.Log - X
10:23:37.386 [TestNG-tests-1] INFO  resources.Log - X
10:23:37.389 [TestNG-tests-1] INFO  resources.Log - came to flush
10:23:39.373 [TestNG-tests-1] INFO  resources.Log - Zipping of AutomationReports successfully
15:35:12.932 [TestNG-tests-1] INFO  resources.Log - Onstart
15:35:12.979 [TestNG-tests-1] INFO  resources.Log - Reading the Property file
15:35:12.979 [TestNG-tests-1] INFO  resources.Log - The Value of the Mode Fetched from the Properties: head
15:35:12.979 [TestNG-tests-1] INFO  resources.Log - Fetching the Browser value as firefox
15:35:12.979 [TestNG-tests-1] INFO  resources.Log - Invoking the firefox Browser
15:35:42.274 [TestNG-tests-1] INFO  resources.Log - Maximized the Browser window
15:35:42.317 [TestNG-tests-1] INFO  resources.Log - Listener OnTestStart method test
15:35:42.317 [TestNG-tests-1] INFO  resources.Log - ****************************************************************************************
15:35:42.317 [TestNG-tests-1] INFO  resources.Log - ****************************************************************************************
15:35:42.317 [TestNG-tests-1] INFO  resources.Log - $$$$$$$$$$$$$$$$$$$$$                 test       $$$$$$$$$$$$$$$$$$$$$$$$$
15:35:42.317 [TestNG-tests-1] INFO  resources.Log - ****************************************************************************************
15:35:42.318 [TestNG-tests-1] INFO  resources.Log - ****************************************************************************************
15:35:57.614 [TestNG-tests-1] INFO  resources.Log - Taking Screeshot of the webpage
15:35:57.810 [TestNG-tests-1] INFO  resources.Log - Adding the Screenshot to the Reports
15:35:57.848 [TestNG-tests-1] INFO  resources.Log - XXXXXXXXXXXXXXXXXXXXXXX             -E---N---D-             XXXXXXXXXXXXXXXXXXXXXX
15:35:57.849 [TestNG-tests-1] INFO  resources.Log - X
15:35:57.849 [TestNG-tests-1] INFO  resources.Log - X
15:35:57.849 [TestNG-tests-1] INFO  resources.Log - X
15:35:57.850 [TestNG-tests-1] INFO  resources.Log - X
15:35:57.862 [TestNG-tests-1] INFO  resources.Log - came to flush
15:36:05.258 [TestNG-tests-1] INFO  resources.Log - Zipping of AutomationReports successfully
15:36:37.143 [TestNG-tests-1] INFO  resources.Log - Onstart
15:36:37.182 [TestNG-tests-1] INFO  resources.Log - Reading the Property file
15:36:37.183 [TestNG-tests-1] INFO  resources.Log - The Value of the Mode Fetched from the Properties: head
15:36:37.183 [TestNG-tests-1] INFO  resources.Log - Fetching the Browser value as firefox
15:36:37.183 [TestNG-tests-1] INFO  resources.Log - Invoking the firefox Browser
15:36:52.568 [TestNG-tests-1] INFO  resources.Log - Maximized the Browser window
15:36:52.634 [TestNG-tests-1] INFO  resources.Log - Listener OnTestStart method test
15:36:52.635 [TestNG-tests-1] INFO  resources.Log - ****************************************************************************************
15:36:52.635 [TestNG-tests-1] INFO  resources.Log - ****************************************************************************************
15:36:52.635 [TestNG-tests-1] INFO  resources.Log - $$$$$$$$$$$$$$$$$$$$$                 test       $$$$$$$$$$$$$$$$$$$$$$$$$
15:36:52.636 [TestNG-tests-1] INFO  resources.Log - ****************************************************************************************
15:36:52.636 [TestNG-tests-1] INFO  resources.Log - ****************************************************************************************
15:37:01.274 [TestNG-tests-1] INFO  resources.Log - XXXXXXXXXXXXXXXXXXXXXXX             -E---N---D-             XXXXXXXXXXXXXXXXXXXXXX
15:37:01.275 [TestNG-tests-1] INFO  resources.Log - X
15:37:01.276 [TestNG-tests-1] INFO  resources.Log - X
15:37:01.276 [TestNG-tests-1] INFO  resources.Log - X
15:37:01.276 [TestNG-tests-1] INFO  resources.Log - X
15:37:01.284 [TestNG-tests-1] INFO  resources.Log - came to flush
15:37:03.193 [TestNG-tests-1] INFO  resources.Log - Zipping of AutomationReports successfully
11:47:43.329 [TestNG-tests-1] INFO  resources.Log - Onstart
11:47:43.359 [TestNG-tests-1] INFO  resources.Log - Reading the Property file
11:47:43.359 [TestNG-tests-1] INFO  resources.Log - The Value of the Mode Fetched from the Properties: head
11:47:43.359 [TestNG-tests-1] INFO  resources.Log - Fetching the Browser value as firefox
11:47:43.359 [TestNG-tests-1] INFO  resources.Log - Invoking the firefox Browser
11:48:16.402 [TestNG-tests-1] INFO  resources.Log - Maximized the Browser window
11:48:16.555 [TestNG-tests-1] INFO  resources.Log - Listener OnTestStart method test
11:48:16.555 [TestNG-tests-1] INFO  resources.Log - ****************************************************************************************
11:48:16.556 [TestNG-tests-1] INFO  resources.Log - ****************************************************************************************
11:48:16.556 [TestNG-tests-1] INFO  resources.Log - $$$$$$$$$$$$$$$$$$$$$                 test       $$$$$$$$$$$$$$$$$$$$$$$$$
11:48:16.557 [TestNG-tests-1] INFO  resources.Log - ****************************************************************************************
11:48:16.557 [TestNG-tests-1] INFO  resources.Log - ****************************************************************************************
11:48:29.359 [TestNG-tests-1] INFO  resources.Log - XXXXXXXXXXXXXXXXXXXXXXX             -E---N---D-             XXXXXXXXXXXXXXXXXXXXXX
11:48:29.360 [TestNG-tests-1] INFO  resources.Log - X
11:48:29.360 [TestNG-tests-1] INFO  resources.Log - X
11:48:29.361 [TestNG-tests-1] INFO  resources.Log - X
11:48:29.361 [TestNG-tests-1] INFO  resources.Log - X
11:48:29.368 [TestNG-tests-1] INFO  resources.Log - came to flush
11:48:36.800 [TestNG-tests-1] INFO  resources.Log - Zipping of AutomationReports successfully
11:50:37.431 [TestNG-tests-1] INFO  resources.Log - Onstart
11:50:37.465 [TestNG-tests-1] INFO  resources.Log - Reading the Property file
11:50:37.465 [TestNG-tests-1] INFO  resources.Log - The Value of the Mode Fetched from the Properties: head
11:50:37.465 [TestNG-tests-1] INFO  resources.Log - Fetching the Browser value as firefox
11:50:37.465 [TestNG-tests-1] INFO  resources.Log - Invoking the firefox Browser
11:50:47.503 [TestNG-tests-1] INFO  resources.Log - Maximized the Browser window
11:50:47.635 [TestNG-tests-1] INFO  resources.Log - Listener OnTestStart method test
11:50:47.635 [TestNG-tests-1] INFO  resources.Log - ****************************************************************************************
11:50:47.635 [TestNG-tests-1] INFO  resources.Log - ****************************************************************************************
11:50:47.636 [TestNG-tests-1] INFO  resources.Log - $$$$$$$$$$$$$$$$$$$$$                 test       $$$$$$$$$$$$$$$$$$$$$$$$$
11:50:47.636 [TestNG-tests-1] INFO  resources.Log - ****************************************************************************************
11:50:47.636 [TestNG-tests-1] INFO  resources.Log - ****************************************************************************************
11:50:55.387 [TestNG-tests-1] INFO  resources.Log - Taking Screeshot of the webpage
11:50:55.883 [TestNG-tests-1] INFO  resources.Log - Taking Screeshot of the webpage
11:50:55.890 [TestNG-tests-1] INFO  resources.Log - came to flush
11:50:57.591 [TestNG-tests-1] INFO  resources.Log - Zipping of AutomationReports successfully
12:36:08.930 [TestNG-tests-1] INFO  resources.Log - Onstart
12:36:08.959 [TestNG-tests-1] INFO  resources.Log - Reading the Property file
12:36:08.959 [TestNG-tests-1] INFO  resources.Log - The Value of the Mode Fetched from the Properties: head
12:36:08.959 [TestNG-tests-1] INFO  resources.Log - Fetching the Browser value as firefox
12:36:08.959 [TestNG-tests-1] INFO  resources.Log - Invoking the firefox Browser
12:36:46.523 [TestNG-tests-1] INFO  resources.Log - Maximized the Browser window
12:36:46.607 [TestNG-tests-1] INFO  resources.Log - Listener OnTestStart method test
12:36:46.608 [TestNG-tests-1] INFO  resources.Log - ****************************************************************************************
12:36:46.608 [TestNG-tests-1] INFO  resources.Log - ****************************************************************************************
12:36:46.608 [TestNG-tests-1] INFO  resources.Log - $$$$$$$$$$$$$$$$$$$$$                 test       $$$$$$$$$$$$$$$$$$$$$$$$$
12:36:46.608 [TestNG-tests-1] INFO  resources.Log - ****************************************************************************************
12:36:46.608 [TestNG-tests-1] INFO  resources.Log - ****************************************************************************************
12:36:50.892 [TestNG-tests-1] INFO  resources.Log - XXXXXXXXXXXXXXXXXXXXXXX             -E---N---D-             XXXXXXXXXXXXXXXXXXXXXX
12:36:50.893 [TestNG-tests-1] INFO  resources.Log - X
12:36:50.893 [TestNG-tests-1] INFO  resources.Log - X
12:36:50.893 [TestNG-tests-1] INFO  resources.Log - X
12:36:50.916 [TestNG-tests-1] INFO  resources.Log - X
12:36:50.918 [TestNG-tests-1] INFO  resources.Log - came to flush
12:37:01.170 [TestNG-tests-1] INFO  resources.Log - Zipping of AutomationReports successfully
