21:06:12.337 [main] DEBUG io.netty.buffer.ByteBufUtil - -Dio.netty.maxThreadLocalCharBufferSize: 16384
21:06:12.651 [Forwarding newSession on session null to remote] DEBUG io.netty.channel.DefaultChannelId - -Dio.netty.processId: 4086423 (auto-detected)
21:06:12.655 [Forwarding newSession on session null to remote] DEBUG io.netty.util.NetUtil - -Djava.net.preferIPv4Stack: false
21:06:12.655 [Forwarding newSession on session null to remote] DEBUG io.netty.util.NetUtil - -Djava.net.preferIPv6Addresses: false
21:06:12.657 [Forwarding newSession on session null to remote] DEBUG io.netty.util.NetUtilInitializations - Loopback interface: lo (lo, 127.0.0.1)
21:06:12.658 [Forwarding newSession on session null to remote] DEBUG io.netty.util.NetUtil - /proc/sys/net/core/somaxconn: 4096
21:06:12.659 [Forwarding newSession on session null to remote] DEBUG io.netty.channel.DefaultChannelId - -Dio.netty.machineId: 60:a5:e2:ff:fe:a2:21:32 (auto-detected)
21:06:12.715 [AsyncHttpClient-1-2] DEBUG io.netty.buffer.AbstractByteBuf - -Dio.netty.buffer.checkAccessible: true
21:06:12.716 [AsyncHttpClient-1-2] DEBUG io.netty.buffer.AbstractByteBuf - -Dio.netty.buffer.checkBounds: true
21:06:12.716 [AsyncHttpClient-1-2] DEBUG io.netty.util.ResourceLeakDetectorFactory - Loaded default ResourceLeakDetector: io.netty.util.ResourceLeakDetector@69a72a0e
21:06:12.735 [AsyncHttpClient-1-2] DEBUG io.netty.util.Recycler - -Dio.netty.recycler.maxCapacityPerThread: 4096
21:06:12.736 [AsyncHttpClient-1-2] DEBUG io.netty.util.Recycler - -Dio.netty.recycler.ratio: 8
21:06:12.736 [AsyncHttpClient-1-2] DEBUG io.netty.util.Recycler - -Dio.netty.recycler.chunkSize: 32
21:06:12.736 [AsyncHttpClient-1-2] DEBUG io.netty.util.Recycler - -Dio.netty.recycler.blocking: false
21:06:13.190 [AsyncHttpClient-1-2] DEBUG io.netty.handler.codec.compression.Brotli - brotli4j not in the classpath; Brotli support will be unavailable.
21:06:13.299 [main] DEBUG io.netty.util.internal.ThreadLocalRandom - -Dio.netty.initialSeedUniquifier: 0x24de08b0d120746b
21:06:13.447 [main] INFO  resources.Log - Maximized the Browser window
21:06:13.456 [main] INFO  resources.Log - Reading the Property file
21:06:13.457 [main] INFO  resources.Log - The Value of the BaseURL Fetched from the Properties: https://stagingpartners.dotgo.com/
21:06:19.204 [main] INFO  resources.Log - Listener OnTestStart method verifyCreateNewRcsBotButton
21:06:19.204 [main] INFO  resources.Log - ****************************************************************************************
21:06:19.204 [main] INFO  resources.Log - ****************************************************************************************
21:06:19.204 [main] INFO  resources.Log - $$$$$$$$$$$$$$$$$$$$$                 verifyCreateNewRcsBotButton       $$$$$$$$$$$$$$$$$$$$$$$$$
21:06:19.205 [main] INFO  resources.Log - ****************************************************************************************
21:06:19.205 [main] INFO  resources.Log - ****************************************************************************************
21:06:19.215 [main] INFO  resources.Log - Reading the Property file
21:06:19.215 [main] INFO  resources.Log - The Value of the CreateNewBotEmail Fetched from the Properties: knjyothi@kirusa.com
21:06:19.215 [main] INFO  resources.Log - Reading the Property file
21:06:19.215 [main] INFO  resources.Log - The Value of the CreateNewBotPassword Fetched from the Properties: Abcd@1234
21:06:19.215 [main] INFO  resources.Log - Clicking on SingIn
21:06:19.216 [main] INFO  resources.Log - knjyothi@kirusa.com
21:06:19.216 [main] INFO  resources.Log - Abcd@1234
21:06:22.475 [main] INFO  resources.Log - Entered the Email ID: knjyothi@kirusa.com
21:06:22.542 [main] INFO  resources.Log - Entered the password :Abcd@1234
21:06:27.533 [main] INFO  resources.Log - Clicked on Login Button
21:06:27.693 [main] INFO  resources.Log - Clicked on Create New RCS BOT button
21:06:27.701 [main] INFO  resources.Log - Reading the Property file
21:06:27.705 [main] INFO  resources.Log - The Value of the RcsBotDetailsURL Fetched from the Properties: https://stagingpartners.dotgo.com/developer/create-bot/rcs-bot-details
21:06:27.708 [main] INFO  resources.Log - -----------Sucessfully Entered RCS BOT DETAILs page--------
21:06:27.711 [main] INFO  resources.Log - XXXXXXXXXXXXXXXXXXXXXXX             -E---N---D-             XXXXXXXXXXXXXXXXXXXXXX
21:06:27.712 [main] INFO  resources.Log - X
21:06:27.712 [main] INFO  resources.Log - X
21:06:27.712 [main] INFO  resources.Log - X
21:06:27.712 [main] INFO  resources.Log - X
21:06:27.713 [main] INFO  resources.Log - Reading the Property file
21:06:27.713 [main] INFO  resources.Log - The Value of the Browser Fetched from the Properties: chrome
21:06:27.713 [main] INFO  resources.Log - Fetching the Browser value as chrome
21:06:27.713 [main] INFO  resources.Log - Invoking the chrome Browser
21:06:28.528 [main] INFO  resources.Log - Maximized the Browser window
21:06:28.542 [main] INFO  resources.Log - Reading the Property file
21:06:28.542 [main] INFO  resources.Log - The Value of the BaseURL Fetched from the Properties: https://stagingpartners.dotgo.com/
21:06:34.559 [main] INFO  resources.Log - Listener OnTestStart method verifyPrivacyPolicyPage
21:06:34.560 [main] INFO  resources.Log - ****************************************************************************************
21:06:34.560 [main] INFO  resources.Log - ****************************************************************************************
21:06:34.560 [main] INFO  resources.Log - $$$$$$$$$$$$$$$$$$$$$                 verifyPrivacyPolicyPage       $$$$$$$$$$$$$$$$$$$$$$$$$
21:06:34.560 [main] INFO  resources.Log - ****************************************************************************************
21:06:34.561 [main] INFO  resources.Log - ****************************************************************************************
21:06:34.572 [main] INFO  resources.Log - Reading the Property file
21:06:34.573 [main] INFO  resources.Log - The Value of the CreateNewBotEmail Fetched from the Properties: knjyothi@kirusa.com
21:06:34.573 [main] INFO  resources.Log - Reading the Property file
21:06:34.573 [main] INFO  resources.Log - The Value of the CreateNewBotPassword Fetched from the Properties: Abcd@1234
21:06:34.573 [main] INFO  resources.Log - Clicking on SingIn
21:06:34.573 [main] INFO  resources.Log - knjyothi@kirusa.com
21:06:34.573 [main] INFO  resources.Log - Abcd@1234
21:06:37.723 [main] INFO  resources.Log - Entered the Email ID: knjyothi@kirusa.com
21:06:37.806 [main] INFO  resources.Log - Entered the password :Abcd@1234
21:06:42.419 [main] INFO  resources.Log - Clicked on Login Button
21:06:42.613 [main] INFO  resources.Log - Clicked on Create New RCS BOT button
21:06:42.625 [main] INFO  resources.Log - Reading the Property file
21:06:42.626 [main] INFO  resources.Log - The Value of the RcsBotDetailsURL Fetched from the Properties: https://stagingpartners.dotgo.com/developer/create-bot/rcs-bot-details
21:06:42.626 [main] INFO  resources.Log - -----------Sucessfully Entered RCS BOT DETAILs page--------
21:06:42.739 [main] INFO  resources.Log - Reading the Property file
21:06:42.739 [main] INFO  resources.Log - The Value of the PrivacyPolicyURL Fetched from the Properties: https://stagingpartners.dotgo.com/developer-pp
21:06:42.747 [main] INFO  resources.Log - Taking Screeshot of the webpage
21:06:43.105 [main] INFO  resources.Log - Adding the Screenshot to the Reports
21:06:43.122 [main] INFO  resources.Log - XXXXXXXXXXXXXXXXXXXXXXX             -E---N---D-             XXXXXXXXXXXXXXXXXXXXXX
21:06:43.123 [main] INFO  resources.Log - X
21:06:43.123 [main] INFO  resources.Log - X
21:06:43.123 [main] INFO  resources.Log - X
21:06:43.123 [main] INFO  resources.Log - X
21:06:43.130 [main] INFO  resources.Log - came to flush
21:09:43.670 [main] INFO  resources.Log - Onstart
21:09:43.697 [main] INFO  resources.Log - Reading the Property file
21:09:43.697 [main] INFO  resources.Log - The Value of the Browser Fetched from the Properties: chrome
21:09:43.698 [main] INFO  resources.Log - Fetching the Browser value as chrome
21:09:43.698 [main] INFO  resources.Log - Invoking the chrome Browser
21:09:44.164 [main] DEBUG io.netty.util.internal.logging.InternalLoggerFactory - Using Log4J2 as the default logging framework
21:09:44.169 [main] DEBUG io.netty.util.ResourceLeakDetector - -Dio.netty.leakDetection.level: simple
21:09:44.169 [main] DEBUG io.netty.util.ResourceLeakDetector - -Dio.netty.leakDetection.targetRecords: 4
21:09:44.174 [main] DEBUG io.netty.util.ResourceLeakDetectorFactory - Loaded default ResourceLeakDetector: io.netty.util.ResourceLeakDetector@10c8f62
21:09:44.192 [main] DEBUG io.netty.util.internal.PlatformDependent0 - -Dio.netty.noUnsafe: false
21:09:44.192 [main] DEBUG io.netty.util.internal.PlatformDependent0 - Java version: 8
21:09:44.193 [main] DEBUG io.netty.util.internal.PlatformDependent0 - sun.misc.Unsafe.theUnsafe: available
21:09:44.194 [main] DEBUG io.netty.util.internal.PlatformDependent0 - sun.misc.Unsafe.copyMemory: available
21:09:44.194 [main] DEBUG io.netty.util.internal.PlatformDependent0 - sun.misc.Unsafe.storeFence: available
21:09:44.195 [main] DEBUG io.netty.util.internal.PlatformDependent0 - java.nio.Buffer.address: available
21:09:44.195 [main] DEBUG io.netty.util.internal.PlatformDependent0 - direct buffer constructor: available
21:09:44.196 [main] DEBUG io.netty.util.internal.PlatformDependent0 - java.nio.Bits.unaligned: available, true
21:09:44.196 [main] DEBUG io.netty.util.internal.PlatformDependent0 - jdk.internal.misc.Unsafe.allocateUninitializedArray(int): unavailable prior to Java9
21:09:44.196 [main] DEBUG io.netty.util.internal.PlatformDependent0 - java.nio.DirectByteBuffer.<init>(long, int): available
21:09:44.196 [main] DEBUG io.netty.util.internal.PlatformDependent - sun.misc.Unsafe: available
21:09:44.197 [main] DEBUG io.netty.util.internal.PlatformDependent - -Dio.netty.tmpdir: /tmp (java.io.tmpdir)
21:09:44.198 [main] DEBUG io.netty.util.internal.PlatformDependent - -Dio.netty.bitMode: 64 (sun.arch.data.model)
21:09:44.198 [main] DEBUG io.netty.util.internal.PlatformDependent - -Dio.netty.maxDirectMemory: 3588751360 bytes
21:09:44.198 [main] DEBUG io.netty.util.internal.PlatformDependent - -Dio.netty.uninitializedArrayAllocationThreshold: -1
21:09:44.199 [main] DEBUG io.netty.util.internal.CleanerJava6 - java.nio.ByteBuffer.cleaner(): available
21:09:44.200 [main] DEBUG io.netty.util.internal.PlatformDependent - -Dio.netty.noPreferDirect: false
21:09:44.206 [main] DEBUG io.netty.util.internal.PlatformDependent - org.jctools-core.MpscChunkedArrayQueue: available
21:09:44.230 [main] DEBUG io.netty.util.internal.InternalThreadLocalMap - -Dio.netty.threadLocalMap.stringBuilder.initialSize: 1024
21:09:44.231 [main] DEBUG io.netty.util.internal.InternalThreadLocalMap - -Dio.netty.threadLocalMap.stringBuilder.maxSize: 4096
21:09:44.253 [main] DEBUG io.netty.handler.ssl.JdkSslContext - Default protocols (JDK): [TLSv1.2, TLSv1.1, TLSv1] 
21:09:44.253 [main] DEBUG io.netty.handler.ssl.JdkSslContext - Default cipher suites (JDK): [TLS_ECDHE_ECDSA_WITH_AES_256_GCM_SHA384, TLS_ECDHE_ECDSA_WITH_AES_128_GCM_SHA256, TLS_ECDHE_RSA_WITH_AES_128_GCM_SHA256, TLS_ECDHE_RSA_WITH_AES_256_GCM_SHA384, TLS_ECDHE_RSA_WITH_AES_128_CBC_SHA, TLS_ECDHE_RSA_WITH_AES_256_CBC_SHA, TLS_RSA_WITH_AES_128_GCM_SHA256, TLS_RSA_WITH_AES_128_CBC_SHA, TLS_RSA_WITH_AES_256_CBC_SHA]
21:09:44.273 [main] DEBUG io.netty.channel.MultithreadEventLoopGroup - -Dio.netty.eventLoopThreads: 16
21:09:44.281 [main] DEBUG io.netty.channel.nio.NioEventLoop - -Dio.netty.noKeySetOptimization: false
21:09:44.281 [main] DEBUG io.netty.channel.nio.NioEventLoop - -Dio.netty.selectorAutoRebuildThreshold: 512
21:09:44.312 [main] DEBUG io.netty.buffer.PooledByteBufAllocator - -Dio.netty.allocator.numHeapArenas: 16
21:09:44.312 [main] DEBUG io.netty.buffer.PooledByteBufAllocator - -Dio.netty.allocator.numDirectArenas: 16
21:09:44.312 [main] DEBUG io.netty.buffer.PooledByteBufAllocator - -Dio.netty.allocator.pageSize: 8192
21:09:44.313 [main] DEBUG io.netty.buffer.PooledByteBufAllocator - -Dio.netty.allocator.maxOrder: 9
21:09:44.313 [main] DEBUG io.netty.buffer.PooledByteBufAllocator - -Dio.netty.allocator.chunkSize: 4194304
21:09:44.313 [main] DEBUG io.netty.buffer.PooledByteBufAllocator - -Dio.netty.allocator.smallCacheSize: 256
21:09:44.313 [main] DEBUG io.netty.buffer.PooledByteBufAllocator - -Dio.netty.allocator.normalCacheSize: 64
21:09:44.313 [main] DEBUG io.netty.buffer.PooledByteBufAllocator - -Dio.netty.allocator.maxCachedBufferCapacity: 32768
21:09:44.313 [main] DEBUG io.netty.buffer.PooledByteBufAllocator - -Dio.netty.allocator.cacheTrimInterval: 8192
21:09:44.314 [main] DEBUG io.netty.buffer.PooledByteBufAllocator - -Dio.netty.allocator.cacheTrimIntervalMillis: 0
21:09:44.314 [main] DEBUG io.netty.buffer.PooledByteBufAllocator - -Dio.netty.allocator.useCacheForAllThreads: false
21:09:44.314 [main] DEBUG io.netty.buffer.PooledByteBufAllocator - -Dio.netty.allocator.maxCachedByteBuffersPerChunk: 1023
21:09:44.329 [main] DEBUG io.netty.buffer.ByteBufUtil - -Dio.netty.allocator.type: pooled
21:09:44.329 [main] DEBUG io.netty.buffer.ByteBufUtil - -Dio.netty.threadLocalDirectBufferSize: 0
21:09:44.329 [main] DEBUG io.netty.buffer.ByteBufUtil - -Dio.netty.maxThreadLocalCharBufferSize: 16384
21:09:44.636 [Forwarding newSession on session null to remote] DEBUG io.netty.channel.DefaultChannelId - -Dio.netty.processId: 4112176 (auto-detected)
21:09:44.638 [Forwarding newSession on session null to remote] DEBUG io.netty.util.NetUtil - -Djava.net.preferIPv4Stack: false
21:09:44.639 [Forwarding newSession on session null to remote] DEBUG io.netty.util.NetUtil - -Djava.net.preferIPv6Addresses: false
21:09:44.640 [Forwarding newSession on session null to remote] DEBUG io.netty.util.NetUtilInitializations - Loopback interface: lo (lo, 127.0.0.1)
21:09:44.640 [Forwarding newSession on session null to remote] DEBUG io.netty.util.NetUtil - /proc/sys/net/core/somaxconn: 4096
21:09:44.641 [Forwarding newSession on session null to remote] DEBUG io.netty.channel.DefaultChannelId - -Dio.netty.machineId: 60:a5:e2:ff:fe:a2:21:32 (auto-detected)
21:09:44.694 [AsyncHttpClient-1-2] DEBUG io.netty.buffer.AbstractByteBuf - -Dio.netty.buffer.checkAccessible: true
21:09:44.694 [AsyncHttpClient-1-2] DEBUG io.netty.buffer.AbstractByteBuf - -Dio.netty.buffer.checkBounds: true
21:09:44.694 [AsyncHttpClient-1-2] DEBUG io.netty.util.ResourceLeakDetectorFactory - Loaded default ResourceLeakDetector: io.netty.util.ResourceLeakDetector@33f04e6e
21:09:44.731 [AsyncHttpClient-1-2] DEBUG io.netty.util.Recycler - -Dio.netty.recycler.maxCapacityPerThread: 4096
21:09:44.731 [AsyncHttpClient-1-2] DEBUG io.netty.util.Recycler - -Dio.netty.recycler.ratio: 8
21:09:44.731 [AsyncHttpClient-1-2] DEBUG io.netty.util.Recycler - -Dio.netty.recycler.chunkSize: 32
21:09:44.731 [AsyncHttpClient-1-2] DEBUG io.netty.util.Recycler - -Dio.netty.recycler.blocking: false
21:09:45.191 [AsyncHttpClient-1-2] DEBUG io.netty.handler.codec.compression.Brotli - brotli4j not in the classpath; Brotli support will be unavailable.
21:09:45.306 [main] DEBUG io.netty.util.internal.ThreadLocalRandom - -Dio.netty.initialSeedUniquifier: 0xe21dfc53752a7fe3
21:09:45.460 [main] INFO  resources.Log - Maximized the Browser window
21:09:45.472 [main] INFO  resources.Log - Reading the Property file
21:09:45.473 [main] INFO  resources.Log - The Value of the BaseURL Fetched from the Properties: https://stagingpartners.dotgo.com/
21:09:52.704 [main] INFO  resources.Log - Listener OnTestStart method verifyCreateNewRcsBotButton
21:09:52.704 [main] INFO  resources.Log - ****************************************************************************************
21:09:52.704 [main] INFO  resources.Log - ****************************************************************************************
21:09:52.704 [main] INFO  resources.Log - $$$$$$$$$$$$$$$$$$$$$                 verifyCreateNewRcsBotButton       $$$$$$$$$$$$$$$$$$$$$$$$$
21:09:52.704 [main] INFO  resources.Log - ****************************************************************************************
21:09:52.704 [main] INFO  resources.Log - ****************************************************************************************
21:09:52.717 [main] INFO  resources.Log - Reading the Property file
21:09:52.718 [main] INFO  resources.Log - The Value of the CreateNewBotEmail Fetched from the Properties: knjyothi@kirusa.com
21:09:52.718 [main] INFO  resources.Log - Reading the Property file
21:09:52.718 [main] INFO  resources.Log - The Value of the CreateNewBotPassword Fetched from the Properties: Abcd@1234
21:09:52.718 [main] INFO  resources.Log - Clicking on SingIn
21:09:52.718 [main] INFO  resources.Log - knjyothi@kirusa.com
21:09:52.718 [main] INFO  resources.Log - Abcd@1234
21:09:55.962 [main] INFO  resources.Log - Entered the Email ID: knjyothi@kirusa.com
21:09:56.019 [main] INFO  resources.Log - Entered the password :Abcd@1234
21:10:00.237 [main] INFO  resources.Log - Clicked on Login Button
21:10:00.368 [main] INFO  resources.Log - Clicked on Create New RCS BOT button
21:10:00.376 [main] INFO  resources.Log - Reading the Property file
21:10:00.376 [main] INFO  resources.Log - The Value of the RcsBotDetailsURL Fetched from the Properties: https://stagingpartners.dotgo.com/developer/create-bot/rcs-bot-details
21:10:00.381 [main] INFO  resources.Log - -----------Sucessfully Entered RCS BOT DETAILs page--------
21:10:00.387 [main] INFO  resources.Log - XXXXXXXXXXXXXXXXXXXXXXX             -E---N---D-             XXXXXXXXXXXXXXXXXXXXXX
21:10:00.387 [main] INFO  resources.Log - X
21:10:00.387 [main] INFO  resources.Log - X
21:10:00.387 [main] INFO  resources.Log - X
21:10:00.387 [main] INFO  resources.Log - X
21:10:00.388 [main] INFO  resources.Log - Reading the Property file
21:10:00.388 [main] INFO  resources.Log - The Value of the Browser Fetched from the Properties: chrome
21:10:00.388 [main] INFO  resources.Log - Fetching the Browser value as chrome
21:10:00.388 [main] INFO  resources.Log - Invoking the chrome Browser
21:10:00.882 [main] INFO  resources.Log - Maximized the Browser window
21:10:00.887 [main] INFO  resources.Log - Reading the Property file
21:10:00.887 [main] INFO  resources.Log - The Value of the BaseURL Fetched from the Properties: https://stagingpartners.dotgo.com/
21:10:06.849 [main] INFO  resources.Log - Listener OnTestStart method verifyPrivacyPolicyPage
21:10:06.849 [main] INFO  resources.Log - ****************************************************************************************
21:10:06.849 [main] INFO  resources.Log - ****************************************************************************************
21:10:06.849 [main] INFO  resources.Log - $$$$$$$$$$$$$$$$$$$$$                 verifyPrivacyPolicyPage       $$$$$$$$$$$$$$$$$$$$$$$$$
21:10:06.849 [main] INFO  resources.Log - ****************************************************************************************
21:10:06.849 [main] INFO  resources.Log - ****************************************************************************************
21:10:06.850 [main] INFO  resources.Log - Reading the Property file
21:10:06.850 [main] INFO  resources.Log - The Value of the CreateNewBotEmail Fetched from the Properties: knjyothi@kirusa.com
21:10:06.850 [main] INFO  resources.Log - Reading the Property file
21:10:06.850 [main] INFO  resources.Log - The Value of the CreateNewBotPassword Fetched from the Properties: Abcd@1234
21:10:06.850 [main] INFO  resources.Log - Clicking on SingIn
21:10:06.850 [main] INFO  resources.Log - knjyothi@kirusa.com
21:10:06.850 [main] INFO  resources.Log - Abcd@1234
21:10:10.160 [main] INFO  resources.Log - Entered the Email ID: knjyothi@kirusa.com
21:10:10.217 [main] INFO  resources.Log - Entered the password :Abcd@1234
21:10:14.773 [main] INFO  resources.Log - Clicked on Login Button
21:10:14.920 [main] INFO  resources.Log - Clicked on Create New RCS BOT button
21:10:14.925 [main] INFO  resources.Log - Reading the Property file
21:10:14.925 [main] INFO  resources.Log - The Value of the RcsBotDetailsURL Fetched from the Properties: https://stagingpartners.dotgo.com/developer/create-bot/rcs-bot-details
21:10:14.925 [main] INFO  resources.Log - -----------Sucessfully Entered RCS BOT DETAILs page--------
21:10:16.007 [main] INFO  resources.Log - Reading the Property file
21:10:16.007 [main] INFO  resources.Log - The Value of the PrivacyPolicyURL Fetched from the Properties: https://stagingpartners.dotgo.com/developer-pp
21:10:16.010 [main] INFO  resources.Log - Taking Screeshot of the webpage
21:10:16.148 [main] INFO  resources.Log - Adding the Screenshot to the Reports
21:10:16.149 [main] INFO  resources.Log - XXXXXXXXXXXXXXXXXXXXXXX             -E---N---D-             XXXXXXXXXXXXXXXXXXXXXX
21:10:16.150 [main] INFO  resources.Log - X
21:10:16.150 [main] INFO  resources.Log - X
21:10:16.150 [main] INFO  resources.Log - X
21:10:16.150 [main] INFO  resources.Log - X
21:10:16.153 [main] INFO  resources.Log - came to flush
21:14:42.488 [main] INFO  resources.Log - Onstart
21:14:42.514 [main] INFO  resources.Log - Reading the Property file
21:14:42.514 [main] INFO  resources.Log - The Value of the Browser Fetched from the Properties: chrome
21:14:42.514 [main] INFO  resources.Log - Fetching the Browser value as chrome
21:14:42.514 [main] INFO  resources.Log - Invoking the chrome Browser
21:14:42.930 [main] DEBUG io.netty.util.internal.logging.InternalLoggerFactory - Using Log4J2 as the default logging framework
21:14:42.935 [main] DEBUG io.netty.util.ResourceLeakDetector - -Dio.netty.leakDetection.level: simple
21:14:42.935 [main] DEBUG io.netty.util.ResourceLeakDetector - -Dio.netty.leakDetection.targetRecords: 4
21:14:42.938 [main] DEBUG io.netty.util.ResourceLeakDetectorFactory - Loaded default ResourceLeakDetector: io.netty.util.ResourceLeakDetector@10c8f62
21:14:42.951 [main] DEBUG io.netty.util.internal.PlatformDependent0 - -Dio.netty.noUnsafe: false
21:14:42.951 [main] DEBUG io.netty.util.internal.PlatformDependent0 - Java version: 8
21:14:42.952 [main] DEBUG io.netty.util.internal.PlatformDependent0 - sun.misc.Unsafe.theUnsafe: available
21:14:42.952 [main] DEBUG io.netty.util.internal.PlatformDependent0 - sun.misc.Unsafe.copyMemory: available
21:14:42.953 [main] DEBUG io.netty.util.internal.PlatformDependent0 - sun.misc.Unsafe.storeFence: available
21:14:42.953 [main] DEBUG io.netty.util.internal.PlatformDependent0 - java.nio.Buffer.address: available
21:14:42.953 [main] DEBUG io.netty.util.internal.PlatformDependent0 - direct buffer constructor: available
21:14:42.954 [main] DEBUG io.netty.util.internal.PlatformDependent0 - java.nio.Bits.unaligned: available, true
21:14:42.954 [main] DEBUG io.netty.util.internal.PlatformDependent0 - jdk.internal.misc.Unsafe.allocateUninitializedArray(int): unavailable prior to Java9
21:14:42.954 [main] DEBUG io.netty.util.internal.PlatformDependent0 - java.nio.DirectByteBuffer.<init>(long, int): available
21:14:42.954 [main] DEBUG io.netty.util.internal.PlatformDependent - sun.misc.Unsafe: available
21:14:42.955 [main] DEBUG io.netty.util.internal.PlatformDependent - -Dio.netty.tmpdir: /tmp (java.io.tmpdir)
21:14:42.955 [main] DEBUG io.netty.util.internal.PlatformDependent - -Dio.netty.bitMode: 64 (sun.arch.data.model)
21:14:42.956 [main] DEBUG io.netty.util.internal.PlatformDependent - -Dio.netty.maxDirectMemory: 3588751360 bytes
21:14:42.956 [main] DEBUG io.netty.util.internal.PlatformDependent - -Dio.netty.uninitializedArrayAllocationThreshold: -1
21:14:42.957 [main] DEBUG io.netty.util.internal.CleanerJava6 - java.nio.ByteBuffer.cleaner(): available
21:14:42.957 [main] DEBUG io.netty.util.internal.PlatformDependent - -Dio.netty.noPreferDirect: false
21:14:42.964 [main] DEBUG io.netty.util.internal.PlatformDependent - org.jctools-core.MpscChunkedArrayQueue: available
21:14:42.984 [main] DEBUG io.netty.util.internal.InternalThreadLocalMap - -Dio.netty.threadLocalMap.stringBuilder.initialSize: 1024
21:14:42.984 [main] DEBUG io.netty.util.internal.InternalThreadLocalMap - -Dio.netty.threadLocalMap.stringBuilder.maxSize: 4096
21:14:43.005 [main] DEBUG io.netty.handler.ssl.JdkSslContext - Default protocols (JDK): [TLSv1.2, TLSv1.1, TLSv1] 
21:14:43.005 [main] DEBUG io.netty.handler.ssl.JdkSslContext - Default cipher suites (JDK): [TLS_ECDHE_ECDSA_WITH_AES_256_GCM_SHA384, TLS_ECDHE_ECDSA_WITH_AES_128_GCM_SHA256, TLS_ECDHE_RSA_WITH_AES_128_GCM_SHA256, TLS_ECDHE_RSA_WITH_AES_256_GCM_SHA384, TLS_ECDHE_RSA_WITH_AES_128_CBC_SHA, TLS_ECDHE_RSA_WITH_AES_256_CBC_SHA, TLS_RSA_WITH_AES_128_GCM_SHA256, TLS_RSA_WITH_AES_128_CBC_SHA, TLS_RSA_WITH_AES_256_CBC_SHA]
21:14:43.025 [main] DEBUG io.netty.channel.MultithreadEventLoopGroup - -Dio.netty.eventLoopThreads: 16
21:14:43.032 [main] DEBUG io.netty.channel.nio.NioEventLoop - -Dio.netty.noKeySetOptimization: false
21:14:43.032 [main] DEBUG io.netty.channel.nio.NioEventLoop - -Dio.netty.selectorAutoRebuildThreshold: 512
21:14:43.051 [main] DEBUG io.netty.buffer.PooledByteBufAllocator - -Dio.netty.allocator.numHeapArenas: 16
21:14:43.051 [main] DEBUG io.netty.buffer.PooledByteBufAllocator - -Dio.netty.allocator.numDirectArenas: 16
21:14:43.052 [main] DEBUG io.netty.buffer.PooledByteBufAllocator - -Dio.netty.allocator.pageSize: 8192
21:14:43.052 [main] DEBUG io.netty.buffer.PooledByteBufAllocator - -Dio.netty.allocator.maxOrder: 9
21:14:43.052 [main] DEBUG io.netty.buffer.PooledByteBufAllocator - -Dio.netty.allocator.chunkSize: 4194304
21:14:43.052 [main] DEBUG io.netty.buffer.PooledByteBufAllocator - -Dio.netty.allocator.smallCacheSize: 256
21:14:43.052 [main] DEBUG io.netty.buffer.PooledByteBufAllocator - -Dio.netty.allocator.normalCacheSize: 64
21:14:43.052 [main] DEBUG io.netty.buffer.PooledByteBufAllocator - -Dio.netty.allocator.maxCachedBufferCapacity: 32768
21:14:43.052 [main] DEBUG io.netty.buffer.PooledByteBufAllocator - -Dio.netty.allocator.cacheTrimInterval: 8192
21:14:43.052 [main] DEBUG io.netty.buffer.PooledByteBufAllocator - -Dio.netty.allocator.cacheTrimIntervalMillis: 0
21:14:43.052 [main] DEBUG io.netty.buffer.PooledByteBufAllocator - -Dio.netty.allocator.useCacheForAllThreads: false
21:14:43.053 [main] DEBUG io.netty.buffer.PooledByteBufAllocator - -Dio.netty.allocator.maxCachedByteBuffersPerChunk: 1023
21:14:43.064 [main] DEBUG io.netty.buffer.ByteBufUtil - -Dio.netty.allocator.type: pooled
21:14:43.065 [main] DEBUG io.netty.buffer.ByteBufUtil - -Dio.netty.threadLocalDirectBufferSize: 0
21:14:43.065 [main] DEBUG io.netty.buffer.ByteBufUtil - -Dio.netty.maxThreadLocalCharBufferSize: 16384
21:14:43.361 [Forwarding newSession on session null to remote] DEBUG io.netty.channel.DefaultChannelId - -Dio.netty.processId: 4148470 (auto-detected)
21:14:43.364 [Forwarding newSession on session null to remote] DEBUG io.netty.util.NetUtil - -Djava.net.preferIPv4Stack: false
21:14:43.365 [Forwarding newSession on session null to remote] DEBUG io.netty.util.NetUtil - -Djava.net.preferIPv6Addresses: false
21:14:43.366 [Forwarding newSession on session null to remote] DEBUG io.netty.util.NetUtilInitializations - Loopback interface: lo (lo, 127.0.0.1)
21:14:43.367 [Forwarding newSession on session null to remote] DEBUG io.netty.util.NetUtil - /proc/sys/net/core/somaxconn: 4096
21:14:43.368 [Forwarding newSession on session null to remote] DEBUG io.netty.channel.DefaultChannelId - -Dio.netty.machineId: 60:a5:e2:ff:fe:a2:21:32 (auto-detected)
21:14:43.414 [AsyncHttpClient-1-2] DEBUG io.netty.buffer.AbstractByteBuf - -Dio.netty.buffer.checkAccessible: true
21:14:43.415 [AsyncHttpClient-1-2] DEBUG io.netty.buffer.AbstractByteBuf - -Dio.netty.buffer.checkBounds: true
21:14:43.415 [AsyncHttpClient-1-2] DEBUG io.netty.util.ResourceLeakDetectorFactory - Loaded default ResourceLeakDetector: io.netty.util.ResourceLeakDetector@775c18b7
21:14:43.437 [AsyncHttpClient-1-2] DEBUG io.netty.util.Recycler - -Dio.netty.recycler.maxCapacityPerThread: 4096
21:14:43.437 [AsyncHttpClient-1-2] DEBUG io.netty.util.Recycler - -Dio.netty.recycler.ratio: 8
21:14:43.437 [AsyncHttpClient-1-2] DEBUG io.netty.util.Recycler - -Dio.netty.recycler.chunkSize: 32
21:14:43.437 [AsyncHttpClient-1-2] DEBUG io.netty.util.Recycler - -Dio.netty.recycler.blocking: false
21:14:43.909 [AsyncHttpClient-1-2] DEBUG io.netty.handler.codec.compression.Brotli - brotli4j not in the classpath; Brotli support will be unavailable.
21:14:44.022 [main] DEBUG io.netty.util.internal.ThreadLocalRandom - -Dio.netty.initialSeedUniquifier: 0x0521c5f8fbb446d7
21:14:44.180 [main] INFO  resources.Log - Maximized the Browser window
21:14:44.186 [main] INFO  resources.Log - Reading the Property file
21:14:44.186 [main] INFO  resources.Log - The Value of the BaseURL Fetched from the Properties: https://stagingpartners.dotgo.com/
21:14:51.297 [main] INFO  resources.Log - Listener OnTestStart method verifyCreateNewRcsBotButton
21:14:51.297 [main] INFO  resources.Log - ****************************************************************************************
21:14:51.297 [main] INFO  resources.Log - ****************************************************************************************
21:14:51.297 [main] INFO  resources.Log - $$$$$$$$$$$$$$$$$$$$$                 verifyCreateNewRcsBotButton       $$$$$$$$$$$$$$$$$$$$$$$$$
21:14:51.297 [main] INFO  resources.Log - ****************************************************************************************
21:14:51.297 [main] INFO  resources.Log - ****************************************************************************************
21:14:51.311 [main] INFO  resources.Log - Reading the Property file
21:14:51.311 [main] INFO  resources.Log - The Value of the CreateNewBotEmail Fetched from the Properties: knjyothi@kirusa.com
21:14:51.312 [main] INFO  resources.Log - Reading the Property file
21:14:51.312 [main] INFO  resources.Log - The Value of the CreateNewBotPassword Fetched from the Properties: Abcd@1234
21:14:51.312 [main] INFO  resources.Log - Clicking on SingIn
21:14:51.312 [main] INFO  resources.Log - knjyothi@kirusa.com
21:14:51.312 [main] INFO  resources.Log - Abcd@1234
21:14:54.743 [main] INFO  resources.Log - Entered the Email ID: knjyothi@kirusa.com
21:14:54.802 [main] INFO  resources.Log - Entered the password :Abcd@1234
21:15:03.992 [main] INFO  resources.Log - Clicked on Login Button
21:15:04.178 [main] INFO  resources.Log - Clicked on Create New RCS BOT button
21:15:04.185 [main] INFO  resources.Log - Reading the Property file
21:15:04.185 [main] INFO  resources.Log - The Value of the RcsBotDetailsURL Fetched from the Properties: https://stagingpartners.dotgo.com/developer/create-bot/rcs-bot-details
21:15:04.187 [main] INFO  resources.Log - -----------Sucessfully Entered RCS BOT DETAILs page--------
21:15:04.194 [main] INFO  resources.Log - XXXXXXXXXXXXXXXXXXXXXXX             -E---N---D-             XXXXXXXXXXXXXXXXXXXXXX
21:15:04.194 [main] INFO  resources.Log - X
21:15:04.194 [main] INFO  resources.Log - X
21:15:04.194 [main] INFO  resources.Log - X
21:15:04.194 [main] INFO  resources.Log - X
21:15:04.198 [main] INFO  resources.Log - Reading the Property file
21:15:04.198 [main] INFO  resources.Log - The Value of the Browser Fetched from the Properties: chrome
21:15:04.198 [main] INFO  resources.Log - Fetching the Browser value as chrome
21:15:04.199 [main] INFO  resources.Log - Invoking the chrome Browser
21:15:04.726 [main] INFO  resources.Log - Maximized the Browser window
21:15:04.729 [main] INFO  resources.Log - Reading the Property file
21:15:04.730 [main] INFO  resources.Log - The Value of the BaseURL Fetched from the Properties: https://stagingpartners.dotgo.com/
21:15:10.752 [main] INFO  resources.Log - Listener OnTestStart method verifyPrivacyPolicyPage
21:15:10.752 [main] INFO  resources.Log - ****************************************************************************************
21:15:10.752 [main] INFO  resources.Log - ****************************************************************************************
21:15:10.753 [main] INFO  resources.Log - $$$$$$$$$$$$$$$$$$$$$                 verifyPrivacyPolicyPage       $$$$$$$$$$$$$$$$$$$$$$$$$
21:15:10.753 [main] INFO  resources.Log - ****************************************************************************************
21:15:10.753 [main] INFO  resources.Log - ****************************************************************************************
21:15:10.753 [main] INFO  resources.Log - Reading the Property file
21:15:10.753 [main] INFO  resources.Log - The Value of the CreateNewBotEmail Fetched from the Properties: knjyothi@kirusa.com
21:15:10.754 [main] INFO  resources.Log - Reading the Property file
21:15:10.754 [main] INFO  resources.Log - The Value of the CreateNewBotPassword Fetched from the Properties: Abcd@1234
21:15:10.754 [main] INFO  resources.Log - Clicking on SingIn
21:15:10.754 [main] INFO  resources.Log - knjyothi@kirusa.com
21:15:10.754 [main] INFO  resources.Log - Abcd@1234
21:15:14.053 [main] INFO  resources.Log - Entered the Email ID: knjyothi@kirusa.com
21:15:14.119 [main] INFO  resources.Log - Entered the password :Abcd@1234
21:15:24.697 [main] INFO  resources.Log - Clicked on Login Button
21:15:24.820 [main] INFO  resources.Log - Clicked on Create New RCS BOT button
21:15:24.830 [main] INFO  resources.Log - Reading the Property file
21:15:24.830 [main] INFO  resources.Log - The Value of the RcsBotDetailsURL Fetched from the Properties: https://stagingpartners.dotgo.com/developer/create-bot/rcs-bot-details
21:15:24.830 [main] INFO  resources.Log - -----------Sucessfully Entered RCS BOT DETAILs page--------
21:15:24.898 [main] INFO  resources.Log - Reading the Property file
21:15:24.898 [main] INFO  resources.Log - The Value of the PrivacyPolicyURL Fetched from the Properties: https://stagingpartners.dotgo.com/developer-pp
21:15:24.902 [main] INFO  resources.Log - Taking Screeshot of the webpage
21:15:25.102 [main] INFO  resources.Log - Adding the Screenshot to the Reports
21:15:25.104 [main] INFO  resources.Log - XXXXXXXXXXXXXXXXXXXXXXX             -E---N---D-             XXXXXXXXXXXXXXXXXXXXXX
21:15:25.104 [main] INFO  resources.Log - X
21:15:25.104 [main] INFO  resources.Log - X
21:15:25.104 [main] INFO  resources.Log - X
21:15:25.104 [main] INFO  resources.Log - X
21:15:25.111 [main] INFO  resources.Log - came to flush
21:17:07.339 [main] INFO  resources.Log - Onstart
21:17:07.368 [main] INFO  resources.Log - Reading the Property file
21:17:07.368 [main] INFO  resources.Log - The Value of the Browser Fetched from the Properties: chrome
21:17:07.368 [main] INFO  resources.Log - Fetching the Browser value as chrome
21:17:07.368 [main] INFO  resources.Log - Invoking the chrome Browser
21:17:07.769 [main] DEBUG io.netty.util.internal.logging.InternalLoggerFactory - Using Log4J2 as the default logging framework
21:17:07.773 [main] DEBUG io.netty.util.ResourceLeakDetector - -Dio.netty.leakDetection.level: simple
21:17:07.774 [main] DEBUG io.netty.util.ResourceLeakDetector - -Dio.netty.leakDetection.targetRecords: 4
21:17:07.778 [main] DEBUG io.netty.util.ResourceLeakDetectorFactory - Loaded default ResourceLeakDetector: io.netty.util.ResourceLeakDetector@5fb97279
21:17:07.792 [main] DEBUG io.netty.util.internal.PlatformDependent0 - -Dio.netty.noUnsafe: false
21:17:07.792 [main] DEBUG io.netty.util.internal.PlatformDependent0 - Java version: 8
21:17:07.793 [main] DEBUG io.netty.util.internal.PlatformDependent0 - sun.misc.Unsafe.theUnsafe: available
21:17:07.794 [main] DEBUG io.netty.util.internal.PlatformDependent0 - sun.misc.Unsafe.copyMemory: available
21:17:07.794 [main] DEBUG io.netty.util.internal.PlatformDependent0 - sun.misc.Unsafe.storeFence: available
21:17:07.795 [main] DEBUG io.netty.util.internal.PlatformDependent0 - java.nio.Buffer.address: available
21:17:07.795 [main] DEBUG io.netty.util.internal.PlatformDependent0 - direct buffer constructor: available
21:17:07.796 [main] DEBUG io.netty.util.internal.PlatformDependent0 - java.nio.Bits.unaligned: available, true
21:17:07.796 [main] DEBUG io.netty.util.internal.PlatformDependent0 - jdk.internal.misc.Unsafe.allocateUninitializedArray(int): unavailable prior to Java9
21:17:07.796 [main] DEBUG io.netty.util.internal.PlatformDependent0 - java.nio.DirectByteBuffer.<init>(long, int): available
21:17:07.796 [main] DEBUG io.netty.util.internal.PlatformDependent - sun.misc.Unsafe: available
21:17:07.796 [main] DEBUG io.netty.util.internal.PlatformDependent - -Dio.netty.tmpdir: /tmp (java.io.tmpdir)
21:17:07.796 [main] DEBUG io.netty.util.internal.PlatformDependent - -Dio.netty.bitMode: 64 (sun.arch.data.model)
21:17:07.797 [main] DEBUG io.netty.util.internal.PlatformDependent - -Dio.netty.maxDirectMemory: 3588751360 bytes
21:17:07.797 [main] DEBUG io.netty.util.internal.PlatformDependent - -Dio.netty.uninitializedArrayAllocationThreshold: -1
21:17:07.798 [main] DEBUG io.netty.util.internal.CleanerJava6 - java.nio.ByteBuffer.cleaner(): available
21:17:07.798 [main] DEBUG io.netty.util.internal.PlatformDependent - -Dio.netty.noPreferDirect: false
21:17:07.803 [main] DEBUG io.netty.util.internal.PlatformDependent - org.jctools-core.MpscChunkedArrayQueue: available
21:17:07.817 [main] DEBUG io.netty.util.internal.InternalThreadLocalMap - -Dio.netty.threadLocalMap.stringBuilder.initialSize: 1024
21:17:07.817 [main] DEBUG io.netty.util.internal.InternalThreadLocalMap - -Dio.netty.threadLocalMap.stringBuilder.maxSize: 4096
21:17:07.834 [main] DEBUG io.netty.handler.ssl.JdkSslContext - Default protocols (JDK): [TLSv1.2, TLSv1.1, TLSv1] 
21:17:07.835 [main] DEBUG io.netty.handler.ssl.JdkSslContext - Default cipher suites (JDK): [TLS_ECDHE_ECDSA_WITH_AES_256_GCM_SHA384, TLS_ECDHE_ECDSA_WITH_AES_128_GCM_SHA256, TLS_ECDHE_RSA_WITH_AES_128_GCM_SHA256, TLS_ECDHE_RSA_WITH_AES_256_GCM_SHA384, TLS_ECDHE_RSA_WITH_AES_128_CBC_SHA, TLS_ECDHE_RSA_WITH_AES_256_CBC_SHA, TLS_RSA_WITH_AES_128_GCM_SHA256, TLS_RSA_WITH_AES_128_CBC_SHA, TLS_RSA_WITH_AES_256_CBC_SHA]
21:17:07.853 [main] DEBUG io.netty.channel.MultithreadEventLoopGroup - -Dio.netty.eventLoopThreads: 16
21:17:07.860 [main] DEBUG io.netty.channel.nio.NioEventLoop - -Dio.netty.noKeySetOptimization: false
21:17:07.860 [main] DEBUG io.netty.channel.nio.NioEventLoop - -Dio.netty.selectorAutoRebuildThreshold: 512
21:17:07.882 [main] DEBUG io.netty.buffer.PooledByteBufAllocator - -Dio.netty.allocator.numHeapArenas: 16
21:17:07.882 [main] DEBUG io.netty.buffer.PooledByteBufAllocator - -Dio.netty.allocator.numDirectArenas: 16
21:17:07.882 [main] DEBUG io.netty.buffer.PooledByteBufAllocator - -Dio.netty.allocator.pageSize: 8192
21:17:07.882 [main] DEBUG io.netty.buffer.PooledByteBufAllocator - -Dio.netty.allocator.maxOrder: 9
21:17:07.882 [main] DEBUG io.netty.buffer.PooledByteBufAllocator - -Dio.netty.allocator.chunkSize: 4194304
21:17:07.882 [main] DEBUG io.netty.buffer.PooledByteBufAllocator - -Dio.netty.allocator.smallCacheSize: 256
21:17:07.883 [main] DEBUG io.netty.buffer.PooledByteBufAllocator - -Dio.netty.allocator.normalCacheSize: 64
21:17:07.883 [main] DEBUG io.netty.buffer.PooledByteBufAllocator - -Dio.netty.allocator.maxCachedBufferCapacity: 32768
21:17:07.883 [main] DEBUG io.netty.buffer.PooledByteBufAllocator - -Dio.netty.allocator.cacheTrimInterval: 8192
21:17:07.883 [main] DEBUG io.netty.buffer.PooledByteBufAllocator - -Dio.netty.allocator.cacheTrimIntervalMillis: 0
21:17:07.883 [main] DEBUG io.netty.buffer.PooledByteBufAllocator - -Dio.netty.allocator.useCacheForAllThreads: false
21:17:07.883 [main] DEBUG io.netty.buffer.PooledByteBufAllocator - -Dio.netty.allocator.maxCachedByteBuffersPerChunk: 1023
21:17:07.898 [main] DEBUG io.netty.buffer.ByteBufUtil - -Dio.netty.allocator.type: pooled
21:17:07.898 [main] DEBUG io.netty.buffer.ByteBufUtil - -Dio.netty.threadLocalDirectBufferSize: 0
21:17:07.898 [main] DEBUG io.netty.buffer.ByteBufUtil - -Dio.netty.maxThreadLocalCharBufferSize: 16384
21:17:08.182 [Forwarding newSession on session null to remote] DEBUG io.netty.channel.DefaultChannelId - -Dio.netty.processId: 4166128 (auto-detected)
21:17:08.184 [Forwarding newSession on session null to remote] DEBUG io.netty.util.NetUtil - -Djava.net.preferIPv4Stack: false
21:17:08.185 [Forwarding newSession on session null to remote] DEBUG io.netty.util.NetUtil - -Djava.net.preferIPv6Addresses: false
21:17:08.186 [Forwarding newSession on session null to remote] DEBUG io.netty.util.NetUtilInitializations - Loopback interface: lo (lo, 127.0.0.1)
21:17:08.187 [Forwarding newSession on session null to remote] DEBUG io.netty.util.NetUtil - /proc/sys/net/core/somaxconn: 4096
21:17:08.188 [Forwarding newSession on session null to remote] DEBUG io.netty.channel.DefaultChannelId - -Dio.netty.machineId: 60:a5:e2:ff:fe:a2:21:32 (auto-detected)
21:17:08.231 [AsyncHttpClient-1-2] DEBUG io.netty.buffer.AbstractByteBuf - -Dio.netty.buffer.checkAccessible: true
21:17:08.231 [AsyncHttpClient-1-2] DEBUG io.netty.buffer.AbstractByteBuf - -Dio.netty.buffer.checkBounds: true
21:17:08.231 [AsyncHttpClient-1-2] DEBUG io.netty.util.ResourceLeakDetectorFactory - Loaded default ResourceLeakDetector: io.netty.util.ResourceLeakDetector@41c27a49
21:17:08.248 [AsyncHttpClient-1-2] DEBUG io.netty.util.Recycler - -Dio.netty.recycler.maxCapacityPerThread: 4096
21:17:08.249 [AsyncHttpClient-1-2] DEBUG io.netty.util.Recycler - -Dio.netty.recycler.ratio: 8
21:17:08.249 [AsyncHttpClient-1-2] DEBUG io.netty.util.Recycler - -Dio.netty.recycler.chunkSize: 32
21:17:08.249 [AsyncHttpClient-1-2] DEBUG io.netty.util.Recycler - -Dio.netty.recycler.blocking: false
21:17:08.608 [AsyncHttpClient-1-2] DEBUG io.netty.handler.codec.compression.Brotli - brotli4j not in the classpath; Brotli support will be unavailable.
21:17:08.740 [main] DEBUG io.netty.util.internal.ThreadLocalRandom - -Dio.netty.initialSeedUniquifier: 0xc5a9711b782c860c
21:17:08.900 [main] INFO  resources.Log - Maximized the Browser window
21:17:08.906 [main] INFO  resources.Log - Reading the Property file
21:17:08.906 [main] INFO  resources.Log - The Value of the BaseURL Fetched from the Properties: https://stagingpartners.dotgo.com/
21:17:46.452 [main] INFO  resources.Log - Listener OnTestStart method verifyPrivacyPolicyPage
21:17:46.452 [main] INFO  resources.Log - ****************************************************************************************
21:17:46.452 [main] INFO  resources.Log - ****************************************************************************************
21:17:46.452 [main] INFO  resources.Log - $$$$$$$$$$$$$$$$$$$$$                 verifyPrivacyPolicyPage       $$$$$$$$$$$$$$$$$$$$$$$$$
21:17:46.452 [main] INFO  resources.Log - ****************************************************************************************
21:17:46.452 [main] INFO  resources.Log - ****************************************************************************************
21:17:46.463 [main] INFO  resources.Log - Reading the Property file
21:17:46.463 [main] INFO  resources.Log - The Value of the CreateNewBotEmail Fetched from the Properties: knjyothi@kirusa.com
21:17:46.463 [main] INFO  resources.Log - Reading the Property file
21:17:46.464 [main] INFO  resources.Log - The Value of the CreateNewBotPassword Fetched from the Properties: Abcd@1234
21:17:46.464 [main] INFO  resources.Log - Clicking on SingIn
21:17:46.464 [main] INFO  resources.Log - knjyothi@kirusa.com
21:17:46.464 [main] INFO  resources.Log - Abcd@1234
21:17:49.703 [main] INFO  resources.Log - Entered the Email ID: knjyothi@kirusa.com
21:17:49.751 [main] INFO  resources.Log - Entered the password :Abcd@1234
21:18:06.690 [main] INFO  resources.Log - Clicked on Login Button
21:18:06.867 [main] INFO  resources.Log - Clicked on Create New RCS BOT button
21:18:06.875 [main] INFO  resources.Log - Reading the Property file
21:18:06.876 [main] INFO  resources.Log - The Value of the RcsBotDetailsURL Fetched from the Properties: https://stagingpartners.dotgo.com/developer/create-bot/rcs-bot-details
21:18:06.880 [main] INFO  resources.Log - -----------Sucessfully Entered RCS BOT DETAILs page--------
21:18:07.001 [main] INFO  resources.Log - Reading the Property file
21:18:07.001 [main] INFO  resources.Log - The Value of the PrivacyPolicyURL Fetched from the Properties: https://stagingpartners.dotgo.com/developer-pp
21:18:07.012 [main] INFO  resources.Log - Taking Screeshot of the webpage
21:18:07.218 [main] INFO  resources.Log - Adding the Screenshot to the Reports
21:18:07.220 [main] INFO  resources.Log - XXXXXXXXXXXXXXXXXXXXXXX             -E---N---D-             XXXXXXXXXXXXXXXXXXXXXX
21:18:07.221 [main] INFO  resources.Log - X
21:18:07.221 [main] INFO  resources.Log - X
21:18:07.221 [main] INFO  resources.Log - X
21:18:07.221 [main] INFO  resources.Log - X
21:18:07.228 [main] INFO  resources.Log - came to flush
21:42:18.648 [main] INFO  resources.Log - Onstart
21:42:18.674 [main] INFO  resources.Log - Reading the Property file
21:42:18.675 [main] INFO  resources.Log - The Value of the Browser Fetched from the Properties: chrome
21:42:18.675 [main] INFO  resources.Log - Fetching the Browser value as chrome
21:42:18.675 [main] INFO  resources.Log - Invoking the chrome Browser
21:42:19.024 [main] DEBUG io.netty.util.internal.logging.InternalLoggerFactory - Using Log4J2 as the default logging framework
21:42:19.028 [main] DEBUG io.netty.util.ResourceLeakDetector - -Dio.netty.leakDetection.level: simple
21:42:19.028 [main] DEBUG io.netty.util.ResourceLeakDetector - -Dio.netty.leakDetection.targetRecords: 4
21:42:19.031 [main] DEBUG io.netty.util.ResourceLeakDetectorFactory - Loaded default ResourceLeakDetector: io.netty.util.ResourceLeakDetector@10c8f62
21:42:19.043 [main] DEBUG io.netty.util.internal.PlatformDependent0 - -Dio.netty.noUnsafe: false
21:42:19.044 [main] DEBUG io.netty.util.internal.PlatformDependent0 - Java version: 8
21:42:19.044 [main] DEBUG io.netty.util.internal.PlatformDependent0 - sun.misc.Unsafe.theUnsafe: available
21:42:19.045 [main] DEBUG io.netty.util.internal.PlatformDependent0 - sun.misc.Unsafe.copyMemory: available
21:42:19.045 [main] DEBUG io.netty.util.internal.PlatformDependent0 - sun.misc.Unsafe.storeFence: available
21:42:19.045 [main] DEBUG io.netty.util.internal.PlatformDependent0 - java.nio.Buffer.address: available
21:42:19.046 [main] DEBUG io.netty.util.internal.PlatformDependent0 - direct buffer constructor: available
21:42:19.046 [main] DEBUG io.netty.util.internal.PlatformDependent0 - java.nio.Bits.unaligned: available, true
21:42:19.046 [main] DEBUG io.netty.util.internal.PlatformDependent0 - jdk.internal.misc.Unsafe.allocateUninitializedArray(int): unavailable prior to Java9
21:42:19.047 [main] DEBUG io.netty.util.internal.PlatformDependent0 - java.nio.DirectByteBuffer.<init>(long, int): available
21:42:19.047 [main] DEBUG io.netty.util.internal.PlatformDependent - sun.misc.Unsafe: available
21:42:19.047 [main] DEBUG io.netty.util.internal.PlatformDependent - -Dio.netty.tmpdir: /tmp (java.io.tmpdir)
21:42:19.047 [main] DEBUG io.netty.util.internal.PlatformDependent - -Dio.netty.bitMode: 64 (sun.arch.data.model)
21:42:19.048 [main] DEBUG io.netty.util.internal.PlatformDependent - -Dio.netty.maxDirectMemory: 3588751360 bytes
21:42:19.048 [main] DEBUG io.netty.util.internal.PlatformDependent - -Dio.netty.uninitializedArrayAllocationThreshold: -1
21:42:19.049 [main] DEBUG io.netty.util.internal.CleanerJava6 - java.nio.ByteBuffer.cleaner(): available
21:42:19.049 [main] DEBUG io.netty.util.internal.PlatformDependent - -Dio.netty.noPreferDirect: false
21:42:19.054 [main] DEBUG io.netty.util.internal.PlatformDependent - org.jctools-core.MpscChunkedArrayQueue: available
21:42:19.067 [main] DEBUG io.netty.util.internal.InternalThreadLocalMap - -Dio.netty.threadLocalMap.stringBuilder.initialSize: 1024
21:42:19.067 [main] DEBUG io.netty.util.internal.InternalThreadLocalMap - -Dio.netty.threadLocalMap.stringBuilder.maxSize: 4096
21:42:19.086 [main] DEBUG io.netty.handler.ssl.JdkSslContext - Default protocols (JDK): [TLSv1.2, TLSv1.1, TLSv1] 
21:42:19.086 [main] DEBUG io.netty.handler.ssl.JdkSslContext - Default cipher suites (JDK): [TLS_ECDHE_ECDSA_WITH_AES_256_GCM_SHA384, TLS_ECDHE_ECDSA_WITH_AES_128_GCM_SHA256, TLS_ECDHE_RSA_WITH_AES_128_GCM_SHA256, TLS_ECDHE_RSA_WITH_AES_256_GCM_SHA384, TLS_ECDHE_RSA_WITH_AES_128_CBC_SHA, TLS_ECDHE_RSA_WITH_AES_256_CBC_SHA, TLS_RSA_WITH_AES_128_GCM_SHA256, TLS_RSA_WITH_AES_128_CBC_SHA, TLS_RSA_WITH_AES_256_CBC_SHA]
21:42:19.103 [main] DEBUG io.netty.channel.MultithreadEventLoopGroup - -Dio.netty.eventLoopThreads: 16
21:42:19.109 [main] DEBUG io.netty.channel.nio.NioEventLoop - -Dio.netty.noKeySetOptimization: false
21:42:19.109 [main] DEBUG io.netty.channel.nio.NioEventLoop - -Dio.netty.selectorAutoRebuildThreshold: 512
21:42:19.126 [main] DEBUG io.netty.buffer.PooledByteBufAllocator - -Dio.netty.allocator.numHeapArenas: 16
21:42:19.126 [main] DEBUG io.netty.buffer.PooledByteBufAllocator - -Dio.netty.allocator.numDirectArenas: 16
21:42:19.126 [main] DEBUG io.netty.buffer.PooledByteBufAllocator - -Dio.netty.allocator.pageSize: 8192
21:42:19.126 [main] DEBUG io.netty.buffer.PooledByteBufAllocator - -Dio.netty.allocator.maxOrder: 9
21:42:19.127 [main] DEBUG io.netty.buffer.PooledByteBufAllocator - -Dio.netty.allocator.chunkSize: 4194304
21:42:19.127 [main] DEBUG io.netty.buffer.PooledByteBufAllocator - -Dio.netty.allocator.smallCacheSize: 256
21:42:19.127 [main] DEBUG io.netty.buffer.PooledByteBufAllocator - -Dio.netty.allocator.normalCacheSize: 64
21:42:19.127 [main] DEBUG io.netty.buffer.PooledByteBufAllocator - -Dio.netty.allocator.maxCachedBufferCapacity: 32768
21:42:19.127 [main] DEBUG io.netty.buffer.PooledByteBufAllocator - -Dio.netty.allocator.cacheTrimInterval: 8192
21:42:19.127 [main] DEBUG io.netty.buffer.PooledByteBufAllocator - -Dio.netty.allocator.cacheTrimIntervalMillis: 0
21:42:19.127 [main] DEBUG io.netty.buffer.PooledByteBufAllocator - -Dio.netty.allocator.useCacheForAllThreads: false
