19:24:42.078 [main] DEBUG io.netty.buffer.PooledByteBufAllocator - -Dio.netty.allocator.chunkSize: 4194304
19:24:42.082 [main] DEBUG io.netty.buffer.PooledByteBufAllocator - -Dio.netty.allocator.smallCacheSize: 256
19:24:42.082 [main] DEBUG io.netty.buffer.PooledByteBufAllocator - -Dio.netty.allocator.normalCacheSize: 64
19:24:42.082 [main] DEBUG io.netty.buffer.PooledByteBufAllocator - -Dio.netty.allocator.maxCachedBufferCapacity: 32768
19:24:42.082 [main] DEBUG io.netty.buffer.PooledByteBufAllocator - -Dio.netty.allocator.cacheTrimInterval: 8192
19:24:42.082 [main] DEBUG io.netty.buffer.PooledByteBufAllocator - -Dio.netty.allocator.cacheTrimIntervalMillis: 0
19:24:42.083 [main] DEBUG io.netty.buffer.PooledByteBufAllocator - -Dio.netty.allocator.useCacheForAllThreads: false
19:24:42.083 [main] DEBUG io.netty.buffer.PooledByteBufAllocator - -Dio.netty.allocator.maxCachedByteBuffersPerChunk: 1023
19:24:42.093 [main] DEBUG io.netty.buffer.ByteBufUtil - -Dio.netty.allocator.type: pooled
19:24:42.093 [main] DEBUG io.netty.buffer.ByteBufUtil - -Dio.netty.threadLocalDirectBufferSize: 0
19:24:42.093 [main] DEBUG io.netty.buffer.ByteBufUtil - -Dio.netty.maxThreadLocalCharBufferSize: 16384
19:24:42.364 [Forwarding newSession on session null to remote] DEBUG io.netty.channel.DefaultChannelId - -Dio.netty.processId: 3499032 (auto-detected)
19:24:42.367 [Forwarding newSession on session null to remote] DEBUG io.netty.util.NetUtil - -Djava.net.preferIPv4Stack: false
19:24:42.367 [Forwarding newSession on session null to remote] DEBUG io.netty.util.NetUtil - -Djava.net.preferIPv6Addresses: false
19:24:42.368 [Forwarding newSession on session null to remote] DEBUG io.netty.util.NetUtilInitializations - Loopback interface: lo (lo, 127.0.0.1)
19:24:42.369 [Forwarding newSession on session null to remote] DEBUG io.netty.util.NetUtil - /proc/sys/net/core/somaxconn: 4096
19:24:42.370 [Forwarding newSession on session null to remote] DEBUG io.netty.channel.DefaultChannelId - -Dio.netty.machineId: 60:a5:e2:ff:fe:a2:21:32 (auto-detected)
19:24:42.477 [AsyncHttpClient-1-2] DEBUG io.netty.buffer.AbstractByteBuf - -Dio.netty.buffer.checkAccessible: true
19:24:42.478 [AsyncHttpClient-1-2] DEBUG io.netty.buffer.AbstractByteBuf - -Dio.netty.buffer.checkBounds: true
19:24:42.478 [AsyncHttpClient-1-2] DEBUG io.netty.util.ResourceLeakDetectorFactory - Loaded default ResourceLeakDetector: io.netty.util.ResourceLeakDetector@64708ca5
19:24:42.508 [AsyncHttpClient-1-2] DEBUG io.netty.util.Recycler - -Dio.netty.recycler.maxCapacityPerThread: 4096
19:24:42.509 [AsyncHttpClient-1-2] DEBUG io.netty.util.Recycler - -Dio.netty.recycler.ratio: 8
19:24:42.509 [AsyncHttpClient-1-2] DEBUG io.netty.util.Recycler - -Dio.netty.recycler.chunkSize: 32
19:24:42.509 [AsyncHttpClient-1-2] DEBUG io.netty.util.Recycler - -Dio.netty.recycler.blocking: false
19:24:42.812 [AsyncHttpClient-1-2] DEBUG io.netty.handler.codec.compression.Brotli - brotli4j not in the classpath; Brotli support will be unavailable.
19:24:42.915 [main] DEBUG io.netty.util.internal.ThreadLocalRandom - -Dio.netty.initialSeedUniquifier: 0xb4e3571fc24fc43d
19:24:43.069 [main] INFO  resources.Log - Maximized the Browser window
19:24:43.073 [main] INFO  resources.Log - Reading the Property file
19:24:43.073 [main] INFO  resources.Log - The Value of the BaseURL Fetched from the Properties: https://stagingpartners.dotgo.com/
19:24:49.325 [main] INFO  resources.Log - Listener OnTestStart method loginPageTest
19:24:49.326 [main] INFO  resources.Log - ****************************************************************************************
19:24:49.326 [main] INFO  resources.Log - ****************************************************************************************
19:24:49.326 [main] INFO  resources.Log - $$$$$$$$$$$$$$$$$$$$$                 loginPageTest       $$$$$$$$$$$$$$$$$$$$$$$$$
19:24:49.326 [main] INFO  resources.Log - ****************************************************************************************
19:24:49.326 [main] INFO  resources.Log - ****************************************************************************************
19:24:49.335 [main] INFO  resources.Log - Clicking on SingIn
19:24:49.335 [main] INFO  resources.Log - knjyothi@kirusa.com
19:24:49.335 [main] INFO  resources.Log - Abcd@1234
19:24:52.685 [main] INFO  resources.Log - Entered the Email ID: knjyothi@kirusa.com
19:24:52.728 [main] INFO  resources.Log - Entered the password :Abcd@1234
19:24:58.907 [main] INFO  resources.Log - Clicked on Login Button
19:24:58.908 [main] INFO  resources.Log - Reading the Property file
19:24:58.908 [main] INFO  resources.Log - The Value of the DashboardURL Fetched from the Properties: https://stagingpartners.dotgo.com/developer/dashboard
19:24:58.915 [main] INFO  resources.Log - Successfully Logged in to the Dashboard
19:24:58.920 [main] INFO  resources.Log - XXXXXXXXXXXXXXXXXXXXXXX             -E---N---D-             XXXXXXXXXXXXXXXXXXXXXX
19:24:58.920 [main] INFO  resources.Log - X
19:24:58.920 [main] INFO  resources.Log - X
19:24:58.920 [main] INFO  resources.Log - X
19:24:58.920 [main] INFO  resources.Log - X
19:24:58.984 [main] INFO  resources.Log - Reading the Property file
19:24:58.984 [main] INFO  resources.Log - The Value of the Browser Fetched from the Properties: chrome
19:24:58.984 [main] INFO  resources.Log - Fetching the Browser value as chrome
19:24:58.985 [main] INFO  resources.Log - Invoking the chrome Browser
19:24:59.484 [main] INFO  resources.Log - Maximized the Browser window
19:24:59.490 [main] INFO  resources.Log - Reading the Property file
19:24:59.490 [main] INFO  resources.Log - The Value of the BaseURL Fetched from the Properties: https://stagingpartners.dotgo.com/
19:25:07.273 [main] INFO  resources.Log - Listener OnTestStart method loginPageTest
19:25:07.273 [main] INFO  resources.Log - ****************************************************************************************
19:25:07.273 [main] INFO  resources.Log - ****************************************************************************************
19:25:07.273 [main] INFO  resources.Log - $$$$$$$$$$$$$$$$$$$$$                 loginPageTest       $$$$$$$$$$$$$$$$$$$$$$$$$
19:25:07.273 [main] INFO  resources.Log - ****************************************************************************************
19:25:07.273 [main] INFO  resources.Log - ****************************************************************************************
19:25:07.275 [main] INFO  resources.Log - Clicking on SingIn
19:25:07.275 [main] INFO  resources.Log - kumar@gmail.com
19:25:07.275 [main] INFO  resources.Log - pass
19:25:11.257 [main] INFO  resources.Log - Entered the Email ID: kumar@gmail.com
19:25:11.297 [main] INFO  resources.Log - Entered the password :pass
19:25:13.182 [main] INFO  resources.Log - Clicked on Login Button
19:25:13.182 [main] INFO  resources.Log - Reading the Property file
19:25:13.182 [main] INFO  resources.Log - The Value of the DashboardURL Fetched from the Properties: https://stagingpartners.dotgo.com/developer/dashboard
19:25:13.211 [main] INFO  resources.Log - XXXXXXXXXXXXXXXXXXXXXXX             -E---N---D-             XXXXXXXXXXXXXXXXXXXXXX
19:25:13.212 [main] INFO  resources.Log - X
19:25:13.212 [main] INFO  resources.Log - X
19:25:13.212 [main] INFO  resources.Log - X
19:25:13.212 [main] INFO  resources.Log - X
19:25:13.318 [main] INFO  resources.Log - Reading the Property file
19:25:13.318 [main] INFO  resources.Log - The Value of the Browser Fetched from the Properties: chrome
19:25:13.318 [main] INFO  resources.Log - Fetching the Browser value as chrome
19:25:13.318 [main] INFO  resources.Log - Invoking the chrome Browser
19:25:13.696 [main] INFO  resources.Log - Maximized the Browser window
19:25:13.698 [main] INFO  resources.Log - Reading the Property file
19:25:13.698 [main] INFO  resources.Log - The Value of the BaseURL Fetched from the Properties: https://stagingpartners.dotgo.com/
19:25:23.273 [main] INFO  resources.Log - Listener OnTestStart method loginPageTest
19:25:23.273 [main] INFO  resources.Log - ****************************************************************************************
19:25:23.273 [main] INFO  resources.Log - ****************************************************************************************
19:25:23.273 [main] INFO  resources.Log - $$$$$$$$$$$$$$$$$$$$$                 loginPageTest       $$$$$$$$$$$$$$$$$$$$$$$$$
19:25:23.273 [main] INFO  resources.Log - ****************************************************************************************
19:25:23.273 [main] INFO  resources.Log - ****************************************************************************************
19:25:23.273 [main] INFO  resources.Log - Clicking on SingIn
19:25:23.274 [main] INFO  resources.Log - amar@gmail.com
19:25:23.274 [main] INFO  resources.Log - new
19:25:26.573 [main] INFO  resources.Log - Entered the Email ID: amar@gmail.com
19:25:26.613 [main] INFO  resources.Log - Entered the password :new
19:25:29.350 [main] INFO  resources.Log - Clicked on Login Button
19:25:29.351 [main] INFO  resources.Log - Reading the Property file
19:25:29.351 [main] INFO  resources.Log - The Value of the DashboardURL Fetched from the Properties: https://stagingpartners.dotgo.com/developer/dashboard
19:25:29.380 [main] INFO  resources.Log - XXXXXXXXXXXXXXXXXXXXXXX             -E---N---D-             XXXXXXXXXXXXXXXXXXXXXX
19:25:29.380 [main] INFO  resources.Log - X
19:25:29.380 [main] INFO  resources.Log - X
19:25:29.380 [main] INFO  resources.Log - X
19:25:29.380 [main] INFO  resources.Log - X
19:25:29.488 [main] INFO  resources.Log - Reading the Property file
19:25:29.489 [main] INFO  resources.Log - The Value of the Browser Fetched from the Properties: chrome
19:25:29.489 [main] INFO  resources.Log - Fetching the Browser value as chrome
19:25:29.489 [main] INFO  resources.Log - Invoking the chrome Browser
19:25:29.901 [main] INFO  resources.Log - Maximized the Browser window
19:25:29.903 [main] INFO  resources.Log - Reading the Property file
19:25:29.903 [main] INFO  resources.Log - The Value of the BaseURL Fetched from the Properties: https://stagingpartners.dotgo.com/
19:25:35.877 [main] INFO  resources.Log - Listener OnTestStart method createNewBot
19:25:35.877 [main] INFO  resources.Log - ****************************************************************************************
19:25:35.877 [main] INFO  resources.Log - ****************************************************************************************
19:25:35.877 [main] INFO  resources.Log - $$$$$$$$$$$$$$$$$$$$$                 createNewBot       $$$$$$$$$$$$$$$$$$$$$$$$$
19:25:35.877 [main] INFO  resources.Log - ****************************************************************************************
19:25:35.877 [main] INFO  resources.Log - ****************************************************************************************
19:25:35.878 [main] INFO  resources.Log - Reading the Property file
19:25:35.878 [main] INFO  resources.Log - The Value of the CreateNewBotEmail Fetched from the Properties: knjyothi@kirusa.com
19:25:35.878 [main] INFO  resources.Log - Reading the Property file
19:25:35.878 [main] INFO  resources.Log - The Value of the CreateNewBotPassword Fetched from the Properties: Abcd@1234
19:25:35.878 [main] INFO  resources.Log - Clicking on SingIn
19:25:35.878 [main] INFO  resources.Log - knjyothi@kirusa.com
19:25:35.878 [main] INFO  resources.Log - Abcd@1234
19:25:39.266 [main] INFO  resources.Log - Entered the Email ID: knjyothi@kirusa.com
19:25:39.312 [main] INFO  resources.Log - Entered the password :Abcd@1234
19:25:47.193 [main] INFO  resources.Log - Clicked on Login Button
19:25:47.293 [main] INFO  resources.Log - Clicked on Create New RCS BOT button
19:25:47.296 [main] INFO  resources.Log - Reading the Property file
19:25:47.296 [main] INFO  resources.Log - The Value of the RcsBotDetailsURL Fetched from the Properties: https://stagingpartners.dotgo.com/developer/create-bot/rcs-bot-details
19:25:47.296 [main] INFO  resources.Log - -----------Sucessfully Entered RCS BOT DETAILs page--------
19:25:47.297 [main] INFO  resources.Log - Reading the Property file
19:25:47.297 [main] INFO  resources.Log - The Value of the CreateNewBotName Fetched from the Properties: AutomationBot
19:25:47.348 [main] INFO  resources.Log - Reading the Property file
19:25:47.348 [main] INFO  resources.Log - The Value of the CreateNewBotName Fetched from the Properties: AutomationBot
19:25:47.348 [main] DEBUG resources.Log - Bot Name is: AutomationBot
19:25:47.348 [main] INFO  resources.Log - Entered the BotName
19:25:47.348 [main] INFO  resources.Log - Reading the Property file
19:25:47.348 [main] INFO  resources.Log - The Value of the CreateNewBotBrandName Fetched from the Properties: Automate
19:25:47.453 [main] INFO  resources.Log - Entered Brand Name
19:25:47.530 [main] INFO  resources.Log - Clicked on upload BOT logo
19:25:47.962 [main] INFO  resources.Log - Cropped Image to the 224 pixels Wide x 224 pixels Tall
19:25:48.035 [main] INFO  resources.Log - Uploaded Bot Logo from local Utils
19:25:49.088 [main] INFO  resources.Log - Clicked on upload Banner Image
19:25:59.211 [main] INFO  resources.Log - Taking Screeshot of the webpage
19:25:59.330 [main] INFO  resources.Log - Adding the Screenshot to the Reports
19:25:59.332 [main] INFO  resources.Log - XXXXXXXXXXXXXXXXXXXXXXX             -E---N---D-             XXXXXXXXXXXXXXXXXXXXXX
19:25:59.332 [main] INFO  resources.Log - X
19:25:59.332 [main] INFO  resources.Log - X
19:25:59.332 [main] INFO  resources.Log - X
19:25:59.332 [main] INFO  resources.Log - X
19:25:59.452 [main] INFO  resources.Log - Reading the Property file
19:25:59.453 [main] INFO  resources.Log - The Value of the Browser Fetched from the Properties: chrome
19:25:59.453 [main] INFO  resources.Log - Fetching the Browser value as chrome
19:25:59.453 [main] INFO  resources.Log - Invoking the chrome Browser
19:25:59.842 [main] INFO  resources.Log - Maximized the Browser window
19:25:59.847 [main] INFO  resources.Log - Reading the Property file
19:25:59.848 [main] INFO  resources.Log - The Value of the BaseURL Fetched from the Properties: https://stagingpartners.dotgo.com/
19:26:06.104 [main] INFO  resources.Log - Listener OnTestStart method verifyCreateNewRcsBotButton
19:26:06.104 [main] INFO  resources.Log - ****************************************************************************************
19:26:06.104 [main] INFO  resources.Log - ****************************************************************************************
19:26:06.105 [main] INFO  resources.Log - $$$$$$$$$$$$$$$$$$$$$                 verifyCreateNewRcsBotButton       $$$$$$$$$$$$$$$$$$$$$$$$$
19:26:06.105 [main] INFO  resources.Log - ****************************************************************************************
19:26:06.105 [main] INFO  resources.Log - ****************************************************************************************
19:26:06.105 [main] INFO  resources.Log - Reading the Property file
19:26:06.105 [main] INFO  resources.Log - The Value of the CreateNewBotEmail Fetched from the Properties: knjyothi@kirusa.com
19:26:06.106 [main] INFO  resources.Log - Reading the Property file
19:26:06.106 [main] INFO  resources.Log - The Value of the CreateNewBotPassword Fetched from the Properties: Abcd@1234
19:26:06.106 [main] INFO  resources.Log - Clicking on SingIn
19:26:06.106 [main] INFO  resources.Log - knjyothi@kirusa.com
19:26:06.106 [main] INFO  resources.Log - Abcd@1234
19:26:09.430 [main] INFO  resources.Log - Entered the Email ID: knjyothi@kirusa.com
19:26:09.500 [main] INFO  resources.Log - Entered the password :Abcd@1234
19:26:14.429 [main] INFO  resources.Log - Clicked on Login Button
19:26:14.569 [main] INFO  resources.Log - Clicked on Create New RCS BOT button
19:26:14.575 [main] INFO  resources.Log - Reading the Property file
19:26:14.575 [main] INFO  resources.Log - The Value of the RcsBotDetailsURL Fetched from the Properties: https://stagingpartners.dotgo.com/developer/create-bot/rcs-bot-details
19:26:14.575 [main] INFO  resources.Log - -----------Sucessfully Entered RCS BOT DETAILs page--------
19:26:14.575 [main] INFO  resources.Log - XXXXXXXXXXXXXXXXXXXXXXX             -E---N---D-             XXXXXXXXXXXXXXXXXXXXXX
19:26:14.575 [main] INFO  resources.Log - X
19:26:14.575 [main] INFO  resources.Log - X
19:26:14.575 [main] INFO  resources.Log - X
19:26:14.575 [main] INFO  resources.Log - X
19:26:14.696 [main] INFO  resources.Log - Reading the Property file
19:26:14.696 [main] INFO  resources.Log - The Value of the Browser Fetched from the Properties: chrome
19:26:14.696 [main] INFO  resources.Log - Fetching the Browser value as chrome
19:26:14.696 [main] INFO  resources.Log - Invoking the chrome Browser
19:26:15.108 [main] INFO  resources.Log - Maximized the Browser window
19:26:15.110 [main] INFO  resources.Log - Reading the Property file
19:26:15.110 [main] INFO  resources.Log - The Value of the BaseURL Fetched from the Properties: https://stagingpartners.dotgo.com/
19:26:24.973 [main] INFO  resources.Log - Listener OnTestStart method verifyPrivacyPolicyPage
19:26:24.973 [main] INFO  resources.Log - ****************************************************************************************
19:26:24.973 [main] INFO  resources.Log - ****************************************************************************************
19:26:24.973 [main] INFO  resources.Log - $$$$$$$$$$$$$$$$$$$$$                 verifyPrivacyPolicyPage       $$$$$$$$$$$$$$$$$$$$$$$$$
19:26:24.973 [main] INFO  resources.Log - ****************************************************************************************
19:26:24.973 [main] INFO  resources.Log - ****************************************************************************************
19:26:24.974 [main] INFO  resources.Log - Reading the Property file
19:26:24.974 [main] INFO  resources.Log - The Value of the CreateNewBotEmail Fetched from the Properties: knjyothi@kirusa.com
19:26:24.974 [main] INFO  resources.Log - Reading the Property file
19:26:24.974 [main] INFO  resources.Log - The Value of the CreateNewBotPassword Fetched from the Properties: Abcd@1234
19:26:24.974 [main] INFO  resources.Log - Clicking on SingIn
19:26:24.974 [main] INFO  resources.Log - knjyothi@kirusa.com
19:26:24.974 [main] INFO  resources.Log - Abcd@1234
19:26:28.746 [main] INFO  resources.Log - Entered the Email ID: knjyothi@kirusa.com
19:26:28.785 [main] INFO  resources.Log - Entered the password :Abcd@1234
19:26:31.326 [main] INFO  resources.Log - Clicked on Login Button
19:26:31.332 [main] INFO  resources.Log - Taking Screeshot of the webpage
19:26:31.337 [main] INFO  resources.Log - Taking Screeshot of the webpage
19:26:31.340 [main] INFO  resources.Log - came to flush
19:27:47.116 [main] INFO  resources.Log - Onstart
19:27:47.146 [main] INFO  resources.Log - Reading the Property file
19:27:47.146 [main] INFO  resources.Log - The Value of the Browser Fetched from the Properties: chrome
19:27:47.146 [main] INFO  resources.Log - Fetching the Browser value as chrome
19:27:47.146 [main] INFO  resources.Log - Invoking the chrome Browser
19:27:47.551 [main] DEBUG io.netty.util.internal.logging.InternalLoggerFactory - Using Log4J2 as the default logging framework
19:27:47.559 [main] DEBUG io.netty.util.ResourceLeakDetector - -Dio.netty.leakDetection.level: simple
19:27:47.559 [main] DEBUG io.netty.util.ResourceLeakDetector - -Dio.netty.leakDetection.targetRecords: 4
19:27:47.575 [main] DEBUG io.netty.util.ResourceLeakDetectorFactory - Loaded default ResourceLeakDetector: io.netty.util.ResourceLeakDetector@61861a29
19:27:47.591 [main] DEBUG io.netty.util.internal.PlatformDependent0 - -Dio.netty.noUnsafe: false
19:27:47.591 [main] DEBUG io.netty.util.internal.PlatformDependent0 - Java version: 8
19:27:47.591 [main] DEBUG io.netty.util.internal.PlatformDependent0 - sun.misc.Unsafe.theUnsafe: available
19:27:47.592 [main] DEBUG io.netty.util.internal.PlatformDependent0 - sun.misc.Unsafe.copyMemory: available
19:27:47.592 [main] DEBUG io.netty.util.internal.PlatformDependent0 - sun.misc.Unsafe.storeFence: available
19:27:47.593 [main] DEBUG io.netty.util.internal.PlatformDependent0 - java.nio.Buffer.address: available
19:27:47.593 [main] DEBUG io.netty.util.internal.PlatformDependent0 - direct buffer constructor: available
19:27:47.594 [main] DEBUG io.netty.util.internal.PlatformDependent0 - java.nio.Bits.unaligned: available, true
19:27:47.594 [main] DEBUG io.netty.util.internal.PlatformDependent0 - jdk.internal.misc.Unsafe.allocateUninitializedArray(int): unavailable prior to Java9
19:27:47.594 [main] DEBUG io.netty.util.internal.PlatformDependent0 - java.nio.DirectByteBuffer.<init>(long, int): available
19:27:47.594 [main] DEBUG io.netty.util.internal.PlatformDependent - sun.misc.Unsafe: available
19:27:47.594 [main] DEBUG io.netty.util.internal.PlatformDependent - -Dio.netty.tmpdir: /tmp (java.io.tmpdir)
19:27:47.595 [main] DEBUG io.netty.util.internal.PlatformDependent - -Dio.netty.bitMode: 64 (sun.arch.data.model)
19:27:47.595 [main] DEBUG io.netty.util.internal.PlatformDependent - -Dio.netty.maxDirectMemory: 3588751360 bytes
19:27:47.595 [main] DEBUG io.netty.util.internal.PlatformDependent - -Dio.netty.uninitializedArrayAllocationThreshold: -1
19:27:47.596 [main] DEBUG io.netty.util.internal.CleanerJava6 - java.nio.ByteBuffer.cleaner(): available
19:27:47.596 [main] DEBUG io.netty.util.internal.PlatformDependent - -Dio.netty.noPreferDirect: false
19:27:47.603 [main] DEBUG io.netty.util.internal.PlatformDependent - org.jctools-core.MpscChunkedArrayQueue: available
19:27:47.622 [main] DEBUG io.netty.util.internal.InternalThreadLocalMap - -Dio.netty.threadLocalMap.stringBuilder.initialSize: 1024
19:27:47.622 [main] DEBUG io.netty.util.internal.InternalThreadLocalMap - -Dio.netty.threadLocalMap.stringBuilder.maxSize: 4096
19:27:47.644 [main] DEBUG io.netty.handler.ssl.JdkSslContext - Default protocols (JDK): [TLSv1.2, TLSv1.1, TLSv1] 
19:27:47.645 [main] DEBUG io.netty.handler.ssl.JdkSslContext - Default cipher suites (JDK): [TLS_ECDHE_ECDSA_WITH_AES_256_GCM_SHA384, TLS_ECDHE_ECDSA_WITH_AES_128_GCM_SHA256, TLS_ECDHE_RSA_WITH_AES_128_GCM_SHA256, TLS_ECDHE_RSA_WITH_AES_256_GCM_SHA384, TLS_ECDHE_RSA_WITH_AES_128_CBC_SHA, TLS_ECDHE_RSA_WITH_AES_256_CBC_SHA, TLS_RSA_WITH_AES_128_GCM_SHA256, TLS_RSA_WITH_AES_128_CBC_SHA, TLS_RSA_WITH_AES_256_CBC_SHA]
19:27:47.665 [main] DEBUG io.netty.channel.MultithreadEventLoopGroup - -Dio.netty.eventLoopThreads: 16
19:27:47.672 [main] DEBUG io.netty.channel.nio.NioEventLoop - -Dio.netty.noKeySetOptimization: false
19:27:47.672 [main] DEBUG io.netty.channel.nio.NioEventLoop - -Dio.netty.selectorAutoRebuildThreshold: 512
19:27:47.690 [main] DEBUG io.netty.buffer.PooledByteBufAllocator - -Dio.netty.allocator.numHeapArenas: 16
19:27:47.690 [main] DEBUG io.netty.buffer.PooledByteBufAllocator - -Dio.netty.allocator.numDirectArenas: 16
19:27:47.690 [main] DEBUG io.netty.buffer.PooledByteBufAllocator - -Dio.netty.allocator.pageSize: 8192
19:27:47.691 [main] DEBUG io.netty.buffer.PooledByteBufAllocator - -Dio.netty.allocator.maxOrder: 9
19:27:47.691 [main] DEBUG io.netty.buffer.PooledByteBufAllocator - -Dio.netty.allocator.chunkSize: 4194304
19:27:47.691 [main] DEBUG io.netty.buffer.PooledByteBufAllocator - -Dio.netty.allocator.smallCacheSize: 256
19:27:47.691 [main] DEBUG io.netty.buffer.PooledByteBufAllocator - -Dio.netty.allocator.normalCacheSize: 64
19:27:47.691 [main] DEBUG io.netty.buffer.PooledByteBufAllocator - -Dio.netty.allocator.maxCachedBufferCapacity: 32768
19:27:47.691 [main] DEBUG io.netty.buffer.PooledByteBufAllocator - -Dio.netty.allocator.cacheTrimInterval: 8192
19:27:47.691 [main] DEBUG io.netty.buffer.PooledByteBufAllocator - -Dio.netty.allocator.cacheTrimIntervalMillis: 0
19:27:47.692 [main] DEBUG io.netty.buffer.PooledByteBufAllocator - -Dio.netty.allocator.useCacheForAllThreads: false
19:27:47.692 [main] DEBUG io.netty.buffer.PooledByteBufAllocator - -Dio.netty.allocator.maxCachedByteBuffersPerChunk: 1023
19:27:47.701 [main] DEBUG io.netty.buffer.ByteBufUtil - -Dio.netty.allocator.type: pooled
19:27:47.702 [main] DEBUG io.netty.buffer.ByteBufUtil - -Dio.netty.threadLocalDirectBufferSize: 0
19:27:47.702 [main] DEBUG io.netty.buffer.ByteBufUtil - -Dio.netty.maxThreadLocalCharBufferSize: 16384
19:27:47.942 [Forwarding newSession on session null to remote] DEBUG io.netty.channel.DefaultChannelId - -Dio.netty.processId: 3524598 (auto-detected)
19:27:47.945 [Forwarding newSession on session null to remote] DEBUG io.netty.util.NetUtil - -Djava.net.preferIPv4Stack: false
19:27:47.945 [Forwarding newSession on session null to remote] DEBUG io.netty.util.NetUtil - -Djava.net.preferIPv6Addresses: false
19:27:47.947 [Forwarding newSession on session null to remote] DEBUG io.netty.util.NetUtilInitializations - Loopback interface: lo (lo, 127.0.0.1)
19:27:47.949 [Forwarding newSession on session null to remote] DEBUG io.netty.util.NetUtil - /proc/sys/net/core/somaxconn: 4096
19:27:47.950 [Forwarding newSession on session null to remote] DEBUG io.netty.channel.DefaultChannelId - -Dio.netty.machineId: 60:a5:e2:ff:fe:a2:21:32 (auto-detected)
19:27:47.992 [AsyncHttpClient-1-2] DEBUG io.netty.buffer.AbstractByteBuf - -Dio.netty.buffer.checkAccessible: true
19:27:47.992 [AsyncHttpClient-1-2] DEBUG io.netty.buffer.AbstractByteBuf - -Dio.netty.buffer.checkBounds: true
19:27:47.992 [AsyncHttpClient-1-2] DEBUG io.netty.util.ResourceLeakDetectorFactory - Loaded default ResourceLeakDetector: io.netty.util.ResourceLeakDetector@11d6c620
19:27:48.006 [AsyncHttpClient-1-2] DEBUG io.netty.util.Recycler - -Dio.netty.recycler.maxCapacityPerThread: 4096
19:27:48.006 [AsyncHttpClient-1-2] DEBUG io.netty.util.Recycler - -Dio.netty.recycler.ratio: 8
19:27:48.006 [AsyncHttpClient-1-2] DEBUG io.netty.util.Recycler - -Dio.netty.recycler.chunkSize: 32
19:27:48.006 [AsyncHttpClient-1-2] DEBUG io.netty.util.Recycler - -Dio.netty.recycler.blocking: false
19:27:48.288 [AsyncHttpClient-1-2] DEBUG io.netty.handler.codec.compression.Brotli - brotli4j not in the classpath; Brotli support will be unavailable.
19:27:48.386 [main] DEBUG io.netty.util.internal.ThreadLocalRandom - -Dio.netty.initialSeedUniquifier: 0x928f6ffeb4d9b96b
19:27:48.540 [main] INFO  resources.Log - Maximized the Browser window
19:27:48.545 [main] INFO  resources.Log - Reading the Property file
19:27:48.545 [main] INFO  resources.Log - The Value of the BaseURL Fetched from the Properties: https://stagingpartners.dotgo.com/
19:27:53.191 [main] INFO  resources.Log - Listener OnTestStart method createNewBot
19:27:53.191 [main] INFO  resources.Log - ****************************************************************************************
19:27:53.191 [main] INFO  resources.Log - ****************************************************************************************
19:27:53.191 [main] INFO  resources.Log - $$$$$$$$$$$$$$$$$$$$$                 createNewBot       $$$$$$$$$$$$$$$$$$$$$$$$$
19:27:53.191 [main] INFO  resources.Log - ****************************************************************************************
19:27:53.191 [main] INFO  resources.Log - ****************************************************************************************
19:27:53.199 [main] INFO  resources.Log - Reading the Property file
19:27:53.199 [main] INFO  resources.Log - The Value of the CreateNewBotEmail Fetched from the Properties: knjyothi@kirusa.com
19:27:53.199 [main] INFO  resources.Log - Reading the Property file
19:27:53.199 [main] INFO  resources.Log - The Value of the CreateNewBotPassword Fetched from the Properties: Abcd@1234
19:27:53.199 [main] INFO  resources.Log - Clicking on SingIn
19:27:53.199 [main] INFO  resources.Log - knjyothi@kirusa.com
19:27:53.199 [main] INFO  resources.Log - Abcd@1234
19:27:57.794 [main] INFO  resources.Log - Entered the Email ID: knjyothi@kirusa.com
19:27:57.835 [main] INFO  resources.Log - Entered the password :Abcd@1234
19:28:03.624 [main] INFO  resources.Log - Clicked on Login Button
19:28:03.784 [main] INFO  resources.Log - Clicked on Create New RCS BOT button
19:28:03.790 [main] INFO  resources.Log - Reading the Property file
19:28:03.790 [main] INFO  resources.Log - The Value of the RcsBotDetailsURL Fetched from the Properties: https://stagingpartners.dotgo.com/developer/create-bot/rcs-bot-details
19:28:03.792 [main] INFO  resources.Log - -----------Sucessfully Entered RCS BOT DETAILs page--------
19:28:03.793 [main] INFO  resources.Log - Reading the Property file
19:28:03.793 [main] INFO  resources.Log - The Value of the CreateNewBotName Fetched from the Properties: AutomationBot
19:28:03.861 [main] INFO  resources.Log - Reading the Property file
19:28:03.861 [main] INFO  resources.Log - The Value of the CreateNewBotName Fetched from the Properties: AutomationBot
19:28:03.861 [main] DEBUG resources.Log - Bot Name is: AutomationBot
19:28:03.861 [main] INFO  resources.Log - Entered the BotName
19:28:03.861 [main] INFO  resources.Log - Reading the Property file
19:28:03.861 [main] INFO  resources.Log - The Value of the CreateNewBotBrandName Fetched from the Properties: Automate
19:28:03.960 [main] INFO  resources.Log - Entered Brand Name
19:28:04.041 [main] INFO  resources.Log - Clicked on upload BOT logo
19:28:04.497 [main] INFO  resources.Log - Cropped Image to the 224 pixels Wide x 224 pixels Tall
19:28:04.542 [main] INFO  resources.Log - Uploaded Bot Logo from local Utils
19:28:05.576 [main] INFO  resources.Log - Clicked on upload Banner Image
19:28:15.750 [main] INFO  resources.Log - Taking Screeshot of the webpage
19:28:15.872 [main] INFO  resources.Log - Adding the Screenshot to the Reports
19:28:15.874 [main] INFO  resources.Log - XXXXXXXXXXXXXXXXXXXXXXX             -E---N---D-             XXXXXXXXXXXXXXXXXXXXXX
19:28:15.874 [main] INFO  resources.Log - X
19:28:15.874 [main] INFO  resources.Log - X
19:28:15.874 [main] INFO  resources.Log - X
19:28:15.874 [main] INFO  resources.Log - X
19:28:15.878 [main] INFO  resources.Log - Reading the Property file
19:28:15.878 [main] INFO  resources.Log - The Value of the Browser Fetched from the Properties: chrome
19:28:15.878 [main] INFO  resources.Log - Fetching the Browser value as chrome
19:28:15.878 [main] INFO  resources.Log - Invoking the chrome Browser
19:28:16.316 [main] INFO  resources.Log - Maximized the Browser window
19:28:16.318 [main] INFO  resources.Log - Reading the Property file
19:28:16.318 [main] INFO  resources.Log - The Value of the BaseURL Fetched from the Properties: https://stagingpartners.dotgo.com/
19:28:21.903 [main] INFO  resources.Log - Listener OnTestStart method verifyCreateNewRcsBotButton
19:28:21.904 [main] INFO  resources.Log - ****************************************************************************************
19:28:21.904 [main] INFO  resources.Log - ****************************************************************************************
19:28:21.904 [main] INFO  resources.Log - $$$$$$$$$$$$$$$$$$$$$                 verifyCreateNewRcsBotButton       $$$$$$$$$$$$$$$$$$$$$$$$$
19:28:21.904 [main] INFO  resources.Log - ****************************************************************************************
19:28:21.904 [main] INFO  resources.Log - ****************************************************************************************
19:28:21.905 [main] INFO  resources.Log - Reading the Property file
19:28:21.905 [main] INFO  resources.Log - The Value of the CreateNewBotEmail Fetched from the Properties: knjyothi@kirusa.com
19:28:21.905 [main] INFO  resources.Log - Reading the Property file
19:28:21.905 [main] INFO  resources.Log - The Value of the CreateNewBotPassword Fetched from the Properties: Abcd@1234
19:28:21.905 [main] INFO  resources.Log - Clicking on SingIn
19:28:21.905 [main] INFO  resources.Log - knjyothi@kirusa.com
19:28:21.906 [main] INFO  resources.Log - Abcd@1234
19:28:25.124 [main] INFO  resources.Log - Entered the Email ID: knjyothi@kirusa.com
19:28:25.198 [main] INFO  resources.Log - Entered the password :Abcd@1234
19:28:32.604 [main] INFO  resources.Log - Clicked on Login Button
19:28:32.733 [main] INFO  resources.Log - Clicked on Create New RCS BOT button
19:28:32.739 [main] INFO  resources.Log - Reading the Property file
19:28:32.739 [main] INFO  resources.Log - The Value of the RcsBotDetailsURL Fetched from the Properties: https://stagingpartners.dotgo.com/developer/create-bot/rcs-bot-details
19:28:32.739 [main] INFO  resources.Log - -----------Sucessfully Entered RCS BOT DETAILs page--------
19:28:32.739 [main] INFO  resources.Log - XXXXXXXXXXXXXXXXXXXXXXX             -E---N---D-             XXXXXXXXXXXXXXXXXXXXXX
19:28:32.739 [main] INFO  resources.Log - X
19:28:32.740 [main] INFO  resources.Log - X
19:28:32.740 [main] INFO  resources.Log - X
19:28:32.740 [main] INFO  resources.Log - X
19:28:32.742 [main] INFO  resources.Log - came to flush
19:30:43.430 [main] INFO  resources.Log - Onstart
19:30:43.447 [main] INFO  resources.Log - Reading the Property file
19:30:43.448 [main] INFO  resources.Log - The Value of the Browser Fetched from the Properties: chrome
19:30:43.448 [main] INFO  resources.Log - Fetching the Browser value as chrome
19:30:43.448 [main] INFO  resources.Log - Invoking the chrome Browser
19:30:43.725 [main] DEBUG io.netty.util.internal.logging.InternalLoggerFactory - Using Log4J2 as the default logging framework
19:30:43.728 [main] DEBUG io.netty.util.ResourceLeakDetector - -Dio.netty.leakDetection.level: simple
19:30:43.728 [main] DEBUG io.netty.util.ResourceLeakDetector - -Dio.netty.leakDetection.targetRecords: 4
19:30:43.731 [main] DEBUG io.netty.util.ResourceLeakDetectorFactory - Loaded default ResourceLeakDetector: io.netty.util.ResourceLeakDetector@25f7391e
19:30:43.741 [main] DEBUG io.netty.util.internal.PlatformDependent0 - -Dio.netty.noUnsafe: false
19:30:43.741 [main] DEBUG io.netty.util.internal.PlatformDependent0 - Java version: 8
19:30:43.742 [main] DEBUG io.netty.util.internal.PlatformDependent0 - sun.misc.Unsafe.theUnsafe: available
19:30:43.742 [main] DEBUG io.netty.util.internal.PlatformDependent0 - sun.misc.Unsafe.copyMemory: available
19:30:43.743 [main] DEBUG io.netty.util.internal.PlatformDependent0 - sun.misc.Unsafe.storeFence: available
19:30:43.743 [main] DEBUG io.netty.util.internal.PlatformDependent0 - java.nio.Buffer.address: available
19:30:43.743 [main] DEBUG io.netty.util.internal.PlatformDependent0 - direct buffer constructor: available
19:30:43.744 [main] DEBUG io.netty.util.internal.PlatformDependent0 - java.nio.Bits.unaligned: available, true
19:30:43.744 [main] DEBUG io.netty.util.internal.PlatformDependent0 - jdk.internal.misc.Unsafe.allocateUninitializedArray(int): unavailable prior to Java9
19:30:43.744 [main] DEBUG io.netty.util.internal.PlatformDependent0 - java.nio.DirectByteBuffer.<init>(long, int): available
19:30:43.744 [main] DEBUG io.netty.util.internal.PlatformDependent - sun.misc.Unsafe: available
19:30:43.744 [main] DEBUG io.netty.util.internal.PlatformDependent - -Dio.netty.tmpdir: /tmp (java.io.tmpdir)
19:30:43.744 [main] DEBUG io.netty.util.internal.PlatformDependent - -Dio.netty.bitMode: 64 (sun.arch.data.model)
19:30:43.745 [main] DEBUG io.netty.util.internal.PlatformDependent - -Dio.netty.maxDirectMemory: 3588751360 bytes
19:30:43.745 [main] DEBUG io.netty.util.internal.PlatformDependent - -Dio.netty.uninitializedArrayAllocationThreshold: -1
19:30:43.746 [main] DEBUG io.netty.util.internal.CleanerJava6 - java.nio.ByteBuffer.cleaner(): available
19:30:43.746 [main] DEBUG io.netty.util.internal.PlatformDependent - -Dio.netty.noPreferDirect: false
19:30:43.754 [main] DEBUG io.netty.util.internal.PlatformDependent - org.jctools-core.MpscChunkedArrayQueue: available
19:30:43.779 [main] DEBUG io.netty.util.internal.InternalThreadLocalMap - -Dio.netty.threadLocalMap.stringBuilder.initialSize: 1024
19:30:43.779 [main] DEBUG io.netty.util.internal.InternalThreadLocalMap - -Dio.netty.threadLocalMap.stringBuilder.maxSize: 4096
19:30:43.797 [main] DEBUG io.netty.handler.ssl.JdkSslContext - Default protocols (JDK): [TLSv1.2, TLSv1.1, TLSv1] 
19:30:43.797 [main] DEBUG io.netty.handler.ssl.JdkSslContext - Default cipher suites (JDK): [TLS_ECDHE_ECDSA_WITH_AES_256_GCM_SHA384, TLS_ECDHE_ECDSA_WITH_AES_128_GCM_SHA256, TLS_ECDHE_RSA_WITH_AES_128_GCM_SHA256, TLS_ECDHE_RSA_WITH_AES_256_GCM_SHA384, TLS_ECDHE_RSA_WITH_AES_128_CBC_SHA, TLS_ECDHE_RSA_WITH_AES_256_CBC_SHA, TLS_RSA_WITH_AES_128_GCM_SHA256, TLS_RSA_WITH_AES_128_CBC_SHA, TLS_RSA_WITH_AES_256_CBC_SHA]
19:30:43.818 [main] DEBUG io.netty.channel.MultithreadEventLoopGroup - -Dio.netty.eventLoopThreads: 16
19:30:43.824 [main] DEBUG io.netty.channel.nio.NioEventLoop - -Dio.netty.noKeySetOptimization: false
19:30:43.824 [main] DEBUG io.netty.channel.nio.NioEventLoop - -Dio.netty.selectorAutoRebuildThreshold: 512
19:30:43.840 [main] DEBUG io.netty.buffer.PooledByteBufAllocator - -Dio.netty.allocator.numHeapArenas: 16
19:30:43.841 [main] DEBUG io.netty.buffer.PooledByteBufAllocator - -Dio.netty.allocator.numDirectArenas: 16
19:30:43.841 [main] DEBUG io.netty.buffer.PooledByteBufAllocator - -Dio.netty.allocator.pageSize: 8192
19:30:43.841 [main] DEBUG io.netty.buffer.PooledByteBufAllocator - -Dio.netty.allocator.maxOrder: 9
19:30:43.841 [main] DEBUG io.netty.buffer.PooledByteBufAllocator - -Dio.netty.allocator.chunkSize: 4194304
19:30:43.841 [main] DEBUG io.netty.buffer.PooledByteBufAllocator - -Dio.netty.allocator.smallCacheSize: 256
19:30:43.841 [main] DEBUG io.netty.buffer.PooledByteBufAllocator - -Dio.netty.allocator.normalCacheSize: 64
19:30:43.841 [main] DEBUG io.netty.buffer.PooledByteBufAllocator - -Dio.netty.allocator.maxCachedBufferCapacity: 32768
19:30:43.841 [main] DEBUG io.netty.buffer.PooledByteBufAllocator - -Dio.netty.allocator.cacheTrimInterval: 8192
19:30:43.841 [main] DEBUG io.netty.buffer.PooledByteBufAllocator - -Dio.netty.allocator.cacheTrimIntervalMillis: 0
19:30:43.842 [main] DEBUG io.netty.buffer.PooledByteBufAllocator - -Dio.netty.allocator.useCacheForAllThreads: false
19:30:43.842 [main] DEBUG io.netty.buffer.PooledByteBufAllocator - -Dio.netty.allocator.maxCachedByteBuffersPerChunk: 1023
19:30:43.849 [main] DEBUG io.netty.buffer.ByteBufUtil - -Dio.netty.allocator.type: pooled
19:30:43.849 [main] DEBUG io.netty.buffer.ByteBufUtil - -Dio.netty.threadLocalDirectBufferSize: 0
19:30:43.849 [main] DEBUG io.netty.buffer.ByteBufUtil - -Dio.netty.maxThreadLocalCharBufferSize: 16384
19:30:44.135 [Forwarding newSession on session null to remote] DEBUG io.netty.channel.DefaultChannelId - -Dio.netty.processId: 3549077 (auto-detected)
19:30:44.137 [Forwarding newSession on session null to remote] DEBUG io.netty.util.NetUtil - -Djava.net.preferIPv4Stack: false
19:30:44.137 [Forwarding newSession on session null to remote] DEBUG io.netty.util.NetUtil - -Djava.net.preferIPv6Addresses: false
19:30:44.138 [Forwarding newSession on session null to remote] DEBUG io.netty.util.NetUtilInitializations - Loopback interface: lo (lo, 127.0.0.1)
19:30:44.139 [Forwarding newSession on session null to remote] DEBUG io.netty.util.NetUtil - /proc/sys/net/core/somaxconn: 4096
19:30:44.140 [Forwarding newSession on session null to remote] DEBUG io.netty.channel.DefaultChannelId - -Dio.netty.machineId: 60:a5:e2:ff:fe:a2:21:32 (auto-detected)
19:30:44.186 [AsyncHttpClient-1-2] DEBUG io.netty.buffer.AbstractByteBuf - -Dio.netty.buffer.checkAccessible: true
19:30:44.186 [AsyncHttpClient-1-2] DEBUG io.netty.buffer.AbstractByteBuf - -Dio.netty.buffer.checkBounds: true
19:30:44.186 [AsyncHttpClient-1-2] DEBUG io.netty.util.ResourceLeakDetectorFactory - Loaded default ResourceLeakDetector: io.netty.util.ResourceLeakDetector@ed61643
19:30:44.203 [AsyncHttpClient-1-2] DEBUG io.netty.util.Recycler - -Dio.netty.recycler.maxCapacityPerThread: 4096
19:30:44.203 [AsyncHttpClient-1-2] DEBUG io.netty.util.Recycler - -Dio.netty.recycler.ratio: 8
19:30:44.203 [AsyncHttpClient-1-2] DEBUG io.netty.util.Recycler - -Dio.netty.recycler.chunkSize: 32
19:30:44.203 [AsyncHttpClient-1-2] DEBUG io.netty.util.Recycler - -Dio.netty.recycler.blocking: false
19:30:44.628 [AsyncHttpClient-1-2] DEBUG io.netty.handler.codec.compression.Brotli - brotli4j not in the classpath; Brotli support will be unavailable.
19:30:44.742 [main] DEBUG io.netty.util.internal.ThreadLocalRandom - -Dio.netty.initialSeedUniquifier: 0xaa8f1449f09c0616
19:30:44.919 [main] INFO  resources.Log - Maximized the Browser window
19:30:44.925 [main] INFO  resources.Log - Reading the Property file
19:30:44.925 [main] INFO  resources.Log - The Value of the BaseURL Fetched from the Properties: https://stagingpartners.dotgo.com/
19:30:49.866 [main] INFO  resources.Log - Listener OnTestStart method createNewBot
19:30:49.867 [main] INFO  resources.Log - ****************************************************************************************
19:30:49.867 [main] INFO  resources.Log - ****************************************************************************************
19:30:49.867 [main] INFO  resources.Log - $$$$$$$$$$$$$$$$$$$$$                 createNewBot       $$$$$$$$$$$$$$$$$$$$$$$$$
19:30:49.867 [main] INFO  resources.Log - ****************************************************************************************
19:30:49.867 [main] INFO  resources.Log - ****************************************************************************************
19:30:49.877 [main] INFO  resources.Log - Reading the Property file
19:30:49.877 [main] INFO  resources.Log - The Value of the CreateNewBotEmail Fetched from the Properties: knjyothi@kirusa.com
19:30:49.877 [main] INFO  resources.Log - Reading the Property file
19:30:49.877 [main] INFO  resources.Log - The Value of the CreateNewBotPassword Fetched from the Properties: Abcd@1234
19:30:49.877 [main] INFO  resources.Log - Clicking on SingIn
19:30:49.877 [main] INFO  resources.Log - knjyothi@kirusa.com
19:30:49.877 [main] INFO  resources.Log - Abcd@1234
19:30:53.683 [main] INFO  resources.Log - Entered the Email ID: knjyothi@kirusa.com
19:30:53.745 [main] INFO  resources.Log - Entered the password :Abcd@1234
19:31:02.959 [main] INFO  resources.Log - Clicked on Login Button
19:31:03.069 [main] INFO  resources.Log - Clicked on Create New RCS BOT button
19:31:03.073 [main] INFO  resources.Log - Reading the Property file
19:31:03.073 [main] INFO  resources.Log - The Value of the RcsBotDetailsURL Fetched from the Properties: https://stagingpartners.dotgo.com/developer/create-bot/rcs-bot-details
19:31:03.075 [main] INFO  resources.Log - -----------Sucessfully Entered RCS BOT DETAILs page--------
19:31:03.077 [main] INFO  resources.Log - Reading the Property file
19:31:03.077 [main] INFO  resources.Log - The Value of the CreateNewBotName Fetched from the Properties: AutomationBot
19:31:03.135 [main] INFO  resources.Log - Reading the Property file
19:31:03.135 [main] INFO  resources.Log - The Value of the CreateNewBotName Fetched from the Properties: AutomationBot
19:31:03.135 [main] DEBUG resources.Log - Bot Name is: AutomationBot
19:31:03.135 [main] INFO  resources.Log - Entered the BotName
19:31:03.135 [main] INFO  resources.Log - Reading the Property file
19:31:03.136 [main] INFO  resources.Log - The Value of the CreateNewBotBrandName Fetched from the Properties: Automate
19:31:03.260 [main] INFO  resources.Log - Entered Brand Name
19:31:03.326 [main] INFO  resources.Log - Clicked on upload BOT logo
19:31:03.753 [main] INFO  resources.Log - Cropped Image to the 224 pixels Wide x 224 pixels Tall
19:31:03.800 [main] INFO  resources.Log - Uploaded Bot Logo from local Utils
19:31:04.359 [main] INFO  resources.Log - Clicked on upload Banner Image
19:31:05.809 [main] INFO  resources.Log - Cropped Image to the 550 pixels Wide x 170 pixels Tall
19:31:05.852 [main] INFO  resources.Log - Uploaded Banner Image from local Utils
19:31:06.852 [main] INFO  resources.Log - Reading the Property file
19:31:06.852 [main] INFO  resources.Log - The Value of the CreateNewBotShortDescription Fetched from the Properties: The maintenance of a building, vehicle, road, or machine is the process of keeping it in good condition by regularly checking it and repairing it when necessary.
19:31:06.953 [main] INFO  resources.Log - Entered Short Description
19:31:06.954 [main] INFO  resources.Log - Reading the Property file
19:31:06.954 [main] INFO  resources.Log - The Value of the CreateNewBotPrimaryPhone Fetched from the Properties: 8147539441
19:31:07.046 [main] INFO  resources.Log - Entered Primary Phone Number
19:31:07.047 [main] INFO  resources.Log - Reading the Property file
19:31:07.047 [main] INFO  resources.Log - The Value of the CreateNewBotprimaryPhoneLabel Fetched from the Properties: Personal Number
19:31:07.127 [main] INFO  resources.Log - Entered Primary phone Label
19:31:07.127 [main] INFO  resources.Log - Reading the Property file
19:31:07.127 [main] INFO  resources.Log - The Value of the CreateNewBotPrimaryEMail Fetched from the Properties: Test@gmail.com
19:31:07.223 [main] INFO  resources.Log - Entered Primary EMAIL ID
19:31:07.224 [main] INFO  resources.Log - Reading the Property file
19:31:07.224 [main] INFO  resources.Log - The Value of the CreateNewBotPrimaryEmailLabel Fetched from the Properties: Personal Mail
19:31:07.318 [main] INFO  resources.Log - Entered Primary Email Label
19:31:07.319 [main] INFO  resources.Log - Reading the Property file
19:31:07.319 [main] INFO  resources.Log - The Value of the CreateNewBotPrimaryWebsite Fetched from the Properties: https://www.browserstack.com/
19:31:07.502 [main] INFO  resources.Log - Entered Primary Website URL
19:31:07.502 [main] INFO  resources.Log - Reading the Property file
19:31:07.502 [main] INFO  resources.Log - The Value of the CreateNewBotPrimaryWebsiteLabel Fetched from the Properties: BrowserStack
19:31:07.606 [main] INFO  resources.Log - Entered Primary Website URL LABEL
19:31:07.606 [main] INFO  resources.Log - Reading the Property file
19:31:07.606 [main] INFO  resources.Log - The Value of the CreateNewBotTermsofUseURL Fetched from the Properties: https://stagingpartners.dotgo.com/developer-tos
19:31:07.708 [main] INFO  resources.Log - Entered Terms of Use URL
19:31:07.708 [main] INFO  resources.Log - Reading the Property file
19:31:07.708 [main] INFO  resources.Log - The Value of the CreateNewBotPrivacyPolicyURL Fetched from the Properties: https://stagingpartners.dotgo.com/developer-pp
19:31:07.811 [main] INFO  resources.Log - Entered Privacy policy URL
19:31:07.841 [main] INFO  resources.Log - clicked on RCSAPI Dropdown
19:31:07.841 [main] INFO  resources.Log - Reading the Property file
19:31:07.841 [main] INFO  resources.Log - The Value of the CreateNewBotRCSAPI Fetched from the Properties: GSMA API
19:31:07.907 [main] INFO  resources.Log - Reading the Property file
19:31:07.908 [main] INFO  resources.Log - The Value of the CreateNewBotRCSAPI Fetched from the Properties: GSMA API
19:31:07.908 [main] INFO  resources.Log - Selected RCSAPI Platform as: GSMA API
19:31:07.908 [main] INFO  resources.Log - Reading the Property file
19:31:07.908 [main] INFO  resources.Log - The Value of the CreateNewBotChatbotWebhook Fetched from the Properties: https://stagingpartners.dotgo.com/rbm-terms
19:31:08.024 [main] INFO  resources.Log - Entered Webhook URL
19:31:08.025 [main] INFO  resources.Log - Reading the Property file
19:31:08.025 [main] INFO  resources.Log - The Value of the CreateNewBotLanguagesSupported Fetched from the Properties: English
19:31:08.090 [main] INFO  resources.Log - Entered Supported Languages
19:31:08.194 [main] INFO  resources.Log - Clicked on Next button
19:31:08.220 [main] INFO  resources.Log - Reading the Property file
19:31:08.220 [main] INFO  resources.Log - The Value of the SelectCarrierURL Fetched from the Properties: https://stagingpartners.dotgo.com/developer/create-bot/select-carriers
19:31:08.548 [main] INFO  resources.Log - Selected First carrier which is: 9mobile Nigeria
Nigeriais the country
19:31:08.582 [main] INFO  resources.Log - Submitted the New RCS BOT
19:31:09.603 [main] INFO  resources.Log - Reading the Property file
19:31:09.603 [main] INFO  resources.Log - The Value of the CreateNewBotSucessPopup1 Fetched from the Properties: Bot has been submitted successfully.
19:31:09.616 [main] INFO  resources.Log - Bot has been submitted successfully.
19:31:09.634 [main] INFO  resources.Log - Reading the Property file
19:31:09.634 [main] INFO  resources.Log - The Value of the CreateNewBotSucessPopup2 Fetched from the Properties: Visit dashboard to see the progress.
19:31:09.644 [main] INFO  resources.Log - Visit dashboard to see the progress.
19:31:09.696 [main] INFO  resources.Log - Reading the Property file
19:31:09.696 [main] INFO  resources.Log - The Value of the DashboardURL Fetched from the Properties: https://stagingpartners.dotgo.com/developer/dashboard
19:31:10.518 [main] INFO  resources.Log - AutomationBot
The maintenance of a
19:31:10.539 [main] INFO  resources.Log - Reading the Property file
19:31:10.540 [main] INFO  resources.Log - The Value of the CreateNewBotStatus Fetched from the Properties: Submitted
19:31:10.554 [main] INFO  resources.Log - Submitted
19:31:10.602 [main] INFO  resources.Log - XXXXXXXXXXXXXXXXXXXXXXX             -E---N---D-             XXXXXXXXXXXXXXXXXXXXXX
19:31:10.602 [main] INFO  resources.Log - X
19:31:10.602 [main] INFO  resources.Log - X
19:31:10.602 [main] INFO  resources.Log - X
19:31:10.602 [main] INFO  resources.Log - X
19:31:10.603 [main] INFO  resources.Log - Reading the Property file
19:31:10.604 [main] INFO  resources.Log - The Value of the Browser Fetched from the Properties: chrome
19:31:10.604 [main] INFO  resources.Log - Fetching the Browser value as chrome
19:31:10.604 [main] INFO  resources.Log - Invoking the chrome Browser
19:31:11.029 [main] INFO  resources.Log - Maximized the Browser window
19:31:11.033 [main] INFO  resources.Log - Reading the Property file
