13:51:24.455 [main] INFO  resources.Log - ****************************************************************************************
13:51:24.459 [main] INFO  resources.Log - ****************************************************************************************
13:51:24.459 [main] INFO  resources.Log - $$$$$$$$$$$$$$$$$$$$$                 CreateNewBot       $$$$$$$$$$$$$$$$$$$$$$$$$
13:51:24.459 [main] INFO  resources.Log - ****************************************************************************************
13:51:24.459 [main] INFO  resources.Log - ****************************************************************************************
13:51:24.459 [main] INFO  resources.Log - Enter creating new BOt method
13:51:24.462 [main] INFO  resources.Log - Taking Screeshot of the webpage
13:51:24.463 [main] INFO  resources.Log - Taking Screeshot of the webpage
13:51:24.463 [main] INFO  resources.Log - came to flush
13:55:47.569 [main] INFO  resources.Log - Onstart
13:55:47.595 [main] INFO  resources.Log - Reading JSON to String
13:55:47.823 [main] INFO  resources.Log - Converting String to HashMap
13:55:47.836 [main] INFO  resources.Log - Reading the Property file
13:55:47.836 [main] INFO  resources.Log - The Value of the Browser Fetched from the Properties: chrome
13:55:47.836 [main] INFO  resources.Log - Fetching the Browser value as chrome
13:55:47.836 [main] INFO  resources.Log - Invoking the chrome Browser
13:55:49.381 [main] INFO  resources.Log - Maximized the Browser window
13:55:49.386 [main] INFO  resources.Log - Reading the Property file
13:55:49.386 [main] INFO  resources.Log - The Value of the BaseURL Fetched from the Properties: https://stagingpartners.dotgo.com/
13:55:54.494 [main] INFO  resources.Log - Listener OnTestStart method loginPageTest
13:55:54.494 [main] INFO  resources.Log - ****************************************************************************************
13:55:54.494 [main] INFO  resources.Log - ****************************************************************************************
13:55:54.494 [main] INFO  resources.Log - $$$$$$$$$$$$$$$$$$$$$                 loginPageTest       $$$$$$$$$$$$$$$$$$$$$$$$$
13:55:54.494 [main] INFO  resources.Log - ****************************************************************************************
13:55:54.494 [main] INFO  resources.Log - ****************************************************************************************
13:55:54.507 [main] INFO  resources.Log - Clicking on SingIn
13:55:57.585 [main] INFO  resources.Log - Entered the Email ID: knjyothi@kirusa.com
13:55:57.652 [main] INFO  resources.Log - Entered the password :Abcd@1234
13:56:02.252 [main] INFO  resources.Log - Clicked on Login Button
13:56:02.253 [main] INFO  resources.Log - Reading the Property file
13:56:02.253 [main] INFO  resources.Log - The Value of the DashboardURL Fetched from the Properties: https://stagingpartners.dotgo.com/developer/dashboard
13:56:02.275 [main] INFO  resources.Log - Successfully Logged in to the Dashboard
13:56:02.292 [main] INFO  resources.Log - XXXXXXXXXXXXXXXXXXXXXXX             -E---N---D-             XXXXXXXXXXXXXXXXXXXXXX
13:56:02.293 [main] INFO  resources.Log - X
13:56:02.293 [main] INFO  resources.Log - X
13:56:02.293 [main] INFO  resources.Log - X
13:56:02.293 [main] INFO  resources.Log - X
13:56:02.396 [main] INFO  resources.Log - Listener OnTestStart method CreateBotTest
13:56:02.396 [main] INFO  resources.Log - ****************************************************************************************
13:56:02.396 [main] INFO  resources.Log - ****************************************************************************************
13:56:02.396 [main] INFO  resources.Log - $$$$$$$$$$$$$$$$$$$$$                 CreateBotTest       $$$$$$$$$$$$$$$$$$$$$$$$$
13:56:02.396 [main] INFO  resources.Log - ****************************************************************************************
13:56:02.397 [main] INFO  resources.Log - ****************************************************************************************
13:56:02.397 [main] INFO  resources.Log - Enter creating new BOt method
13:56:02.403 [main] INFO  resources.Log - Taking Screeshot of the webpage
13:56:02.404 [main] INFO  resources.Log - Taking Screeshot of the webpage
13:56:02.404 [main] INFO  resources.Log - came to flush
13:57:00.132 [main] INFO  resources.Log - Onstart
13:57:00.170 [main] INFO  resources.Log - Reading JSON to String
13:57:00.387 [main] INFO  resources.Log - Converting String to HashMap
13:57:00.399 [main] INFO  resources.Log - Reading the Property file
13:57:00.399 [main] INFO  resources.Log - The Value of the Browser Fetched from the Properties: chrome
13:57:00.399 [main] INFO  resources.Log - Fetching the Browser value as chrome
13:57:00.399 [main] INFO  resources.Log - Invoking the chrome Browser
13:57:02.142 [main] INFO  resources.Log - Maximized the Browser window
13:57:02.149 [main] INFO  resources.Log - Reading the Property file
13:57:02.149 [main] INFO  resources.Log - The Value of the BaseURL Fetched from the Properties: https://stagingpartners.dotgo.com/
13:57:06.954 [main] INFO  resources.Log - Listener OnTestStart method loginPageTest
13:57:06.954 [main] INFO  resources.Log - ****************************************************************************************
13:57:06.954 [main] INFO  resources.Log - ****************************************************************************************
13:57:06.954 [main] INFO  resources.Log - $$$$$$$$$$$$$$$$$$$$$                 loginPageTest       $$$$$$$$$$$$$$$$$$$$$$$$$
13:57:06.954 [main] INFO  resources.Log - ****************************************************************************************
13:57:06.954 [main] INFO  resources.Log - ****************************************************************************************
13:57:06.963 [main] INFO  resources.Log - Clicking on SingIn
13:57:10.298 [main] INFO  resources.Log - Entered the Email ID: knjyothi@kirusa.com
13:57:10.357 [main] INFO  resources.Log - Entered the password :Abcd@1234
13:57:16.775 [main] INFO  resources.Log - Clicked on Login Button
13:57:16.775 [main] INFO  resources.Log - Reading the Property file
13:57:16.775 [main] INFO  resources.Log - The Value of the DashboardURL Fetched from the Properties: https://stagingpartners.dotgo.com/developer/dashboard
13:57:16.778 [main] INFO  resources.Log - Successfully Logged in to the Dashboard
13:57:16.781 [main] INFO  resources.Log - XXXXXXXXXXXXXXXXXXXXXXX             -E---N---D-             XXXXXXXXXXXXXXXXXXXXXX
13:57:16.781 [main] INFO  resources.Log - X
13:57:16.781 [main] INFO  resources.Log - X
13:57:16.781 [main] INFO  resources.Log - X
13:57:16.781 [main] INFO  resources.Log - X
13:57:16.893 [main] INFO  resources.Log - Listener OnTestStart method CreateBot
13:57:16.893 [main] INFO  resources.Log - ****************************************************************************************
13:57:16.893 [main] INFO  resources.Log - ****************************************************************************************
13:57:16.893 [main] INFO  resources.Log - $$$$$$$$$$$$$$$$$$$$$                 CreateBot       $$$$$$$$$$$$$$$$$$$$$$$$$
13:57:16.893 [main] INFO  resources.Log - ****************************************************************************************
13:57:16.893 [main] INFO  resources.Log - ****************************************************************************************
13:57:16.893 [main] INFO  resources.Log - Enter creating new BOt method
13:57:16.898 [main] INFO  resources.Log - Taking Screeshot of the webpage
13:57:16.900 [main] INFO  resources.Log - Taking Screeshot of the webpage
13:57:16.900 [main] INFO  resources.Log - came to flush
13:57:53.859 [main] INFO  resources.Log - Onstart
13:57:53.891 [main] INFO  resources.Log - Reading JSON to String
13:57:54.084 [main] INFO  resources.Log - Converting String to HashMap
13:57:54.097 [main] INFO  resources.Log - Reading the Property file
13:57:54.097 [main] INFO  resources.Log - The Value of the Browser Fetched from the Properties: chrome
13:57:54.097 [main] INFO  resources.Log - Fetching the Browser value as chrome
13:57:54.098 [main] INFO  resources.Log - Invoking the chrome Browser
13:57:55.563 [main] INFO  resources.Log - Maximized the Browser window
13:57:55.567 [main] INFO  resources.Log - Reading the Property file
13:57:55.567 [main] INFO  resources.Log - The Value of the BaseURL Fetched from the Properties: https://stagingpartners.dotgo.com/
13:58:08.307 [main] INFO  resources.Log - Listener OnTestStart method loginPageTest
13:58:08.307 [main] INFO  resources.Log - ****************************************************************************************
13:58:08.307 [main] INFO  resources.Log - ****************************************************************************************
13:58:08.307 [main] INFO  resources.Log - $$$$$$$$$$$$$$$$$$$$$                 loginPageTest       $$$$$$$$$$$$$$$$$$$$$$$$$
13:58:08.307 [main] INFO  resources.Log - ****************************************************************************************
13:58:08.307 [main] INFO  resources.Log - ****************************************************************************************
13:58:08.321 [main] INFO  resources.Log - Clicking on SingIn
13:58:11.288 [main] INFO  resources.Log - Entered the Email ID: knjyothi@kirusa.com
13:58:11.339 [main] INFO  resources.Log - Entered the password :Abcd@1234
13:58:15.693 [main] INFO  resources.Log - Clicked on Login Button
13:58:15.694 [main] INFO  resources.Log - Reading the Property file
13:58:15.694 [main] INFO  resources.Log - The Value of the DashboardURL Fetched from the Properties: https://stagingpartners.dotgo.com/developer/dashboard
13:58:15.699 [main] INFO  resources.Log - Successfully Logged in to the Dashboard
13:58:15.705 [main] INFO  resources.Log - XXXXXXXXXXXXXXXXXXXXXXX             -E---N---D-             XXXXXXXXXXXXXXXXXXXXXX
13:58:15.705 [main] INFO  resources.Log - X
13:58:15.705 [main] INFO  resources.Log - X
13:58:15.705 [main] INFO  resources.Log - X
13:58:15.705 [main] INFO  resources.Log - X
13:58:15.816 [main] INFO  resources.Log - Listener OnTestStart method CreateNewBot
13:58:15.817 [main] INFO  resources.Log - ****************************************************************************************
13:58:15.817 [main] INFO  resources.Log - ****************************************************************************************
13:58:15.817 [main] INFO  resources.Log - $$$$$$$$$$$$$$$$$$$$$                 CreateNewBot       $$$$$$$$$$$$$$$$$$$$$$$$$
13:58:15.817 [main] INFO  resources.Log - ****************************************************************************************
13:58:15.817 [main] INFO  resources.Log - ****************************************************************************************
13:58:15.817 [main] INFO  resources.Log - Enter creating new BOt method
13:58:15.824 [main] INFO  resources.Log - Taking Screeshot of the webpage
13:58:15.825 [main] INFO  resources.Log - Taking Screeshot of the webpage
13:58:15.825 [main] INFO  resources.Log - came to flush
13:59:20.771 [main] INFO  resources.Log - Onstart
13:59:20.806 [main] INFO  resources.Log - Reading JSON to String
13:59:21.035 [main] INFO  resources.Log - Converting String to HashMap
13:59:21.053 [main] INFO  resources.Log - Reading the Property file
13:59:21.053 [main] INFO  resources.Log - The Value of the Browser Fetched from the Properties: chrome
13:59:21.053 [main] INFO  resources.Log - Fetching the Browser value as chrome
13:59:21.054 [main] INFO  resources.Log - Invoking the chrome Browser
13:59:22.786 [main] INFO  resources.Log - Maximized the Browser window
13:59:22.792 [main] INFO  resources.Log - Reading the Property file
13:59:22.792 [main] INFO  resources.Log - The Value of the BaseURL Fetched from the Properties: https://stagingpartners.dotgo.com/
13:59:28.062 [main] INFO  resources.Log - Listener OnTestStart method loginPageTest
13:59:28.062 [main] INFO  resources.Log - ****************************************************************************************
13:59:28.062 [main] INFO  resources.Log - ****************************************************************************************
13:59:28.062 [main] INFO  resources.Log - $$$$$$$$$$$$$$$$$$$$$                 loginPageTest       $$$$$$$$$$$$$$$$$$$$$$$$$
13:59:28.062 [main] INFO  resources.Log - ****************************************************************************************
13:59:28.062 [main] INFO  resources.Log - ****************************************************************************************
13:59:28.073 [main] INFO  resources.Log - Clicking on SingIn
13:59:31.331 [main] INFO  resources.Log - Entered the Email ID: knjyothi@kirusa.com
13:59:31.419 [main] INFO  resources.Log - Entered the password :Abcd@1234
13:59:35.304 [main] INFO  resources.Log - Clicked on Login Button
13:59:35.305 [main] INFO  resources.Log - Reading the Property file
13:59:35.305 [main] INFO  resources.Log - The Value of the DashboardURL Fetched from the Properties: https://stagingpartners.dotgo.com/developer/dashboard
13:59:35.308 [main] INFO  resources.Log - Successfully Logged in to the Dashboard
13:59:35.312 [main] INFO  resources.Log - XXXXXXXXXXXXXXXXXXXXXXX             -E---N---D-             XXXXXXXXXXXXXXXXXXXXXX
13:59:35.312 [main] INFO  resources.Log - X
13:59:35.312 [main] INFO  resources.Log - X
13:59:35.312 [main] INFO  resources.Log - X
13:59:35.312 [main] INFO  resources.Log - X
13:59:35.428 [main] INFO  resources.Log - Listener OnTestStart method CreateNewBot
13:59:35.428 [main] INFO  resources.Log - ****************************************************************************************
13:59:35.428 [main] INFO  resources.Log - ****************************************************************************************
13:59:35.428 [main] INFO  resources.Log - $$$$$$$$$$$$$$$$$$$$$                 CreateNewBot       $$$$$$$$$$$$$$$$$$$$$$$$$
13:59:35.428 [main] INFO  resources.Log - ****************************************************************************************
13:59:35.428 [main] INFO  resources.Log - ****************************************************************************************
13:59:35.429 [main] INFO  resources.Log - Enter creating new BOt method
13:59:35.432 [main] INFO  resources.Log - Taking Screeshot of the webpage
13:59:35.433 [main] INFO  resources.Log - Taking Screeshot of the webpage
13:59:35.434 [main] INFO  resources.Log - came to flush
14:14:05.951 [main] INFO  resources.Log - Onstart
14:14:05.990 [main] INFO  resources.Log - Reading JSON to String
14:14:06.199 [main] INFO  resources.Log - Converting String to HashMap
14:14:06.213 [main] INFO  resources.Log - Reading the Property file
14:14:06.213 [main] INFO  resources.Log - The Value of the Browser Fetched from the Properties: chrome
14:14:06.213 [main] INFO  resources.Log - Fetching the Browser value as chrome
14:14:06.213 [main] INFO  resources.Log - Invoking the chrome Browser
14:14:08.604 [main] INFO  resources.Log - Maximized the Browser window
14:14:08.614 [main] INFO  resources.Log - Reading the Property file
14:14:08.614 [main] INFO  resources.Log - The Value of the BaseURL Fetched from the Properties: https://stagingpartners.dotgo.com/
14:14:12.921 [main] INFO  resources.Log - Listener OnTestStart method loginPageTest
14:14:12.921 [main] INFO  resources.Log - ****************************************************************************************
14:14:12.921 [main] INFO  resources.Log - ****************************************************************************************
14:14:12.921 [main] INFO  resources.Log - $$$$$$$$$$$$$$$$$$$$$                 loginPageTest       $$$$$$$$$$$$$$$$$$$$$$$$$
14:14:12.921 [main] INFO  resources.Log - ****************************************************************************************
14:14:12.921 [main] INFO  resources.Log - ****************************************************************************************
14:14:12.954 [main] INFO  resources.Log - Clicking on SingIn
14:14:16.289 [main] INFO  resources.Log - Entered the Email ID: knjyothi@kirusa.com
14:14:16.369 [main] INFO  resources.Log - Entered the password :Abcd@1234
14:14:20.512 [main] INFO  resources.Log - Clicked on Login Button
14:14:20.512 [main] INFO  resources.Log - Reading the Property file
14:14:20.512 [main] INFO  resources.Log - The Value of the DashboardURL Fetched from the Properties: https://stagingpartners.dotgo.com/developer/dashboard
14:14:20.517 [main] INFO  resources.Log - Successfully Logged in to the Dashboard
14:14:20.523 [main] INFO  resources.Log - XXXXXXXXXXXXXXXXXXXXXXX             -E---N---D-             XXXXXXXXXXXXXXXXXXXXXX
14:14:20.524 [main] INFO  resources.Log - X
14:14:20.524 [main] INFO  resources.Log - X
14:14:20.524 [main] INFO  resources.Log - X
14:14:20.524 [main] INFO  resources.Log - X
14:14:20.637 [main] INFO  resources.Log - Listener OnTestStart method CreateNewBot
14:14:20.638 [main] INFO  resources.Log - ****************************************************************************************
14:14:20.638 [main] INFO  resources.Log - ****************************************************************************************
14:14:20.638 [main] INFO  resources.Log - $$$$$$$$$$$$$$$$$$$$$                 CreateNewBot       $$$$$$$$$$$$$$$$$$$$$$$$$
14:14:20.638 [main] INFO  resources.Log - ****************************************************************************************
14:14:20.638 [main] INFO  resources.Log - ****************************************************************************************
14:14:20.639 [main] INFO  resources.Log - Clicking on SingIn
14:14:20.644 [main] INFO  resources.Log - Taking Screeshot of the webpage
14:14:20.644 [main] INFO  resources.Log - Taking Screeshot of the webpage
14:14:20.645 [main] INFO  resources.Log - came to flush
14:15:06.577 [main] INFO  resources.Log - Onstart
14:15:06.608 [main] INFO  resources.Log - Reading JSON to String
14:15:06.774 [main] INFO  resources.Log - Converting String to HashMap
14:15:06.783 [main] INFO  resources.Log - Reading the Property file
14:15:06.783 [main] INFO  resources.Log - The Value of the Browser Fetched from the Properties: chrome
14:15:06.783 [main] INFO  resources.Log - Fetching the Browser value as chrome
14:15:06.783 [main] INFO  resources.Log - Invoking the chrome Browser
14:15:08.491 [main] INFO  resources.Log - Maximized the Browser window
14:15:08.500 [main] INFO  resources.Log - Reading the Property file
14:15:08.501 [main] INFO  resources.Log - The Value of the BaseURL Fetched from the Properties: https://stagingpartners.dotgo.com/
14:15:13.278 [main] INFO  resources.Log - Listener OnTestStart method loginPageTest
14:15:13.278 [main] INFO  resources.Log - ****************************************************************************************
14:15:13.278 [main] INFO  resources.Log - ****************************************************************************************
14:15:13.278 [main] INFO  resources.Log - $$$$$$$$$$$$$$$$$$$$$                 loginPageTest       $$$$$$$$$$$$$$$$$$$$$$$$$
14:15:13.278 [main] INFO  resources.Log - ****************************************************************************************
14:15:13.278 [main] INFO  resources.Log - ****************************************************************************************
14:15:13.291 [main] INFO  resources.Log - Clicking on SingIn
14:15:16.516 [main] INFO  resources.Log - Entered the Email ID: knjyothi@kirusa.com
14:15:16.576 [main] INFO  resources.Log - Entered the password :Abcd@1234
14:15:21.096 [main] INFO  resources.Log - Clicked on Login Button
14:15:21.096 [main] INFO  resources.Log - Reading the Property file
14:15:21.097 [main] INFO  resources.Log - The Value of the DashboardURL Fetched from the Properties: https://stagingpartners.dotgo.com/developer/dashboard
14:15:21.101 [main] INFO  resources.Log - Successfully Logged in to the Dashboard
14:15:21.106 [main] INFO  resources.Log - XXXXXXXXXXXXXXXXXXXXXXX             -E---N---D-             XXXXXXXXXXXXXXXXXXXXXX
14:15:21.106 [main] INFO  resources.Log - X
14:15:21.106 [main] INFO  resources.Log - X
14:15:21.106 [main] INFO  resources.Log - X
14:15:21.107 [main] INFO  resources.Log - X
14:15:21.224 [main] INFO  resources.Log - Listener OnTestStart method CreateNewBot
14:15:21.224 [main] INFO  resources.Log - ****************************************************************************************
14:15:21.225 [main] INFO  resources.Log - ****************************************************************************************
14:15:21.225 [main] INFO  resources.Log - $$$$$$$$$$$$$$$$$$$$$                 CreateNewBot       $$$$$$$$$$$$$$$$$$$$$$$$$
14:15:21.225 [main] INFO  resources.Log - ****************************************************************************************
14:15:21.225 [main] INFO  resources.Log - ****************************************************************************************
14:15:21.226 [main] INFO  resources.Log - Clicking on SingIn
14:15:21.231 [main] INFO  resources.Log - Taking Screeshot of the webpage
14:15:21.232 [main] INFO  resources.Log - Taking Screeshot of the webpage
14:15:21.232 [main] INFO  resources.Log - came to flush
14:25:49.598 [main] INFO  resources.Log - Onstart
14:25:49.625 [main] INFO  resources.Log - Reading JSON to String
14:25:49.793 [main] INFO  resources.Log - Converting String to HashMap
14:25:49.807 [main] INFO  resources.Log - Reading the Property file
14:25:49.807 [main] INFO  resources.Log - The Value of the Browser Fetched from the Properties: chrome
14:25:49.807 [main] INFO  resources.Log - Fetching the Browser value as chrome
14:25:49.807 [main] INFO  resources.Log - Invoking the chrome Browser
14:25:53.414 [main] INFO  resources.Log - Listener OnTestStart method loginPageTest
14:25:53.414 [main] INFO  resources.Log - ****************************************************************************************
14:25:53.414 [main] INFO  resources.Log - ****************************************************************************************
14:25:53.414 [main] INFO  resources.Log - $$$$$$$$$$$$$$$$$$$$$                 loginPageTest       $$$$$$$$$$$$$$$$$$$$$$$$$
14:25:53.414 [main] INFO  resources.Log - ****************************************************************************************
14:25:53.414 [main] INFO  resources.Log - ****************************************************************************************
14:25:53.415 [main] ERROR resources.Log - onTestSKipped
14:25:53.415 [main] INFO  resources.Log - XXXXXXXXXXXXXXXXXXXXXXX             -E---N---D-             XXXXXXXXXXXXXXXXXXXXXX
14:25:53.415 [main] INFO  resources.Log - X
14:25:53.415 [main] INFO  resources.Log - X
14:25:53.415 [main] INFO  resources.Log - X
14:25:53.415 [main] INFO  resources.Log - X
14:25:53.419 [main] INFO  resources.Log - Listener OnTestStart method CreateNewBot
14:25:53.419 [main] INFO  resources.Log - ****************************************************************************************
14:25:53.419 [main] INFO  resources.Log - ****************************************************************************************
14:25:53.419 [main] INFO  resources.Log - $$$$$$$$$$$$$$$$$$$$$                 CreateNewBot       $$$$$$$$$$$$$$$$$$$$$$$$$
14:25:53.419 [main] INFO  resources.Log - ****************************************************************************************
14:25:53.419 [main] INFO  resources.Log - ****************************************************************************************
14:25:53.432 [main] INFO  resources.Log - Clicking on SingIn
14:25:53.439 [main] INFO  resources.Log - Taking Screeshot of the webpage
14:25:53.440 [main] INFO  resources.Log - Taking Screeshot of the webpage
14:25:53.440 [main] INFO  resources.Log - came to flush
14:30:53.487 [main] INFO  resources.Log - Onstart
14:30:53.514 [main] INFO  resources.Log - Reading JSON to String
14:30:53.676 [main] INFO  resources.Log - Converting String to HashMap
14:30:53.687 [main] INFO  resources.Log - Reading the Property file
14:30:53.687 [main] INFO  resources.Log - The Value of the Browser Fetched from the Properties: chrome
14:30:53.687 [main] INFO  resources.Log - Fetching the Browser value as chrome
14:30:53.687 [main] INFO  resources.Log - Invoking the chrome Browser
14:30:55.576 [main] INFO  resources.Log - Maximized the Browser window
14:30:55.582 [main] INFO  resources.Log - Reading the Property file
14:30:55.582 [main] INFO  resources.Log - The Value of the BaseURL Fetched from the Properties: https://stagingpartners.dotgo.com/
14:31:00.491 [main] INFO  resources.Log - Listener OnTestStart method loginPageTest
14:31:00.491 [main] INFO  resources.Log - ****************************************************************************************
14:31:00.491 [main] INFO  resources.Log - ****************************************************************************************
14:31:00.491 [main] INFO  resources.Log - $$$$$$$$$$$$$$$$$$$$$                 loginPageTest       $$$$$$$$$$$$$$$$$$$$$$$$$
14:31:00.491 [main] INFO  resources.Log - ****************************************************************************************
14:31:00.491 [main] INFO  resources.Log - ****************************************************************************************
14:31:00.501 [main] INFO  resources.Log - Clicking on SingIn
14:31:03.807 [main] INFO  resources.Log - Entered the Email ID: knjyothi@kirusa.com
14:31:03.865 [main] INFO  resources.Log - Entered the password :Abcd@1234
14:31:07.853 [main] INFO  resources.Log - Clicked on Login Button
14:31:07.853 [main] INFO  resources.Log - Reading the Property file
14:31:07.853 [main] INFO  resources.Log - The Value of the DashboardURL Fetched from the Properties: https://stagingpartners.dotgo.com/developer/dashboard
14:31:07.859 [main] INFO  resources.Log - Successfully Logged in to the Dashboard
14:31:07.862 [main] INFO  resources.Log - XXXXXXXXXXXXXXXXXXXXXXX             -E---N---D-             XXXXXXXXXXXXXXXXXXXXXX
14:31:07.862 [main] INFO  resources.Log - X
14:31:07.862 [main] INFO  resources.Log - X
14:31:07.862 [main] INFO  resources.Log - X
14:31:07.862 [main] INFO  resources.Log - X
14:31:07.976 [main] INFO  resources.Log - Listener OnTestStart method CreateNewBot
14:31:07.976 [main] INFO  resources.Log - ****************************************************************************************
14:31:07.976 [main] INFO  resources.Log - ****************************************************************************************
14:31:07.976 [main] INFO  resources.Log - $$$$$$$$$$$$$$$$$$$$$                 CreateNewBot       $$$$$$$$$$$$$$$$$$$$$$$$$
14:31:07.976 [main] INFO  resources.Log - ****************************************************************************************
14:31:07.976 [main] INFO  resources.Log - ****************************************************************************************
14:31:07.978 [main] INFO  resources.Log - Clicking on SingIn
14:31:07.982 [main] INFO  resources.Log - Taking Screeshot of the webpage
14:31:07.983 [main] INFO  resources.Log - Taking Screeshot of the webpage
14:31:07.983 [main] INFO  resources.Log - came to flush
14:34:31.336 [main] INFO  resources.Log - Onstart
14:34:31.365 [main] INFO  resources.Log - Reading JSON to String
14:34:31.565 [main] INFO  resources.Log - Converting String to HashMap
14:34:31.576 [main] INFO  resources.Log - Reading the Property file
14:34:31.576 [main] INFO  resources.Log - The Value of the Browser Fetched from the Properties: chrome
14:34:31.576 [main] INFO  resources.Log - Fetching the Browser value as chrome
14:34:31.576 [main] INFO  resources.Log - Invoking the chrome Browser
14:34:33.297 [main] INFO  resources.Log - Maximized the Browser window
14:34:33.305 [main] INFO  resources.Log - Reading the Property file
14:34:33.305 [main] INFO  resources.Log - The Value of the BaseURL Fetched from the Properties: https://stagingpartners.dotgo.com/
14:34:37.953 [main] INFO  resources.Log - Listener OnTestStart method loginPageTest
14:34:37.953 [main] INFO  resources.Log - ****************************************************************************************
14:34:37.953 [main] INFO  resources.Log - ****************************************************************************************
14:34:37.953 [main] INFO  resources.Log - $$$$$$$$$$$$$$$$$$$$$                 loginPageTest       $$$$$$$$$$$$$$$$$$$$$$$$$
14:34:37.953 [main] INFO  resources.Log - ****************************************************************************************
14:34:37.954 [main] INFO  resources.Log - ****************************************************************************************
14:34:37.969 [main] INFO  resources.Log - Clicking on SingIn
14:34:41.193 [main] INFO  resources.Log - Entered the Email ID: knjyothi@kirusa.com
14:34:41.238 [main] INFO  resources.Log - Entered the password :Abcd@1234
14:34:45.322 [main] INFO  resources.Log - Clicked on Login Button
14:34:45.322 [main] INFO  resources.Log - Reading the Property file
14:34:45.322 [main] INFO  resources.Log - The Value of the DashboardURL Fetched from the Properties: https://stagingpartners.dotgo.com/developer/dashboard
14:34:45.327 [main] INFO  resources.Log - Successfully Logged in to the Dashboard
14:34:45.334 [main] INFO  resources.Log - XXXXXXXXXXXXXXXXXXXXXXX             -E---N---D-             XXXXXXXXXXXXXXXXXXXXXX
14:34:45.334 [main] INFO  resources.Log - X
14:34:45.334 [main] INFO  resources.Log - X
14:34:45.334 [main] INFO  resources.Log - X
14:34:45.334 [main] INFO  resources.Log - X
14:34:45.446 [main] INFO  resources.Log - Listener OnTestStart method CreateNewBot
14:34:45.446 [main] INFO  resources.Log - ****************************************************************************************
14:34:45.446 [main] INFO  resources.Log - ****************************************************************************************
14:34:45.446 [main] INFO  resources.Log - $$$$$$$$$$$$$$$$$$$$$                 CreateNewBot       $$$$$$$$$$$$$$$$$$$$$$$$$
14:34:45.446 [main] INFO  resources.Log - ****************************************************************************************
14:34:45.446 [main] INFO  resources.Log - ****************************************************************************************
14:34:45.448 [main] INFO  resources.Log - Clicking on SingIn
14:34:45.454 [main] INFO  resources.Log - Taking Screeshot of the webpage
14:34:45.455 [main] INFO  resources.Log - Taking Screeshot of the webpage
14:34:45.456 [main] INFO  resources.Log - came to flush
14:44:15.792 [main] INFO  resources.Log - Onstart
14:44:15.816 [main] INFO  resources.Log - Reading JSON to String
14:44:15.988 [main] INFO  resources.Log - Converting String to HashMap
14:44:16.002 [main] INFO  resources.Log - Reading the Property file
14:44:16.002 [main] INFO  resources.Log - The Value of the Browser Fetched from the Properties: chrome
14:44:16.002 [main] INFO  resources.Log - Fetching the Browser value as chrome
14:44:16.002 [main] INFO  resources.Log - Invoking the chrome Browser
14:44:17.680 [main] INFO  resources.Log - Maximized the Browser window
14:44:17.687 [main] INFO  resources.Log - Reading the Property file
14:44:17.687 [main] INFO  resources.Log - The Value of the BaseURL Fetched from the Properties: https://stagingpartners.dotgo.com/
14:44:22.202 [main] INFO  resources.Log - Listener OnTestStart method loginPageTest
14:44:22.202 [main] INFO  resources.Log - ****************************************************************************************
14:44:22.202 [main] INFO  resources.Log - ****************************************************************************************
14:44:22.202 [main] INFO  resources.Log - $$$$$$$$$$$$$$$$$$$$$                 loginPageTest       $$$$$$$$$$$$$$$$$$$$$$$$$
14:44:22.203 [main] INFO  resources.Log - ****************************************************************************************
14:44:22.203 [main] INFO  resources.Log - ****************************************************************************************
14:44:22.213 [main] INFO  resources.Log - Clicking on SingIn
14:44:25.184 [main] INFO  resources.Log - Entered the Email ID: knjyothi@kirusa.com
14:44:25.237 [main] INFO  resources.Log - Entered the password :Abcd@1234
14:44:28.898 [main] INFO  resources.Log - Clicked on Login Button
14:44:28.899 [main] INFO  resources.Log - Reading the Property file
14:44:28.899 [main] INFO  resources.Log - The Value of the DashboardURL Fetched from the Properties: https://stagingpartners.dotgo.com/developer/dashboard
14:44:28.918 [main] INFO  resources.Log - Successfully Logged in to the Dashboard
14:44:28.928 [main] INFO  resources.Log - XXXXXXXXXXXXXXXXXXXXXXX             -E---N---D-             XXXXXXXXXXXXXXXXXXXXXX
14:44:28.928 [main] INFO  resources.Log - X
14:44:28.929 [main] INFO  resources.Log - X
14:44:28.929 [main] INFO  resources.Log - X
14:44:28.929 [main] INFO  resources.Log - X
14:44:29.043 [main] INFO  resources.Log - Listener OnTestStart method CreateNewBot
14:44:29.043 [main] INFO  resources.Log - ****************************************************************************************
14:44:29.043 [main] INFO  resources.Log - ****************************************************************************************
14:44:29.043 [main] INFO  resources.Log - $$$$$$$$$$$$$$$$$$$$$                 CreateNewBot       $$$$$$$$$$$$$$$$$$$$$$$$$
14:44:29.043 [main] INFO  resources.Log - ****************************************************************************************
14:44:29.043 [main] INFO  resources.Log - ****************************************************************************************
14:44:29.043 [main] INFO  resources.Log - Clicking on SingIn
14:44:29.137 [main] INFO  resources.Log - Taking Screeshot of the webpage
14:44:29.138 [main] INFO  resources.Log - Taking Screeshot of the webpage
14:44:29.138 [main] INFO  resources.Log - came to flush
14:49:08.355 [main] INFO  resources.Log - Onstart
14:49:08.366 [main] INFO  resources.Log - Reading the Property file
14:49:08.366 [main] INFO  resources.Log - The Value of the Browser Fetched from the Properties: chrome
14:49:08.366 [main] INFO  resources.Log - Fetching the Browser value as chrome
14:49:08.366 [main] INFO  resources.Log - Invoking the chrome Browser
14:49:10.323 [main] INFO  resources.Log - Maximized the Browser window
14:49:10.330 [main] INFO  resources.Log - Reading the Property file
14:49:10.330 [main] INFO  resources.Log - The Value of the BaseURL Fetched from the Properties: https://stagingpartners.dotgo.com/
14:49:15.764 [main] INFO  resources.Log - Reading JSON to String
14:49:15.860 [main] INFO  resources.Log - Converting String to HashMap
14:49:15.868 [main] INFO  resources.Log - Listener OnTestStart method loginPageTest
14:49:15.868 [main] INFO  resources.Log - ****************************************************************************************
14:49:15.868 [main] INFO  resources.Log - ****************************************************************************************
14:49:15.868 [main] INFO  resources.Log - $$$$$$$$$$$$$$$$$$$$$                 loginPageTest       $$$$$$$$$$$$$$$$$$$$$$$$$
14:49:15.868 [main] INFO  resources.Log - ****************************************************************************************
14:49:15.868 [main] INFO  resources.Log - ****************************************************************************************
14:49:15.877 [main] INFO  resources.Log - Clicking on SingIn
14:49:19.034 [main] INFO  resources.Log - Entered the Email ID: knjyothi@kirusa.com
14:49:19.082 [main] INFO  resources.Log - Entered the password :Abcd@1234
14:49:22.912 [main] INFO  resources.Log - Clicked on Login Button
14:49:22.912 [main] INFO  resources.Log - Reading the Property file
14:49:22.913 [main] INFO  resources.Log - The Value of the DashboardURL Fetched from the Properties: https://stagingpartners.dotgo.com/developer/dashboard
14:49:22.924 [main] INFO  resources.Log - Successfully Logged in to the Dashboard
14:49:22.931 [main] INFO  resources.Log - XXXXXXXXXXXXXXXXXXXXXXX             -E---N---D-             XXXXXXXXXXXXXXXXXXXXXX
14:49:22.931 [main] INFO  resources.Log - X
14:49:22.931 [main] INFO  resources.Log - X
14:49:22.931 [main] INFO  resources.Log - X
14:49:22.931 [main] INFO  resources.Log - X
14:49:23.048 [main] INFO  resources.Log - Listener OnTestStart method CreateNewBot
14:49:23.048 [main] INFO  resources.Log - ****************************************************************************************
14:49:23.048 [main] INFO  resources.Log - ****************************************************************************************
14:49:23.048 [main] INFO  resources.Log - $$$$$$$$$$$$$$$$$$$$$                 CreateNewBot       $$$$$$$$$$$$$$$$$$$$$$$$$
14:49:23.048 [main] INFO  resources.Log - ****************************************************************************************
14:49:23.048 [main] INFO  resources.Log - ****************************************************************************************
14:49:23.049 [main] INFO  resources.Log - Clicking on SingIn
14:49:23.053 [main] INFO  resources.Log - Taking Screeshot of the webpage
14:49:23.054 [main] INFO  resources.Log - Taking Screeshot of the webpage
14:49:23.054 [main] INFO  resources.Log - came to flush
16:42:04.979 [main] INFO  resources.Log - Onstart
16:42:04.980 [main] INFO  resources.Log - Reading the Property file
16:42:04.980 [main] INFO  resources.Log - The Value of the Browser Fetched from the Properties: chrome
16:42:04.982 [main] INFO  resources.Log - Fetching the Browser value as chrome
16:42:04.982 [main] INFO  resources.Log - Invoking the chrome Browser
16:42:06.489 [main] INFO  resources.Log - Maximized the Browser window
16:42:06.495 [main] INFO  resources.Log - Reading the Property file
16:42:06.495 [main] INFO  resources.Log - The Value of the BaseURL Fetched from the Properties: https://stagingpartners.dotgo.com/
16:42:11.719 [main] INFO  resources.Log - Reading the Property file
16:42:11.719 [main] INFO  resources.Log - The Value of the Browser Fetched from the Properties: chrome
16:42:11.719 [main] INFO  resources.Log - Fetching the Browser value as chrome
16:42:11.719 [main] INFO  resources.Log - Invoking the chrome Browser
16:42:12.109 [main] INFO  resources.Log - Maximized the Browser window
16:42:12.111 [main] INFO  resources.Log - Reading the Property file
16:42:12.111 [main] INFO  resources.Log - The Value of the BaseURL Fetched from the Properties: https://stagingpartners.dotgo.com/
16:42:16.873 [main] INFO  resources.Log - Reading JSON to String
16:42:16.970 [main] INFO  resources.Log - Converting String to HashMap
16:43:41.799 [main] INFO  resources.Log - Onstart
16:43:41.803 [main] INFO  resources.Log - Reading the Property file
16:43:41.803 [main] INFO  resources.Log - The Value of the Browser Fetched from the Properties: chrome
16:43:41.805 [main] INFO  resources.Log - Fetching the Browser value as chrome
16:43:41.805 [main] INFO  resources.Log - Invoking the chrome Browser
16:43:43.253 [main] INFO  resources.Log - Maximized the Browser window
16:43:43.258 [main] INFO  resources.Log - Reading the Property file
16:43:43.258 [main] INFO  resources.Log - The Value of the BaseURL Fetched from the Properties: https://stagingpartners.dotgo.com/
16:43:50.250 [main] INFO  resources.Log - Reading the Property file
16:43:50.250 [main] INFO  resources.Log - The Value of the Browser Fetched from the Properties: chrome
16:43:50.250 [main] INFO  resources.Log - Fetching the Browser value as chrome
16:43:50.250 [main] INFO  resources.Log - Invoking the chrome Browser
16:43:50.651 [main] INFO  resources.Log - Maximized the Browser window
16:43:50.653 [main] INFO  resources.Log - Reading the Property file
16:43:50.653 [main] INFO  resources.Log - The Value of the BaseURL Fetched from the Properties: https://stagingpartners.dotgo.com/
16:44:00.887 [main] INFO  resources.Log - Reading JSON to String
16:44:01.055 [main] INFO  resources.Log - Converting String to HashMap
16:44:01.064 [main] INFO  resources.Log - Listener OnTestStart method loginPageTest
16:44:01.064 [main] INFO  resources.Log - ****************************************************************************************
16:44:01.064 [main] INFO  resources.Log - ****************************************************************************************
16:44:01.064 [main] INFO  resources.Log - $$$$$$$$$$$$$$$$$$$$$                 loginPageTest       $$$$$$$$$$$$$$$$$$$$$$$$$
16:44:01.064 [main] INFO  resources.Log - ****************************************************************************************
16:44:01.064 [main] INFO  resources.Log - ****************************************************************************************
16:44:01.079 [main] INFO  resources.Log - Clicking on SingIn
16:44:04.357 [main] INFO  resources.Log - Entered the Email ID: knjyothi@kirusa.com
16:44:04.401 [main] INFO  resources.Log - Entered the password :Abcd@1234
16:44:08.328 [main] INFO  resources.Log - Clicked on Login Button
16:44:08.328 [main] INFO  resources.Log - Reading the Property file
16:44:08.328 [main] INFO  resources.Log - The Value of the DashboardURL Fetched from the Properties: https://stagingpartners.dotgo.com/developer/dashboard
16:44:08.333 [main] INFO  resources.Log - Successfully Logged in to the Dashboard
16:44:08.338 [main] INFO  resources.Log - XXXXXXXXXXXXXXXXXXXXXXX             -E---N---D-             XXXXXXXXXXXXXXXXXXXXXX
16:44:08.338 [main] INFO  resources.Log - X
16:44:08.338 [main] INFO  resources.Log - X
16:44:08.338 [main] INFO  resources.Log - X
16:44:08.338 [main] INFO  resources.Log - X
16:44:08.452 [main] INFO  resources.Log - Listener OnTestStart method CreateNewBot
16:44:08.452 [main] INFO  resources.Log - ****************************************************************************************
16:44:08.452 [main] INFO  resources.Log - ****************************************************************************************
16:44:08.452 [main] INFO  resources.Log - $$$$$$$$$$$$$$$$$$$$$                 CreateNewBot       $$$$$$$$$$$$$$$$$$$$$$$$$
16:44:08.452 [main] INFO  resources.Log - ****************************************************************************************
16:44:08.452 [main] INFO  resources.Log - ****************************************************************************************
16:44:08.453 [main] INFO  resources.Log - Clicking on SingIn
16:44:08.455 [main] INFO  resources.Log - Taking Screeshot of the webpage
16:44:08.456 [main] INFO  resources.Log - Taking Screeshot of the webpage
16:44:08.456 [main] INFO  resources.Log - came to flush
16:45:14.350 [main] INFO  resources.Log - Onstart
16:45:14.352 [main] INFO  resources.Log - Reading the Property file
16:45:14.352 [main] INFO  resources.Log - The Value of the Browser Fetched from the Properties: chrome
16:45:14.354 [main] INFO  resources.Log - Fetching the Browser value as chrome
16:45:14.354 [main] INFO  resources.Log - Invoking the chrome Browser
16:45:15.465 [main] INFO  resources.Log - Maximized the Browser window
16:45:15.468 [main] INFO  resources.Log - Reading the Property file
16:45:15.468 [main] INFO  resources.Log - The Value of the BaseURL Fetched from the Properties: https://stagingpartners.dotgo.com/
16:45:21.971 [main] INFO  resources.Log - Reading the Property file
16:45:21.971 [main] INFO  resources.Log - The Value of the Browser Fetched from the Properties: chrome
16:45:21.971 [main] INFO  resources.Log - Fetching the Browser value as chrome
16:45:21.971 [main] INFO  resources.Log - Invoking the chrome Browser
16:45:22.500 [main] INFO  resources.Log - Maximized the Browser window
16:45:22.508 [main] INFO  resources.Log - Reading the Property file
16:45:22.509 [main] INFO  resources.Log - The Value of the BaseURL Fetched from the Properties: https://stagingpartners.dotgo.com/
16:45:28.295 [main] INFO  resources.Log - Reading JSON to String
16:45:28.439 [main] INFO  resources.Log - Converting String to HashMap
16:45:28.447 [main] INFO  resources.Log - Listener OnTestStart method loginPageTest
16:45:28.447 [main] INFO  resources.Log - ****************************************************************************************
16:45:28.447 [main] INFO  resources.Log - ****************************************************************************************
16:45:28.447 [main] INFO  resources.Log - $$$$$$$$$$$$$$$$$$$$$                 loginPageTest       $$$$$$$$$$$$$$$$$$$$$$$$$
16:45:28.447 [main] INFO  resources.Log - ****************************************************************************************
16:45:28.447 [main] INFO  resources.Log - ****************************************************************************************
16:45:28.457 [main] INFO  resources.Log - Clicking on SingIn
16:45:31.835 [main] INFO  resources.Log - Entered the Email ID: knjyothi@kirusa.com
16:45:31.878 [main] INFO  resources.Log - Entered the password :Abcd@1234
16:45:43.472 [main] INFO  resources.Log - Clicked on Login Button
16:45:43.472 [main] INFO  resources.Log - Reading the Property file
16:45:43.472 [main] INFO  resources.Log - The Value of the DashboardURL Fetched from the Properties: https://stagingpartners.dotgo.com/developer/dashboard
16:45:43.475 [main] INFO  resources.Log - Successfully Logged in to the Dashboard
16:45:43.478 [main] INFO  resources.Log - XXXXXXXXXXXXXXXXXXXXXXX             -E---N---D-             XXXXXXXXXXXXXXXXXXXXXX
16:45:43.478 [main] INFO  resources.Log - X
16:45:43.478 [main] INFO  resources.Log - X
16:45:43.478 [main] INFO  resources.Log - X
16:45:43.478 [main] INFO  resources.Log - X
16:45:43.593 [main] INFO  resources.Log - Listener OnTestStart method CreateNewBot
16:45:43.593 [main] INFO  resources.Log - ****************************************************************************************
16:45:43.593 [main] INFO  resources.Log - ****************************************************************************************
16:45:43.593 [main] INFO  resources.Log - $$$$$$$$$$$$$$$$$$$$$                 CreateNewBot       $$$$$$$$$$$$$$$$$$$$$$$$$
16:45:43.593 [main] INFO  resources.Log - ****************************************************************************************
16:45:43.593 [main] INFO  resources.Log - ****************************************************************************************
16:45:43.595 [main] INFO  resources.Log - Clicking on SingIn
16:45:43.598 [main] INFO  resources.Log - Taking Screeshot of the webpage
16:45:43.598 [main] INFO  resources.Log - Taking Screeshot of the webpage
16:45:43.598 [main] INFO  resources.Log - came to flush
16:53:58.880 [main] INFO  resources.Log - Onstart
16:53:58.882 [main] INFO  resources.Log - Reading the Property file
16:53:58.882 [main] INFO  resources.Log - The Value of the Browser Fetched from the Properties: chrome
16:53:58.884 [main] INFO  resources.Log - Fetching the Browser value as chrome
16:53:58.885 [main] INFO  resources.Log - Invoking the chrome Browser
16:54:00.641 [main] INFO  resources.Log - Maximized the Browser window
16:54:00.648 [main] INFO  resources.Log - Reading the Property file
16:54:00.648 [main] INFO  resources.Log - The Value of the BaseURL Fetched from the Properties: https://stagingpartners.dotgo.com/
16:54:05.575 [main] INFO  resources.Log - Reading the Property file
16:54:05.575 [main] INFO  resources.Log - The Value of the Browser Fetched from the Properties: chrome
16:54:05.575 [main] INFO  resources.Log - Fetching the Browser value as chrome
16:54:05.575 [main] INFO  resources.Log - Invoking the chrome Browser
16:54:06.261 [main] INFO  resources.Log - Maximized the Browser window
16:54:06.267 [main] INFO  resources.Log - Reading the Property file
16:54:06.267 [main] INFO  resources.Log - The Value of the BaseURL Fetched from the Properties: https://stagingpartners.dotgo.com/
16:54:10.559 [main] INFO  resources.Log - Reading JSON to String
16:54:10.758 [main] INFO  resources.Log - Converting String to HashMap
16:54:10.769 [main] INFO  resources.Log - Listener OnTestStart method loginPageTest
16:54:10.770 [main] INFO  resources.Log - ****************************************************************************************
16:54:10.770 [main] INFO  resources.Log - ****************************************************************************************
16:54:10.770 [main] INFO  resources.Log - $$$$$$$$$$$$$$$$$$$$$                 loginPageTest       $$$$$$$$$$$$$$$$$$$$$$$$$
16:54:10.770 [main] INFO  resources.Log - ****************************************************************************************
16:54:10.770 [main] INFO  resources.Log - ****************************************************************************************
16:54:10.784 [main] INFO  resources.Log - Clicking on SingIn
16:54:13.917 [main] INFO  resources.Log - Entered the Email ID: knjyothi@kirusa.com
16:54:14.003 [main] INFO  resources.Log - Entered the password :Abcd@1234
16:54:18.174 [main] INFO  resources.Log - Clicked on Login Button
16:54:18.174 [main] INFO  resources.Log - Reading the Property file
16:54:18.174 [main] INFO  resources.Log - The Value of the DashboardURL Fetched from the Properties: https://stagingpartners.dotgo.com/developer/dashboard
16:54:18.190 [main] INFO  resources.Log - Successfully Logged in to the Dashboard
16:54:18.195 [main] INFO  resources.Log - XXXXXXXXXXXXXXXXXXXXXXX             -E---N---D-             XXXXXXXXXXXXXXXXXXXXXX
16:54:18.195 [main] INFO  resources.Log - X
16:54:18.195 [main] INFO  resources.Log - X
16:54:18.195 [main] INFO  resources.Log - X
16:54:18.195 [main] INFO  resources.Log - X
16:54:18.311 [main] INFO  resources.Log - Listener OnTestStart method CreateNewBot
16:54:18.312 [main] INFO  resources.Log - ****************************************************************************************
